[35m[1mConsolidate compiler generated dependencies of target cipher_interfaces__rosidl_generator_c[0m
[  2%] Built target cipher_interfaces__cpp
[  2%] Built target ament_cmake_python_copy_cipher_interfaces
[ 12%] Built target cipher_interfaces__rosidl_generator_c
[35m[1mConsolidate compiler generated dependencies of target cipher_interfaces__rosidl_typesupport_fastrtps_cpp[0m
[35m[1mConsolidate compiler generated dependencies of target cipher_interfaces__rosidl_typesupport_cpp[0m
[35m[1mConsolidate compiler generated dependencies of target cipher_interfaces__rosidl_typesupport_introspection_cpp[0m
[ 23%] Built target cipher_interfaces__rosidl_typesupport_fastrtps_cpp
[ 43%] Built target cipher_interfaces__rosidl_typesupport_introspection_cpp
[ 43%] Built target cipher_interfaces__rosidl_typesupport_cpp
[35m[1mConsolidate compiler generated dependencies of target cipher_interfaces__rosidl_typesupport_fastrtps_c[0m
[35m[1mConsolidate compiler generated dependencies of target cipher_interfaces__rosidl_typesupport_c[0m
[35m[1mConsolidate compiler generated dependencies of target cipher_interfaces__rosidl_typesupport_introspection_c[0m
[ 53%] Built target cipher_interfaces__rosidl_typesupport_fastrtps_c
[ 64%] Built target cipher_interfaces__rosidl_typesupport_c
[ 74%] Built target cipher_interfaces__rosidl_typesupport_introspection_c
[ 74%] Built target cipher_interfaces
[ 76%] Built target cipher_interfaces__py
[35m[1mConsolidate compiler generated dependencies of target cipher_interfaces__rosidl_generator_py[0m
[ 84%] Built target cipher_interfaces__rosidl_generator_py
[35m[1mConsolidate compiler generated dependencies of target cipher_interfaces__rosidl_typesupport_fastrtps_c__pyext[0m
[35m[1mConsolidate compiler generated dependencies of target cipher_interfaces__rosidl_typesupport_c__pyext[0m
[35m[1mConsolidate compiler generated dependencies of target cipher_interfaces__rosidl_typesupport_introspection_c__pyext[0m
[ 92%] Built target cipher_interfaces__rosidl_typesupport_fastrtps_c__pyext
[ 94%] Built target cipher_interfaces__rosidl_typesupport_c__pyext
[100%] Built target cipher_interfaces__rosidl_typesupport_introspection_c__pyext
running egg_info
writing cipher_interfaces.egg-info/PKG-INFO
writing dependency_links to cipher_interfaces.egg-info/dependency_links.txt
writing top-level names to cipher_interfaces.egg-info/top_level.txt
reading manifest file 'cipher_interfaces.egg-info/SOURCES.txt'
writing manifest file 'cipher_interfaces.egg-info/SOURCES.txt'
[100%] Built target ament_cmake_python_build_cipher_interfaces_egg
-- Install configuration: ""
-- Up-to-date: /home/michaeltanto/Documents/Programming/AVTA_WS/install/cipher_interfaces/share/ament_index/resource_index/rosidl_interfaces/cipher_interfaces
-- Up-to-date: /home/michaeltanto/Documents/Programming/AVTA_WS/install/cipher_interfaces/include/cipher_interfaces/cipher_interfaces
-- Up-to-date: /home/michaeltanto/Documents/Programming/AVTA_WS/install/cipher_interfaces/include/cipher_interfaces/cipher_interfaces/msg
-- Up-to-date: /home/michaeltanto/Documents/Programming/AVTA_WS/install/cipher_interfaces/include/cipher_interfaces/cipher_interfaces/msg/cipher_message.h
-- Up-to-date: /home/michaeltanto/Documents/Programming/AVTA_WS/install/cipher_interfaces/include/cipher_interfaces/cipher_interfaces/msg/detail
-- Up-to-date: /home/michaeltanto/Documents/Programming/AVTA_WS/install/cipher_interfaces/include/cipher_interfaces/cipher_interfaces/msg/detail/cipher_message__functions.c
-- Up-to-date: /home/michaeltanto/Documents/Programming/AVTA_WS/install/cipher_interfaces/include/cipher_interfaces/cipher_interfaces/msg/detail/cipher_message__struct.h
-- Up-to-date: /home/michaeltanto/Documents/Programming/AVTA_WS/install/cipher_interfaces/include/cipher_interfaces/cipher_interfaces/msg/detail/cipher_message__functions.h
-- Up-to-date: /home/michaeltanto/Documents/Programming/AVTA_WS/install/cipher_interfaces/include/cipher_interfaces/cipher_interfaces/msg/detail/cipher_message__type_support.h
-- Up-to-date: /home/michaeltanto/Documents/Programming/AVTA_WS/install/cipher_interfaces/include/cipher_interfaces/cipher_interfaces/msg/rosidl_generator_c__visibility_control.h
-- Up-to-date: /home/michaeltanto/Documents/Programming/AVTA_WS/install/cipher_interfaces/include/cipher_interfaces/cipher_interfaces/srv
-- Up-to-date: /home/michaeltanto/Documents/Programming/AVTA_WS/install/cipher_interfaces/include/cipher_interfaces/cipher_interfaces/srv/cipher_answer.h
-- Up-to-date: /home/michaeltanto/Documents/Programming/AVTA_WS/install/cipher_interfaces/include/cipher_interfaces/cipher_interfaces/srv/detail
-- Up-to-date: /home/michaeltanto/Documents/Programming/AVTA_WS/install/cipher_interfaces/include/cipher_interfaces/cipher_interfaces/srv/detail/cipher_answer__functions.c
-- Up-to-date: /home/michaeltanto/Documents/Programming/AVTA_WS/install/cipher_interfaces/include/cipher_interfaces/cipher_interfaces/srv/detail/cipher_answer__struct.h
-- Up-to-date: /home/michaeltanto/Documents/Programming/AVTA_WS/install/cipher_interfaces/include/cipher_interfaces/cipher_interfaces/srv/detail/cipher_answer__functions.h
-- Up-to-date: /home/michaeltanto/Documents/Programming/AVTA_WS/install/cipher_interfaces/include/cipher_interfaces/cipher_interfaces/srv/detail/cipher_answer__type_support.h
-- Up-to-date: /home/michaeltanto/Documents/Programming/AVTA_WS/install/cipher_interfaces/share/cipher_interfaces/environment/library_path.sh
-- Up-to-date: /home/michaeltanto/Documents/Programming/AVTA_WS/install/cipher_interfaces/share/cipher_interfaces/environment/library_path.dsv
-- Up-to-date: /home/michaeltanto/Documents/Programming/AVTA_WS/install/cipher_interfaces/lib/libcipher_interfaces__rosidl_generator_c.so
-- Up-to-date: /home/michaeltanto/Documents/Programming/AVTA_WS/install/cipher_interfaces/include/cipher_interfaces/cipher_interfaces
-- Up-to-date: /home/michaeltanto/Documents/Programming/AVTA_WS/install/cipher_interfaces/include/cipher_interfaces/cipher_interfaces/msg
-- Up-to-date: /home/michaeltanto/Documents/Programming/AVTA_WS/install/cipher_interfaces/include/cipher_interfaces/cipher_interfaces/msg/rosidl_typesupport_fastrtps_c__visibility_control.h
-- Up-to-date: /home/michaeltanto/Documents/Programming/AVTA_WS/install/cipher_interfaces/include/cipher_interfaces/cipher_interfaces/msg/detail
-- Up-to-date: /home/michaeltanto/Documents/Programming/AVTA_WS/install/cipher_interfaces/include/cipher_interfaces/cipher_interfaces/msg/detail/cipher_message__rosidl_typesupport_fastrtps_c.h
-- Up-to-date: /home/michaeltanto/Documents/Programming/AVTA_WS/install/cipher_interfaces/include/cipher_interfaces/cipher_interfaces/srv
-- Up-to-date: /home/michaeltanto/Documents/Programming/AVTA_WS/install/cipher_interfaces/include/cipher_interfaces/cipher_interfaces/srv/detail
-- Up-to-date: /home/michaeltanto/Documents/Programming/AVTA_WS/install/cipher_interfaces/include/cipher_interfaces/cipher_interfaces/srv/detail/cipher_answer__rosidl_typesupport_fastrtps_c.h
-- Up-to-date: /home/michaeltanto/Documents/Programming/AVTA_WS/install/cipher_interfaces/lib/libcipher_interfaces__rosidl_typesupport_fastrtps_c.so
-- Up-to-date: /home/michaeltanto/Documents/Programming/AVTA_WS/install/cipher_interfaces/include/cipher_interfaces/cipher_interfaces
-- Up-to-date: /home/michaeltanto/Documents/Programming/AVTA_WS/install/cipher_interfaces/include/cipher_interfaces/cipher_interfaces/msg
-- Up-to-date: /home/michaeltanto/Documents/Programming/AVTA_WS/install/cipher_interfaces/include/cipher_interfaces/cipher_interfaces/msg/detail
-- Up-to-date: /home/michaeltanto/Documents/Programming/AVTA_WS/install/cipher_interfaces/include/cipher_interfaces/cipher_interfaces/msg/detail/cipher_message__type_support.c
-- Up-to-date: /home/michaeltanto/Documents/Programming/AVTA_WS/install/cipher_interfaces/include/cipher_interfaces/cipher_interfaces/msg/detail/cipher_message__rosidl_typesupport_introspection_c.h
-- Up-to-date: /home/michaeltanto/Documents/Programming/AVTA_WS/install/cipher_interfaces/include/cipher_interfaces/cipher_interfaces/msg/rosidl_typesupport_introspection_c__visibility_control.h
-- Up-to-date: /home/michaeltanto/Documents/Programming/AVTA_WS/install/cipher_interfaces/include/cipher_interfaces/cipher_interfaces/srv
-- Up-to-date: /home/michaeltanto/Documents/Programming/AVTA_WS/install/cipher_interfaces/include/cipher_interfaces/cipher_interfaces/srv/detail
-- Up-to-date: /home/michaeltanto/Documents/Programming/AVTA_WS/install/cipher_interfaces/include/cipher_interfaces/cipher_interfaces/srv/detail/cipher_answer__rosidl_typesupport_introspection_c.h
-- Up-to-date: /home/michaeltanto/Documents/Programming/AVTA_WS/install/cipher_interfaces/include/cipher_interfaces/cipher_interfaces/srv/detail/cipher_answer__type_support.c
-- Up-to-date: /home/michaeltanto/Documents/Programming/AVTA_WS/install/cipher_interfaces/lib/libcipher_interfaces__rosidl_typesupport_introspection_c.so
-- Up-to-date: /home/michaeltanto/Documents/Programming/AVTA_WS/install/cipher_interfaces/lib/libcipher_interfaces__rosidl_typesupport_c.so
-- Up-to-date: /home/michaeltanto/Documents/Programming/AVTA_WS/install/cipher_interfaces/include/cipher_interfaces/cipher_interfaces
-- Up-to-date: /home/michaeltanto/Documents/Programming/AVTA_WS/install/cipher_interfaces/include/cipher_interfaces/cipher_interfaces/msg
-- Up-to-date: /home/michaeltanto/Documents/Programming/AVTA_WS/install/cipher_interfaces/include/cipher_interfaces/cipher_interfaces/msg/cipher_message.hpp
-- Up-to-date: /home/michaeltanto/Documents/Programming/AVTA_WS/install/cipher_interfaces/include/cipher_interfaces/cipher_interfaces/msg/detail
-- Up-to-date: /home/michaeltanto/Documents/Programming/AVTA_WS/install/cipher_interfaces/include/cipher_interfaces/cipher_interfaces/msg/detail/cipher_message__traits.hpp
-- Up-to-date: /home/michaeltanto/Documents/Programming/AVTA_WS/install/cipher_interfaces/include/cipher_interfaces/cipher_interfaces/msg/detail/cipher_message__struct.hpp
-- Up-to-date: /home/michaeltanto/Documents/Programming/AVTA_WS/install/cipher_interfaces/include/cipher_interfaces/cipher_interfaces/msg/detail/cipher_message__builder.hpp
-- Up-to-date: /home/michaeltanto/Documents/Programming/AVTA_WS/install/cipher_interfaces/include/cipher_interfaces/cipher_interfaces/srv
-- Up-to-date: /home/michaeltanto/Documents/Programming/AVTA_WS/install/cipher_interfaces/include/cipher_interfaces/cipher_interfaces/srv/detail
-- Up-to-date: /home/michaeltanto/Documents/Programming/AVTA_WS/install/cipher_interfaces/include/cipher_interfaces/cipher_interfaces/srv/detail/cipher_answer__builder.hpp
-- Up-to-date: /home/michaeltanto/Documents/Programming/AVTA_WS/install/cipher_interfaces/include/cipher_interfaces/cipher_interfaces/srv/detail/cipher_answer__traits.hpp
-- Up-to-date: /home/michaeltanto/Documents/Programming/AVTA_WS/install/cipher_interfaces/include/cipher_interfaces/cipher_interfaces/srv/detail/cipher_answer__struct.hpp
-- Up-to-date: /home/michaeltanto/Documents/Programming/AVTA_WS/install/cipher_interfaces/include/cipher_interfaces/cipher_interfaces/srv/cipher_answer.hpp
-- Up-to-date: /home/michaeltanto/Documents/Programming/AVTA_WS/install/cipher_interfaces/include/cipher_interfaces/cipher_interfaces
-- Up-to-date: /home/michaeltanto/Documents/Programming/AVTA_WS/install/cipher_interfaces/include/cipher_interfaces/cipher_interfaces/msg
-- Up-to-date: /home/michaeltanto/Documents/Programming/AVTA_WS/install/cipher_interfaces/include/cipher_interfaces/cipher_interfaces/msg/rosidl_typesupport_fastrtps_cpp__visibility_control.h
-- Up-to-date: /home/michaeltanto/Documents/Programming/AVTA_WS/install/cipher_interfaces/include/cipher_interfaces/cipher_interfaces/msg/detail
-- Up-to-date: /home/michaeltanto/Documents/Programming/AVTA_WS/install/cipher_interfaces/include/cipher_interfaces/cipher_interfaces/msg/detail/dds_fastrtps
-- Up-to-date: /home/michaeltanto/Documents/Programming/AVTA_WS/install/cipher_interfaces/include/cipher_interfaces/cipher_interfaces/msg/detail/cipher_message__rosidl_typesupport_fastrtps_cpp.hpp
-- Up-to-date: /home/michaeltanto/Documents/Programming/AVTA_WS/install/cipher_interfaces/include/cipher_interfaces/cipher_interfaces/srv
-- Up-to-date: /home/michaeltanto/Documents/Programming/AVTA_WS/install/cipher_interfaces/include/cipher_interfaces/cipher_interfaces/srv/detail
-- Up-to-date: /home/michaeltanto/Documents/Programming/AVTA_WS/install/cipher_interfaces/include/cipher_interfaces/cipher_interfaces/srv/detail/cipher_answer__rosidl_typesupport_fastrtps_cpp.hpp
-- Up-to-date: /home/michaeltanto/Documents/Programming/AVTA_WS/install/cipher_interfaces/include/cipher_interfaces/cipher_interfaces/srv/detail/dds_fastrtps
-- Up-to-date: /home/michaeltanto/Documents/Programming/AVTA_WS/install/cipher_interfaces/lib/libcipher_interfaces__rosidl_typesupport_fastrtps_cpp.so
-- Up-to-date: /home/michaeltanto/Documents/Programming/AVTA_WS/install/cipher_interfaces/include/cipher_interfaces/cipher_interfaces
-- Up-to-date: /home/michaeltanto/Documents/Programming/AVTA_WS/install/cipher_interfaces/include/cipher_interfaces/cipher_interfaces/msg
-- Up-to-date: /home/michaeltanto/Documents/Programming/AVTA_WS/install/cipher_interfaces/include/cipher_interfaces/cipher_interfaces/msg/detail
-- Up-to-date: /home/michaeltanto/Documents/Programming/AVTA_WS/install/cipher_interfaces/include/cipher_interfaces/cipher_interfaces/msg/detail/cipher_message__type_support.cpp
-- Up-to-date: /home/michaeltanto/Documents/Programming/AVTA_WS/install/cipher_interfaces/include/cipher_interfaces/cipher_interfaces/msg/detail/cipher_message__rosidl_typesupport_introspection_cpp.hpp
-- Up-to-date: /home/michaeltanto/Documents/Programming/AVTA_WS/install/cipher_interfaces/include/cipher_interfaces/cipher_interfaces/srv
-- Up-to-date: /home/michaeltanto/Documents/Programming/AVTA_WS/install/cipher_interfaces/include/cipher_interfaces/cipher_interfaces/srv/detail
-- Up-to-date: /home/michaeltanto/Documents/Programming/AVTA_WS/install/cipher_interfaces/include/cipher_interfaces/cipher_interfaces/srv/detail/cipher_answer__rosidl_typesupport_introspection_cpp.hpp
-- Up-to-date: /home/michaeltanto/Documents/Programming/AVTA_WS/install/cipher_interfaces/include/cipher_interfaces/cipher_interfaces/srv/detail/cipher_answer__type_support.cpp
-- Up-to-date: /home/michaeltanto/Documents/Programming/AVTA_WS/install/cipher_interfaces/lib/libcipher_interfaces__rosidl_typesupport_introspection_cpp.so
-- Up-to-date: /home/michaeltanto/Documents/Programming/AVTA_WS/install/cipher_interfaces/lib/libcipher_interfaces__rosidl_typesupport_cpp.so
-- Up-to-date: /home/michaeltanto/Documents/Programming/AVTA_WS/install/cipher_interfaces/share/cipher_interfaces/environment/pythonpath.sh
-- Up-to-date: /home/michaeltanto/Documents/Programming/AVTA_WS/install/cipher_interfaces/share/cipher_interfaces/environment/pythonpath.dsv
-- Up-to-date: /home/michaeltanto/Documents/Programming/AVTA_WS/install/cipher_interfaces/local/lib/python3.10/dist-packages/cipher_interfaces-0.0.0-py3.10.egg-info
-- Installing: /home/michaeltanto/Documents/Programming/AVTA_WS/install/cipher_interfaces/local/lib/python3.10/dist-packages/cipher_interfaces-0.0.0-py3.10.egg-info/top_level.txt
-- Installing: /home/michaeltanto/Documents/Programming/AVTA_WS/install/cipher_interfaces/local/lib/python3.10/dist-packages/cipher_interfaces-0.0.0-py3.10.egg-info/SOURCES.txt
-- Installing: /home/michaeltanto/Documents/Programming/AVTA_WS/install/cipher_interfaces/local/lib/python3.10/dist-packages/cipher_interfaces-0.0.0-py3.10.egg-info/PKG-INFO
-- Installing: /home/michaeltanto/Documents/Programming/AVTA_WS/install/cipher_interfaces/local/lib/python3.10/dist-packages/cipher_interfaces-0.0.0-py3.10.egg-info/dependency_links.txt
-- Up-to-date: /home/michaeltanto/Documents/Programming/AVTA_WS/install/cipher_interfaces/local/lib/python3.10/dist-packages/cipher_interfaces
-- Up-to-date: /home/michaeltanto/Documents/Programming/AVTA_WS/install/cipher_interfaces/local/lib/python3.10/dist-packages/cipher_interfaces/msg
-- Up-to-date: /home/michaeltanto/Documents/Programming/AVTA_WS/install/cipher_interfaces/local/lib/python3.10/dist-packages/cipher_interfaces/msg/_cipher_message_s.c
-- Up-to-date: /home/michaeltanto/Documents/Programming/AVTA_WS/install/cipher_interfaces/local/lib/python3.10/dist-packages/cipher_interfaces/msg/__init__.py
-- Up-to-date: /home/michaeltanto/Documents/Programming/AVTA_WS/install/cipher_interfaces/local/lib/python3.10/dist-packages/cipher_interfaces/msg/_cipher_message.py
-- Up-to-date: /home/michaeltanto/Documents/Programming/AVTA_WS/install/cipher_interfaces/local/lib/python3.10/dist-packages/cipher_interfaces/cipher_interfaces_s__rosidl_typesupport_introspection_c.cpython-310-aarch64-linux-gnu.so
-- Up-to-date: /home/michaeltanto/Documents/Programming/AVTA_WS/install/cipher_interfaces/local/lib/python3.10/dist-packages/cipher_interfaces/libcipher_interfaces__rosidl_generator_py.so
-- Up-to-date: /home/michaeltanto/Documents/Programming/AVTA_WS/install/cipher_interfaces/local/lib/python3.10/dist-packages/cipher_interfaces/_cipher_interfaces_s.ep.rosidl_typesupport_introspection_c.c
-- Up-to-date: /home/michaeltanto/Documents/Programming/AVTA_WS/install/cipher_interfaces/local/lib/python3.10/dist-packages/cipher_interfaces/cipher_interfaces_s__rosidl_typesupport_c.cpython-310-aarch64-linux-gnu.so
-- Up-to-date: /home/michaeltanto/Documents/Programming/AVTA_WS/install/cipher_interfaces/local/lib/python3.10/dist-packages/cipher_interfaces/_cipher_interfaces_s.ep.rosidl_typesupport_fastrtps_c.c
-- Up-to-date: /home/michaeltanto/Documents/Programming/AVTA_WS/install/cipher_interfaces/local/lib/python3.10/dist-packages/cipher_interfaces/cipher_interfaces_s__rosidl_typesupport_fastrtps_c.cpython-310-aarch64-linux-gnu.so
-- Up-to-date: /home/michaeltanto/Documents/Programming/AVTA_WS/install/cipher_interfaces/local/lib/python3.10/dist-packages/cipher_interfaces/__init__.py
-- Up-to-date: /home/michaeltanto/Documents/Programming/AVTA_WS/install/cipher_interfaces/local/lib/python3.10/dist-packages/cipher_interfaces/_cipher_interfaces_s.ep.rosidl_typesupport_c.c
-- Up-to-date: /home/michaeltanto/Documents/Programming/AVTA_WS/install/cipher_interfaces/local/lib/python3.10/dist-packages/cipher_interfaces/srv
-- Up-to-date: /home/michaeltanto/Documents/Programming/AVTA_WS/install/cipher_interfaces/local/lib/python3.10/dist-packages/cipher_interfaces/srv/__init__.py
-- Up-to-date: /home/michaeltanto/Documents/Programming/AVTA_WS/install/cipher_interfaces/local/lib/python3.10/dist-packages/cipher_interfaces/srv/_cipher_answer_s.c
-- Up-to-date: /home/michaeltanto/Documents/Programming/AVTA_WS/install/cipher_interfaces/local/lib/python3.10/dist-packages/cipher_interfaces/srv/_cipher_answer.py
Listing '/home/michaeltanto/Documents/Programming/AVTA_WS/install/cipher_interfaces/local/lib/python3.10/dist-packages/cipher_interfaces'...
Listing '/home/michaeltanto/Documents/Programming/AVTA_WS/install/cipher_interfaces/local/lib/python3.10/dist-packages/cipher_interfaces/msg'...
Listing '/home/michaeltanto/Documents/Programming/AVTA_WS/install/cipher_interfaces/local/lib/python3.10/dist-packages/cipher_interfaces/srv'...
-- Up-to-date: /home/michaeltanto/Documents/Programming/AVTA_WS/install/cipher_interfaces/local/lib/python3.10/dist-packages/cipher_interfaces/cipher_interfaces_s__rosidl_typesupport_fastrtps_c.cpython-310-aarch64-linux-gnu.so
-- Up-to-date: /home/michaeltanto/Documents/Programming/AVTA_WS/install/cipher_interfaces/local/lib/python3.10/dist-packages/cipher_interfaces/cipher_interfaces_s__rosidl_typesupport_introspection_c.cpython-310-aarch64-linux-gnu.so
-- Up-to-date: /home/michaeltanto/Documents/Programming/AVTA_WS/install/cipher_interfaces/local/lib/python3.10/dist-packages/cipher_interfaces/cipher_interfaces_s__rosidl_typesupport_c.cpython-310-aarch64-linux-gnu.so
-- Up-to-date: /home/michaeltanto/Documents/Programming/AVTA_WS/install/cipher_interfaces/lib/libcipher_interfaces__rosidl_generator_py.so
-- Up-to-date: /home/michaeltanto/Documents/Programming/AVTA_WS/install/cipher_interfaces/share/cipher_interfaces/msg/CipherMessage.idl
-- Up-to-date: /home/michaeltanto/Documents/Programming/AVTA_WS/install/cipher_interfaces/share/cipher_interfaces/srv/CipherAnswer.idl
-- Up-to-date: /home/michaeltanto/Documents/Programming/AVTA_WS/install/cipher_interfaces/share/cipher_interfaces/msg/CipherMessage.msg
-- Up-to-date: /home/michaeltanto/Documents/Programming/AVTA_WS/install/cipher_interfaces/share/cipher_interfaces/srv/CipherAnswer.srv
-- Up-to-date: /home/michaeltanto/Documents/Programming/AVTA_WS/install/cipher_interfaces/share/cipher_interfaces/srv/CipherAnswer_Request.msg
-- Up-to-date: /home/michaeltanto/Documents/Programming/AVTA_WS/install/cipher_interfaces/share/cipher_interfaces/srv/CipherAnswer_Response.msg
-- Up-to-date: /home/michaeltanto/Documents/Programming/AVTA_WS/install/cipher_interfaces/share/ament_index/resource_index/package_run_dependencies/cipher_interfaces
-- Up-to-date: /home/michaeltanto/Documents/Programming/AVTA_WS/install/cipher_interfaces/share/ament_index/resource_index/parent_prefix_path/cipher_interfaces
-- Up-to-date: /home/michaeltanto/Documents/Programming/AVTA_WS/install/cipher_interfaces/share/cipher_interfaces/environment/ament_prefix_path.sh
-- Up-to-date: /home/michaeltanto/Documents/Programming/AVTA_WS/install/cipher_interfaces/share/cipher_interfaces/environment/ament_prefix_path.dsv
-- Up-to-date: /home/michaeltanto/Documents/Programming/AVTA_WS/install/cipher_interfaces/share/cipher_interfaces/environment/path.sh
-- Up-to-date: /home/michaeltanto/Documents/Programming/AVTA_WS/install/cipher_interfaces/share/cipher_interfaces/environment/path.dsv
-- Up-to-date: /home/michaeltanto/Documents/Programming/AVTA_WS/install/cipher_interfaces/share/cipher_interfaces/local_setup.bash
-- Up-to-date: /home/michaeltanto/Documents/Programming/AVTA_WS/install/cipher_interfaces/share/cipher_interfaces/local_setup.sh
-- Up-to-date: /home/michaeltanto/Documents/Programming/AVTA_WS/install/cipher_interfaces/share/cipher_interfaces/local_setup.zsh
-- Up-to-date: /home/michaeltanto/Documents/Programming/AVTA_WS/install/cipher_interfaces/share/cipher_interfaces/local_setup.dsv
-- Installing: /home/michaeltanto/Documents/Programming/AVTA_WS/install/cipher_interfaces/share/cipher_interfaces/package.dsv
-- Up-to-date: /home/michaeltanto/Documents/Programming/AVTA_WS/install/cipher_interfaces/share/ament_index/resource_index/packages/cipher_interfaces
-- Up-to-date: /home/michaeltanto/Documents/Programming/AVTA_WS/install/cipher_interfaces/share/cipher_interfaces/cmake/export_cipher_interfaces__rosidl_generator_cExport.cmake
-- Up-to-date: /home/michaeltanto/Documents/Programming/AVTA_WS/install/cipher_interfaces/share/cipher_interfaces/cmake/export_cipher_interfaces__rosidl_generator_cExport-noconfig.cmake
-- Up-to-date: /home/michaeltanto/Documents/Programming/AVTA_WS/install/cipher_interfaces/share/cipher_interfaces/cmake/export_cipher_interfaces__rosidl_typesupport_fastrtps_cExport.cmake
-- Up-to-date: /home/michaeltanto/Documents/Programming/AVTA_WS/install/cipher_interfaces/share/cipher_interfaces/cmake/export_cipher_interfaces__rosidl_typesupport_fastrtps_cExport-noconfig.cmake
-- Up-to-date: /home/michaeltanto/Documents/Programming/AVTA_WS/install/cipher_interfaces/share/cipher_interfaces/cmake/cipher_interfaces__rosidl_typesupport_introspection_cExport.cmake
-- Up-to-date: /home/michaeltanto/Documents/Programming/AVTA_WS/install/cipher_interfaces/share/cipher_interfaces/cmake/cipher_interfaces__rosidl_typesupport_introspection_cExport-noconfig.cmake
-- Up-to-date: /home/michaeltanto/Documents/Programming/AVTA_WS/install/cipher_interfaces/share/cipher_interfaces/cmake/cipher_interfaces__rosidl_typesupport_cExport.cmake
-- Up-to-date: /home/michaeltanto/Documents/Programming/AVTA_WS/install/cipher_interfaces/share/cipher_interfaces/cmake/cipher_interfaces__rosidl_typesupport_cExport-noconfig.cmake
-- Up-to-date: /home/michaeltanto/Documents/Programming/AVTA_WS/install/cipher_interfaces/share/cipher_interfaces/cmake/export_cipher_interfaces__rosidl_generator_cppExport.cmake
-- Up-to-date: /home/michaeltanto/Documents/Programming/AVTA_WS/install/cipher_interfaces/share/cipher_interfaces/cmake/export_cipher_interfaces__rosidl_typesupport_fastrtps_cppExport.cmake
-- Up-to-date: /home/michaeltanto/Documents/Programming/AVTA_WS/install/cipher_interfaces/share/cipher_interfaces/cmake/export_cipher_interfaces__rosidl_typesupport_fastrtps_cppExport-noconfig.cmake
-- Up-to-date: /home/michaeltanto/Documents/Programming/AVTA_WS/install/cipher_interfaces/share/cipher_interfaces/cmake/cipher_interfaces__rosidl_typesupport_introspection_cppExport.cmake
-- Up-to-date: /home/michaeltanto/Documents/Programming/AVTA_WS/install/cipher_interfaces/share/cipher_interfaces/cmake/cipher_interfaces__rosidl_typesupport_introspection_cppExport-noconfig.cmake
-- Up-to-date: /home/michaeltanto/Documents/Programming/AVTA_WS/install/cipher_interfaces/share/cipher_interfaces/cmake/cipher_interfaces__rosidl_typesupport_cppExport.cmake
-- Up-to-date: /home/michaeltanto/Documents/Programming/AVTA_WS/install/cipher_interfaces/share/cipher_interfaces/cmake/cipher_interfaces__rosidl_typesupport_cppExport-noconfig.cmake
-- Up-to-date: /home/michaeltanto/Documents/Programming/AVTA_WS/install/cipher_interfaces/share/cipher_interfaces/cmake/export_cipher_interfaces__rosidl_generator_pyExport.cmake
-- Up-to-date: /home/michaeltanto/Documents/Programming/AVTA_WS/install/cipher_interfaces/share/cipher_interfaces/cmake/export_cipher_interfaces__rosidl_generator_pyExport-noconfig.cmake
-- Up-to-date: /home/michaeltanto/Documents/Programming/AVTA_WS/install/cipher_interfaces/share/cipher_interfaces/cmake/rosidl_cmake-extras.cmake
-- Up-to-date: /home/michaeltanto/Documents/Programming/AVTA_WS/install/cipher_interfaces/share/cipher_interfaces/cmake/ament_cmake_export_dependencies-extras.cmake
-- Up-to-date: /home/michaeltanto/Documents/Programming/AVTA_WS/install/cipher_interfaces/share/cipher_interfaces/cmake/ament_cmake_export_include_directories-extras.cmake
-- Up-to-date: /home/michaeltanto/Documents/Programming/AVTA_WS/install/cipher_interfaces/share/cipher_interfaces/cmake/ament_cmake_export_libraries-extras.cmake
-- Up-to-date: /home/michaeltanto/Documents/Programming/AVTA_WS/install/cipher_interfaces/share/cipher_interfaces/cmake/ament_cmake_export_targets-extras.cmake
-- Up-to-date: /home/michaeltanto/Documents/Programming/AVTA_WS/install/cipher_interfaces/share/cipher_interfaces/cmake/rosidl_cmake_export_typesupport_targets-extras.cmake
-- Up-to-date: /home/michaeltanto/Documents/Programming/AVTA_WS/install/cipher_interfaces/share/cipher_interfaces/cmake/rosidl_cmake_export_typesupport_libraries-extras.cmake
-- Up-to-date: /home/michaeltanto/Documents/Programming/AVTA_WS/install/cipher_interfaces/share/cipher_interfaces/cmake/cipher_interfacesConfig.cmake
-- Up-to-date: /home/michaeltanto/Documents/Programming/AVTA_WS/install/cipher_interfaces/share/cipher_interfaces/cmake/cipher_interfacesConfig-version.cmake
-- Up-to-date: /home/michaeltanto/Documents/Programming/AVTA_WS/install/cipher_interfaces/share/cipher_interfaces/package.xml
