-- The C compiler identification is GNU 11.4.0
-- The CXX compiler identification is GNU 11.4.0
-- Detecting C compiler ABI info
-- Detecting C compiler ABI info - done
-- Check for working C compiler: /usr/bin/cc - skipped
-- Detecting C compile features
-- Detecting C compile features - done
-- Detecting CXX compiler ABI info
-- Detecting CXX compiler ABI info - done
-- Check for working CXX compiler: /usr/bin/c++ - skipped
-- Detecting CXX compile features
-- Detecting CXX compile features - done
-- Found ament_cmake: 1.3.10 (/opt/ros/humble/share/ament_cmake/cmake)
-- Found Python3: /usr/bin/python3 (found version "3.10.12") found components: Interpreter 
-- Found rosidl_default_generators: 1.2.0 (/opt/ros/humble/share/rosidl_default_generators/cmake)
-- Using all available rosidl_typesupport_c: rosidl_typesupport_fastrtps_c;rosidl_typesupport_introspection_c
-- Found rosidl_adapter: 3.1.5 (/opt/ros/humble/share/rosidl_adapter/cmake)
-- Using all available rosidl_typesupport_cpp: rosidl_typesupport_fastrtps_cpp;rosidl_typesupport_introspection_cpp
-- Found std_msgs: 4.2.4 (/opt/ros/humble/share/std_msgs/cmake)
-- Found ament_cmake_ros: 0.10.0 (/opt/ros/humble/share/ament_cmake_ros/cmake)
-- Using all available rosidl_typesupport_c: rosidl_typesupport_fastrtps_c;rosidl_typesupport_introspection_c
-- Using all available rosidl_typesupport_cpp: rosidl_typesupport_fastrtps_cpp;rosidl_typesupport_introspection_cpp
-- Found PythonInterp: /usr/bin/python3 (found suitable version "3.10.12", minimum required is "3.6") 
-- Found python_cmake_module: 0.10.0 (/opt/ros/humble/share/python_cmake_module/cmake)
-- Found PythonLibs: /usr/lib/aarch64-linux-gnu/libpython3.10.so (found suitable version "3.10.12", minimum required is "3.5") 
-- Using PYTHON_EXECUTABLE: /usr/bin/python3
-- Using PYTHON_INCLUDE_DIRS: /usr/include/python3.10
-- Using PYTHON_LIBRARIES: /usr/lib/aarch64-linux-gnu/libpython3.10.so
-- Found PythonExtra: .so  
-- Configuring done
-- Generating done
-- Build files have been written to: /home/michaeltanto/Documents/Programming/AVTA_WS/build/cipher_interfaces
[  2%] [34m[1mGenerating C code for ROS interfaces[0m
[  5%] [34m[1mGenerating C++ code for ROS interfaces[0m
[  5%] Built target ament_cmake_python_copy_cipher_interfaces
running egg_info
creating cipher_interfaces.egg-info
writing cipher_interfaces.egg-info/PKG-INFO
writing dependency_links to cipher_interfaces.egg-info/dependency_links.txt
writing top-level names to cipher_interfaces.egg-info/top_level.txt
writing manifest file 'cipher_interfaces.egg-info/SOURCES.txt'
reading manifest file 'cipher_interfaces.egg-info/SOURCES.txt'
writing manifest file 'cipher_interfaces.egg-info/SOURCES.txt'
[  5%] Built target ament_cmake_python_build_cipher_interfaces_egg
[  5%] Built target cipher_interfaces__cpp
[  7%] [32mBuilding C object CMakeFiles/cipher_interfaces__rosidl_generator_c.dir/rosidl_generator_c/cipher_interfaces/msg/detail/cipher_message__functions.c.o[0m
[ 10%] [32mBuilding C object CMakeFiles/cipher_interfaces__rosidl_generator_c.dir/rosidl_generator_c/cipher_interfaces/srv/detail/cipher_answer__functions.c.o[0m
[ 15%] [34m[1mGenerating C++ type support for eProsima Fast-RTPS[0m
[ 15%] [34m[1mGenerating C++ type support dispatch for ROS interfaces[0m
[ 17%] [34m[1mGenerating C++ introspection for ROS interfaces[0m
[ 20%] [32m[1mLinking C shared library libcipher_interfaces__rosidl_generator_c.so[0m
[ 20%] Built target cipher_interfaces__rosidl_generator_c
[ 23%] [34m[1mGenerating C type support for eProsima Fast-RTPS[0m
[ 25%] [32mBuilding CXX object CMakeFiles/cipher_interfaces__rosidl_typesupport_cpp.dir/rosidl_typesupport_cpp/cipher_interfaces/msg/cipher_message__type_support.cpp.o[0m
[ 28%] [32mBuilding CXX object CMakeFiles/cipher_interfaces__rosidl_typesupport_fastrtps_cpp.dir/rosidl_typesupport_fastrtps_cpp/cipher_interfaces/msg/detail/dds_fastrtps/cipher_message__type_support.cpp.o[0m
[ 30%] [32mBuilding CXX object CMakeFiles/cipher_interfaces__rosidl_typesupport_introspection_cpp.dir/rosidl_typesupport_introspection_cpp/cipher_interfaces/msg/detail/cipher_message__type_support.cpp.o[0m
[ 33%] [32mBuilding CXX object CMakeFiles/cipher_interfaces__rosidl_typesupport_fastrtps_c.dir/rosidl_typesupport_fastrtps_c/cipher_interfaces/msg/detail/cipher_message__type_support_c.cpp.o[0m
[ 35%] [32mBuilding CXX object CMakeFiles/cipher_interfaces__rosidl_typesupport_cpp.dir/rosidl_typesupport_cpp/cipher_interfaces/srv/cipher_answer__type_support.cpp.o[0m
[ 38%] [32mBuilding CXX object CMakeFiles/cipher_interfaces__rosidl_typesupport_fastrtps_cpp.dir/rosidl_typesupport_fastrtps_cpp/cipher_interfaces/srv/detail/dds_fastrtps/cipher_answer__type_support.cpp.o[0m
[ 41%] [32mBuilding CXX object CMakeFiles/cipher_interfaces__rosidl_typesupport_introspection_cpp.dir/rosidl_typesupport_introspection_cpp/cipher_interfaces/srv/detail/cipher_answer__type_support.cpp.o[0m
[ 43%] [32mBuilding CXX object CMakeFiles/cipher_interfaces__rosidl_typesupport_fastrtps_c.dir/rosidl_typesupport_fastrtps_c/cipher_interfaces/srv/detail/cipher_answer__type_support_c.cpp.o[0m
[ 46%] [32m[1mLinking CXX shared library libcipher_interfaces__rosidl_typesupport_cpp.so[0m
[ 46%] Built target cipher_interfaces__rosidl_typesupport_cpp
[ 48%] [34m[1mGenerating C introspection for ROS interfaces[0m
[ 53%] [32m[1mLinking CXX shared library libcipher_interfaces__rosidl_typesupport_fastrtps_c.so[0m
[ 53%] [32m[1mLinking CXX shared library libcipher_interfaces__rosidl_typesupport_introspection_cpp.so[0m
[ 56%] [32m[1mLinking CXX shared library libcipher_interfaces__rosidl_typesupport_fastrtps_cpp.so[0m
[ 56%] Built target cipher_interfaces__rosidl_typesupport_introspection_cpp
[ 58%] [34m[1mGenerating C type support dispatch for ROS interfaces[0m
[ 58%] Built target cipher_interfaces__rosidl_typesupport_fastrtps_c
[ 58%] Built target cipher_interfaces__rosidl_typesupport_fastrtps_cpp
[ 64%] [32mBuilding C object CMakeFiles/cipher_interfaces__rosidl_typesupport_introspection_c.dir/rosidl_typesupport_introspection_c/cipher_interfaces/srv/detail/cipher_answer__type_support.c.o[0m
[ 64%] [32mBuilding C object CMakeFiles/cipher_interfaces__rosidl_typesupport_introspection_c.dir/rosidl_typesupport_introspection_c/cipher_interfaces/msg/detail/cipher_message__type_support.c.o[0m
[ 66%] [32m[1mLinking C shared library libcipher_interfaces__rosidl_typesupport_introspection_c.so[0m
[ 66%] Built target cipher_interfaces__rosidl_typesupport_introspection_c
[ 69%] [32mBuilding CXX object CMakeFiles/cipher_interfaces__rosidl_typesupport_c.dir/rosidl_typesupport_c/cipher_interfaces/srv/cipher_answer__type_support.cpp.o[0m
[ 71%] [32mBuilding CXX object CMakeFiles/cipher_interfaces__rosidl_typesupport_c.dir/rosidl_typesupport_c/cipher_interfaces/msg/cipher_message__type_support.cpp.o[0m
[ 74%] [32m[1mLinking CXX shared library libcipher_interfaces__rosidl_typesupport_c.so[0m
[ 74%] Built target cipher_interfaces__rosidl_typesupport_c
[ 74%] Built target cipher_interfaces
[ 76%] [34m[1mGenerating Python code for ROS interfaces[0m
[ 76%] Built target cipher_interfaces__py
[ 82%] [32mBuilding C object CMakeFiles/cipher_interfaces__rosidl_generator_py.dir/rosidl_generator_py/cipher_interfaces/srv/_cipher_answer_s.c.o[0m
[ 82%] [32mBuilding C object CMakeFiles/cipher_interfaces__rosidl_generator_py.dir/rosidl_generator_py/cipher_interfaces/msg/_cipher_message_s.c.o[0m
[ 84%] [32m[1mLinking C shared library rosidl_generator_py/cipher_interfaces/libcipher_interfaces__rosidl_generator_py.so[0m
[ 84%] Built target cipher_interfaces__rosidl_generator_py
[ 92%] [32mBuilding C object CMakeFiles/cipher_interfaces__rosidl_typesupport_introspection_c__pyext.dir/rosidl_generator_py/cipher_interfaces/_cipher_interfaces_s.ep.rosidl_typesupport_introspection_c.c.o[0m
[ 92%] [32mBuilding C object CMakeFiles/cipher_interfaces__rosidl_typesupport_c__pyext.dir/rosidl_generator_py/cipher_interfaces/_cipher_interfaces_s.ep.rosidl_typesupport_c.c.o[0m
[ 92%] [32mBuilding C object CMakeFiles/cipher_interfaces__rosidl_typesupport_fastrtps_c__pyext.dir/rosidl_generator_py/cipher_interfaces/_cipher_interfaces_s.ep.rosidl_typesupport_fastrtps_c.c.o[0m
[ 97%] [32m[1mLinking C shared library rosidl_generator_py/cipher_interfaces/cipher_interfaces_s__rosidl_typesupport_c.cpython-310-aarch64-linux-gnu.so[0m
[ 97%] [32m[1mLinking C shared library rosidl_generator_py/cipher_interfaces/cipher_interfaces_s__rosidl_typesupport_fastrtps_c.cpython-310-aarch64-linux-gnu.so[0m
[100%] [32m[1mLinking C shared library rosidl_generator_py/cipher_interfaces/cipher_interfaces_s__rosidl_typesupport_introspection_c.cpython-310-aarch64-linux-gnu.so[0m
[100%] Built target cipher_interfaces__rosidl_typesupport_c__pyext
[100%] Built target cipher_interfaces__rosidl_typesupport_fastrtps_c__pyext
[100%] Built target cipher_interfaces__rosidl_typesupport_introspection_c__pyext
-- Install configuration: ""
-- Installing: /home/michaeltanto/Documents/Programming/AVTA_WS/install/cipher_interfaces/share/ament_index/resource_index/rosidl_interfaces/cipher_interfaces
-- Installing: /home/michaeltanto/Documents/Programming/AVTA_WS/install/cipher_interfaces/include/cipher_interfaces/cipher_interfaces
-- Installing: /home/michaeltanto/Documents/Programming/AVTA_WS/install/cipher_interfaces/include/cipher_interfaces/cipher_interfaces/msg
-- Installing: /home/michaeltanto/Documents/Programming/AVTA_WS/install/cipher_interfaces/include/cipher_interfaces/cipher_interfaces/msg/cipher_message.h
-- Installing: /home/michaeltanto/Documents/Programming/AVTA_WS/install/cipher_interfaces/include/cipher_interfaces/cipher_interfaces/msg/detail
-- Installing: /home/michaeltanto/Documents/Programming/AVTA_WS/install/cipher_interfaces/include/cipher_interfaces/cipher_interfaces/msg/detail/cipher_message__functions.c
-- Installing: /home/michaeltanto/Documents/Programming/AVTA_WS/install/cipher_interfaces/include/cipher_interfaces/cipher_interfaces/msg/detail/cipher_message__struct.h
-- Installing: /home/michaeltanto/Documents/Programming/AVTA_WS/install/cipher_interfaces/include/cipher_interfaces/cipher_interfaces/msg/detail/cipher_message__functions.h
-- Installing: /home/michaeltanto/Documents/Programming/AVTA_WS/install/cipher_interfaces/include/cipher_interfaces/cipher_interfaces/msg/detail/cipher_message__type_support.h
-- Installing: /home/michaeltanto/Documents/Programming/AVTA_WS/install/cipher_interfaces/include/cipher_interfaces/cipher_interfaces/msg/rosidl_generator_c__visibility_control.h
-- Installing: /home/michaeltanto/Documents/Programming/AVTA_WS/install/cipher_interfaces/include/cipher_interfaces/cipher_interfaces/srv
-- Installing: /home/michaeltanto/Documents/Programming/AVTA_WS/install/cipher_interfaces/include/cipher_interfaces/cipher_interfaces/srv/cipher_answer.h
-- Installing: /home/michaeltanto/Documents/Programming/AVTA_WS/install/cipher_interfaces/include/cipher_interfaces/cipher_interfaces/srv/detail
-- Installing: /home/michaeltanto/Documents/Programming/AVTA_WS/install/cipher_interfaces/include/cipher_interfaces/cipher_interfaces/srv/detail/cipher_answer__functions.c
-- Installing: /home/michaeltanto/Documents/Programming/AVTA_WS/install/cipher_interfaces/include/cipher_interfaces/cipher_interfaces/srv/detail/cipher_answer__struct.h
-- Installing: /home/michaeltanto/Documents/Programming/AVTA_WS/install/cipher_interfaces/include/cipher_interfaces/cipher_interfaces/srv/detail/cipher_answer__functions.h
-- Installing: /home/michaeltanto/Documents/Programming/AVTA_WS/install/cipher_interfaces/include/cipher_interfaces/cipher_interfaces/srv/detail/cipher_answer__type_support.h
-- Installing: /home/michaeltanto/Documents/Programming/AVTA_WS/install/cipher_interfaces/share/cipher_interfaces/environment/library_path.sh
-- Installing: /home/michaeltanto/Documents/Programming/AVTA_WS/install/cipher_interfaces/share/cipher_interfaces/environment/library_path.dsv
-- Installing: /home/michaeltanto/Documents/Programming/AVTA_WS/install/cipher_interfaces/lib/libcipher_interfaces__rosidl_generator_c.so
-- Set runtime path of "/home/michaeltanto/Documents/Programming/AVTA_WS/install/cipher_interfaces/lib/libcipher_interfaces__rosidl_generator_c.so" to ""
-- Up-to-date: /home/michaeltanto/Documents/Programming/AVTA_WS/install/cipher_interfaces/include/cipher_interfaces/cipher_interfaces
-- Up-to-date: /home/michaeltanto/Documents/Programming/AVTA_WS/install/cipher_interfaces/include/cipher_interfaces/cipher_interfaces/msg
-- Installing: /home/michaeltanto/Documents/Programming/AVTA_WS/install/cipher_interfaces/include/cipher_interfaces/cipher_interfaces/msg/rosidl_typesupport_fastrtps_c__visibility_control.h
-- Up-to-date: /home/michaeltanto/Documents/Programming/AVTA_WS/install/cipher_interfaces/include/cipher_interfaces/cipher_interfaces/msg/detail
-- Installing: /home/michaeltanto/Documents/Programming/AVTA_WS/install/cipher_interfaces/include/cipher_interfaces/cipher_interfaces/msg/detail/cipher_message__rosidl_typesupport_fastrtps_c.h
-- Up-to-date: /home/michaeltanto/Documents/Programming/AVTA_WS/install/cipher_interfaces/include/cipher_interfaces/cipher_interfaces/srv
-- Up-to-date: /home/michaeltanto/Documents/Programming/AVTA_WS/install/cipher_interfaces/include/cipher_interfaces/cipher_interfaces/srv/detail
-- Installing: /home/michaeltanto/Documents/Programming/AVTA_WS/install/cipher_interfaces/include/cipher_interfaces/cipher_interfaces/srv/detail/cipher_answer__rosidl_typesupport_fastrtps_c.h
-- Installing: /home/michaeltanto/Documents/Programming/AVTA_WS/install/cipher_interfaces/lib/libcipher_interfaces__rosidl_typesupport_fastrtps_c.so
-- Set runtime path of "/home/michaeltanto/Documents/Programming/AVTA_WS/install/cipher_interfaces/lib/libcipher_interfaces__rosidl_typesupport_fastrtps_c.so" to ""
-- Up-to-date: /home/michaeltanto/Documents/Programming/AVTA_WS/install/cipher_interfaces/include/cipher_interfaces/cipher_interfaces
-- Up-to-date: /home/michaeltanto/Documents/Programming/AVTA_WS/install/cipher_interfaces/include/cipher_interfaces/cipher_interfaces/msg
-- Up-to-date: /home/michaeltanto/Documents/Programming/AVTA_WS/install/cipher_interfaces/include/cipher_interfaces/cipher_interfaces/msg/detail
-- Installing: /home/michaeltanto/Documents/Programming/AVTA_WS/install/cipher_interfaces/include/cipher_interfaces/cipher_interfaces/msg/detail/cipher_message__type_support.c
-- Installing: /home/michaeltanto/Documents/Programming/AVTA_WS/install/cipher_interfaces/include/cipher_interfaces/cipher_interfaces/msg/detail/cipher_message__rosidl_typesupport_introspection_c.h
-- Installing: /home/michaeltanto/Documents/Programming/AVTA_WS/install/cipher_interfaces/include/cipher_interfaces/cipher_interfaces/msg/rosidl_typesupport_introspection_c__visibility_control.h
-- Up-to-date: /home/michaeltanto/Documents/Programming/AVTA_WS/install/cipher_interfaces/include/cipher_interfaces/cipher_interfaces/srv
-- Up-to-date: /home/michaeltanto/Documents/Programming/AVTA_WS/install/cipher_interfaces/include/cipher_interfaces/cipher_interfaces/srv/detail
-- Installing: /home/michaeltanto/Documents/Programming/AVTA_WS/install/cipher_interfaces/include/cipher_interfaces/cipher_interfaces/srv/detail/cipher_answer__rosidl_typesupport_introspection_c.h
-- Installing: /home/michaeltanto/Documents/Programming/AVTA_WS/install/cipher_interfaces/include/cipher_interfaces/cipher_interfaces/srv/detail/cipher_answer__type_support.c
-- Installing: /home/michaeltanto/Documents/Programming/AVTA_WS/install/cipher_interfaces/lib/libcipher_interfaces__rosidl_typesupport_introspection_c.so
-- Set runtime path of "/home/michaeltanto/Documents/Programming/AVTA_WS/install/cipher_interfaces/lib/libcipher_interfaces__rosidl_typesupport_introspection_c.so" to ""
-- Installing: /home/michaeltanto/Documents/Programming/AVTA_WS/install/cipher_interfaces/lib/libcipher_interfaces__rosidl_typesupport_c.so
-- Set runtime path of "/home/michaeltanto/Documents/Programming/AVTA_WS/install/cipher_interfaces/lib/libcipher_interfaces__rosidl_typesupport_c.so" to ""
-- Up-to-date: /home/michaeltanto/Documents/Programming/AVTA_WS/install/cipher_interfaces/include/cipher_interfaces/cipher_interfaces
-- Up-to-date: /home/michaeltanto/Documents/Programming/AVTA_WS/install/cipher_interfaces/include/cipher_interfaces/cipher_interfaces/msg
-- Installing: /home/michaeltanto/Documents/Programming/AVTA_WS/install/cipher_interfaces/include/cipher_interfaces/cipher_interfaces/msg/cipher_message.hpp
-- Up-to-date: /home/michaeltanto/Documents/Programming/AVTA_WS/install/cipher_interfaces/include/cipher_interfaces/cipher_interfaces/msg/detail
-- Installing: /home/michaeltanto/Documents/Programming/AVTA_WS/install/cipher_interfaces/include/cipher_interfaces/cipher_interfaces/msg/detail/cipher_message__traits.hpp
-- Installing: /home/michaeltanto/Documents/Programming/AVTA_WS/install/cipher_interfaces/include/cipher_interfaces/cipher_interfaces/msg/detail/cipher_message__struct.hpp
-- Installing: /home/michaeltanto/Documents/Programming/AVTA_WS/install/cipher_interfaces/include/cipher_interfaces/cipher_interfaces/msg/detail/cipher_message__builder.hpp
-- Up-to-date: /home/michaeltanto/Documents/Programming/AVTA_WS/install/cipher_interfaces/include/cipher_interfaces/cipher_interfaces/srv
-- Up-to-date: /home/michaeltanto/Documents/Programming/AVTA_WS/install/cipher_interfaces/include/cipher_interfaces/cipher_interfaces/srv/detail
-- Installing: /home/michaeltanto/Documents/Programming/AVTA_WS/install/cipher_interfaces/include/cipher_interfaces/cipher_interfaces/srv/detail/cipher_answer__builder.hpp
-- Installing: /home/michaeltanto/Documents/Programming/AVTA_WS/install/cipher_interfaces/include/cipher_interfaces/cipher_interfaces/srv/detail/cipher_answer__traits.hpp
-- Installing: /home/michaeltanto/Documents/Programming/AVTA_WS/install/cipher_interfaces/include/cipher_interfaces/cipher_interfaces/srv/detail/cipher_answer__struct.hpp
-- Installing: /home/michaeltanto/Documents/Programming/AVTA_WS/install/cipher_interfaces/include/cipher_interfaces/cipher_interfaces/srv/cipher_answer.hpp
-- Up-to-date: /home/michaeltanto/Documents/Programming/AVTA_WS/install/cipher_interfaces/include/cipher_interfaces/cipher_interfaces
-- Up-to-date: /home/michaeltanto/Documents/Programming/AVTA_WS/install/cipher_interfaces/include/cipher_interfaces/cipher_interfaces/msg
-- Installing: /home/michaeltanto/Documents/Programming/AVTA_WS/install/cipher_interfaces/include/cipher_interfaces/cipher_interfaces/msg/rosidl_typesupport_fastrtps_cpp__visibility_control.h
-- Up-to-date: /home/michaeltanto/Documents/Programming/AVTA_WS/install/cipher_interfaces/include/cipher_interfaces/cipher_interfaces/msg/detail
-- Installing: /home/michaeltanto/Documents/Programming/AVTA_WS/install/cipher_interfaces/include/cipher_interfaces/cipher_interfaces/msg/detail/dds_fastrtps
-- Installing: /home/michaeltanto/Documents/Programming/AVTA_WS/install/cipher_interfaces/include/cipher_interfaces/cipher_interfaces/msg/detail/cipher_message__rosidl_typesupport_fastrtps_cpp.hpp
-- Up-to-date: /home/michaeltanto/Documents/Programming/AVTA_WS/install/cipher_interfaces/include/cipher_interfaces/cipher_interfaces/srv
-- Up-to-date: /home/michaeltanto/Documents/Programming/AVTA_WS/install/cipher_interfaces/include/cipher_interfaces/cipher_interfaces/srv/detail
-- Installing: /home/michaeltanto/Documents/Programming/AVTA_WS/install/cipher_interfaces/include/cipher_interfaces/cipher_interfaces/srv/detail/cipher_answer__rosidl_typesupport_fastrtps_cpp.hpp
-- Installing: /home/michaeltanto/Documents/Programming/AVTA_WS/install/cipher_interfaces/include/cipher_interfaces/cipher_interfaces/srv/detail/dds_fastrtps
-- Installing: /home/michaeltanto/Documents/Programming/AVTA_WS/install/cipher_interfaces/lib/libcipher_interfaces__rosidl_typesupport_fastrtps_cpp.so
-- Set runtime path of "/home/michaeltanto/Documents/Programming/AVTA_WS/install/cipher_interfaces/lib/libcipher_interfaces__rosidl_typesupport_fastrtps_cpp.so" to ""
-- Up-to-date: /home/michaeltanto/Documents/Programming/AVTA_WS/install/cipher_interfaces/include/cipher_interfaces/cipher_interfaces
-- Up-to-date: /home/michaeltanto/Documents/Programming/AVTA_WS/install/cipher_interfaces/include/cipher_interfaces/cipher_interfaces/msg
-- Up-to-date: /home/michaeltanto/Documents/Programming/AVTA_WS/install/cipher_interfaces/include/cipher_interfaces/cipher_interfaces/msg/detail
-- Installing: /home/michaeltanto/Documents/Programming/AVTA_WS/install/cipher_interfaces/include/cipher_interfaces/cipher_interfaces/msg/detail/cipher_message__type_support.cpp
-- Installing: /home/michaeltanto/Documents/Programming/AVTA_WS/install/cipher_interfaces/include/cipher_interfaces/cipher_interfaces/msg/detail/cipher_message__rosidl_typesupport_introspection_cpp.hpp
-- Up-to-date: /home/michaeltanto/Documents/Programming/AVTA_WS/install/cipher_interfaces/include/cipher_interfaces/cipher_interfaces/srv
-- Up-to-date: /home/michaeltanto/Documents/Programming/AVTA_WS/install/cipher_interfaces/include/cipher_interfaces/cipher_interfaces/srv/detail
-- Installing: /home/michaeltanto/Documents/Programming/AVTA_WS/install/cipher_interfaces/include/cipher_interfaces/cipher_interfaces/srv/detail/cipher_answer__rosidl_typesupport_introspection_cpp.hpp
-- Installing: /home/michaeltanto/Documents/Programming/AVTA_WS/install/cipher_interfaces/include/cipher_interfaces/cipher_interfaces/srv/detail/cipher_answer__type_support.cpp
-- Installing: /home/michaeltanto/Documents/Programming/AVTA_WS/install/cipher_interfaces/lib/libcipher_interfaces__rosidl_typesupport_introspection_cpp.so
-- Set runtime path of "/home/michaeltanto/Documents/Programming/AVTA_WS/install/cipher_interfaces/lib/libcipher_interfaces__rosidl_typesupport_introspection_cpp.so" to ""
-- Installing: /home/michaeltanto/Documents/Programming/AVTA_WS/install/cipher_interfaces/lib/libcipher_interfaces__rosidl_typesupport_cpp.so
-- Set runtime path of "/home/michaeltanto/Documents/Programming/AVTA_WS/install/cipher_interfaces/lib/libcipher_interfaces__rosidl_typesupport_cpp.so" to ""
-- Installing: /home/michaeltanto/Documents/Programming/AVTA_WS/install/cipher_interfaces/share/cipher_interfaces/environment/pythonpath.sh
-- Installing: /home/michaeltanto/Documents/Programming/AVTA_WS/install/cipher_interfaces/share/cipher_interfaces/environment/pythonpath.dsv
-- Installing: /home/michaeltanto/Documents/Programming/AVTA_WS/install/cipher_interfaces/local/lib/python3.10/dist-packages/cipher_interfaces-0.0.0-py3.10.egg-info
-- Installing: /home/michaeltanto/Documents/Programming/AVTA_WS/install/cipher_interfaces/local/lib/python3.10/dist-packages/cipher_interfaces-0.0.0-py3.10.egg-info/top_level.txt
-- Installing: /home/michaeltanto/Documents/Programming/AVTA_WS/install/cipher_interfaces/local/lib/python3.10/dist-packages/cipher_interfaces-0.0.0-py3.10.egg-info/SOURCES.txt
-- Installing: /home/michaeltanto/Documents/Programming/AVTA_WS/install/cipher_interfaces/local/lib/python3.10/dist-packages/cipher_interfaces-0.0.0-py3.10.egg-info/PKG-INFO
-- Installing: /home/michaeltanto/Documents/Programming/AVTA_WS/install/cipher_interfaces/local/lib/python3.10/dist-packages/cipher_interfaces-0.0.0-py3.10.egg-info/dependency_links.txt
-- Installing: /home/michaeltanto/Documents/Programming/AVTA_WS/install/cipher_interfaces/local/lib/python3.10/dist-packages/cipher_interfaces
-- Installing: /home/michaeltanto/Documents/Programming/AVTA_WS/install/cipher_interfaces/local/lib/python3.10/dist-packages/cipher_interfaces/msg
-- Installing: /home/michaeltanto/Documents/Programming/AVTA_WS/install/cipher_interfaces/local/lib/python3.10/dist-packages/cipher_interfaces/msg/_cipher_message_s.c
-- Installing: /home/michaeltanto/Documents/Programming/AVTA_WS/install/cipher_interfaces/local/lib/python3.10/dist-packages/cipher_interfaces/msg/__init__.py
-- Installing: /home/michaeltanto/Documents/Programming/AVTA_WS/install/cipher_interfaces/local/lib/python3.10/dist-packages/cipher_interfaces/msg/_cipher_message.py
-- Installing: /home/michaeltanto/Documents/Programming/AVTA_WS/install/cipher_interfaces/local/lib/python3.10/dist-packages/cipher_interfaces/cipher_interfaces_s__rosidl_typesupport_introspection_c.cpython-310-aarch64-linux-gnu.so
-- Installing: /home/michaeltanto/Documents/Programming/AVTA_WS/install/cipher_interfaces/local/lib/python3.10/dist-packages/cipher_interfaces/libcipher_interfaces__rosidl_generator_py.so
-- Installing: /home/michaeltanto/Documents/Programming/AVTA_WS/install/cipher_interfaces/local/lib/python3.10/dist-packages/cipher_interfaces/_cipher_interfaces_s.ep.rosidl_typesupport_introspection_c.c
-- Installing: /home/michaeltanto/Documents/Programming/AVTA_WS/install/cipher_interfaces/local/lib/python3.10/dist-packages/cipher_interfaces/cipher_interfaces_s__rosidl_typesupport_c.cpython-310-aarch64-linux-gnu.so
-- Installing: /home/michaeltanto/Documents/Programming/AVTA_WS/install/cipher_interfaces/local/lib/python3.10/dist-packages/cipher_interfaces/_cipher_interfaces_s.ep.rosidl_typesupport_fastrtps_c.c
-- Installing: /home/michaeltanto/Documents/Programming/AVTA_WS/install/cipher_interfaces/local/lib/python3.10/dist-packages/cipher_interfaces/cipher_interfaces_s__rosidl_typesupport_fastrtps_c.cpython-310-aarch64-linux-gnu.so
-- Installing: /home/michaeltanto/Documents/Programming/AVTA_WS/install/cipher_interfaces/local/lib/python3.10/dist-packages/cipher_interfaces/__init__.py
-- Installing: /home/michaeltanto/Documents/Programming/AVTA_WS/install/cipher_interfaces/local/lib/python3.10/dist-packages/cipher_interfaces/_cipher_interfaces_s.ep.rosidl_typesupport_c.c
-- Installing: /home/michaeltanto/Documents/Programming/AVTA_WS/install/cipher_interfaces/local/lib/python3.10/dist-packages/cipher_interfaces/srv
-- Installing: /home/michaeltanto/Documents/Programming/AVTA_WS/install/cipher_interfaces/local/lib/python3.10/dist-packages/cipher_interfaces/srv/__init__.py
-- Installing: /home/michaeltanto/Documents/Programming/AVTA_WS/install/cipher_interfaces/local/lib/python3.10/dist-packages/cipher_interfaces/srv/_cipher_answer_s.c
-- Installing: /home/michaeltanto/Documents/Programming/AVTA_WS/install/cipher_interfaces/local/lib/python3.10/dist-packages/cipher_interfaces/srv/_cipher_answer.py
Listing '/home/michaeltanto/Documents/Programming/AVTA_WS/install/cipher_interfaces/local/lib/python3.10/dist-packages/cipher_interfaces'...
Compiling '/home/michaeltanto/Documents/Programming/AVTA_WS/install/cipher_interfaces/local/lib/python3.10/dist-packages/cipher_interfaces/__init__.py'...
Listing '/home/michaeltanto/Documents/Programming/AVTA_WS/install/cipher_interfaces/local/lib/python3.10/dist-packages/cipher_interfaces/msg'...
Compiling '/home/michaeltanto/Documents/Programming/AVTA_WS/install/cipher_interfaces/local/lib/python3.10/dist-packages/cipher_interfaces/msg/__init__.py'...
Compiling '/home/michaeltanto/Documents/Programming/AVTA_WS/install/cipher_interfaces/local/lib/python3.10/dist-packages/cipher_interfaces/msg/_cipher_message.py'...
Listing '/home/michaeltanto/Documents/Programming/AVTA_WS/install/cipher_interfaces/local/lib/python3.10/dist-packages/cipher_interfaces/srv'...
Compiling '/home/michaeltanto/Documents/Programming/AVTA_WS/install/cipher_interfaces/local/lib/python3.10/dist-packages/cipher_interfaces/srv/__init__.py'...
Compiling '/home/michaeltanto/Documents/Programming/AVTA_WS/install/cipher_interfaces/local/lib/python3.10/dist-packages/cipher_interfaces/srv/_cipher_answer.py'...
-- Installing: /home/michaeltanto/Documents/Programming/AVTA_WS/install/cipher_interfaces/local/lib/python3.10/dist-packages/cipher_interfaces/cipher_interfaces_s__rosidl_typesupport_fastrtps_c.cpython-310-aarch64-linux-gnu.so
-- Set runtime path of "/home/michaeltanto/Documents/Programming/AVTA_WS/install/cipher_interfaces/local/lib/python3.10/dist-packages/cipher_interfaces/cipher_interfaces_s__rosidl_typesupport_fastrtps_c.cpython-310-aarch64-linux-gnu.so" to ""
-- Installing: /home/michaeltanto/Documents/Programming/AVTA_WS/install/cipher_interfaces/local/lib/python3.10/dist-packages/cipher_interfaces/cipher_interfaces_s__rosidl_typesupport_introspection_c.cpython-310-aarch64-linux-gnu.so
-- Set runtime path of "/home/michaeltanto/Documents/Programming/AVTA_WS/install/cipher_interfaces/local/lib/python3.10/dist-packages/cipher_interfaces/cipher_interfaces_s__rosidl_typesupport_introspection_c.cpython-310-aarch64-linux-gnu.so" to ""
-- Installing: /home/michaeltanto/Documents/Programming/AVTA_WS/install/cipher_interfaces/local/lib/python3.10/dist-packages/cipher_interfaces/cipher_interfaces_s__rosidl_typesupport_c.cpython-310-aarch64-linux-gnu.so
-- Set runtime path of "/home/michaeltanto/Documents/Programming/AVTA_WS/install/cipher_interfaces/local/lib/python3.10/dist-packages/cipher_interfaces/cipher_interfaces_s__rosidl_typesupport_c.cpython-310-aarch64-linux-gnu.so" to ""
-- Installing: /home/michaeltanto/Documents/Programming/AVTA_WS/install/cipher_interfaces/lib/libcipher_interfaces__rosidl_generator_py.so
-- Set runtime path of "/home/michaeltanto/Documents/Programming/AVTA_WS/install/cipher_interfaces/lib/libcipher_interfaces__rosidl_generator_py.so" to ""
-- Installing: /home/michaeltanto/Documents/Programming/AVTA_WS/install/cipher_interfaces/share/cipher_interfaces/msg/CipherMessage.idl
-- Installing: /home/michaeltanto/Documents/Programming/AVTA_WS/install/cipher_interfaces/share/cipher_interfaces/srv/CipherAnswer.idl
-- Installing: /home/michaeltanto/Documents/Programming/AVTA_WS/install/cipher_interfaces/share/cipher_interfaces/msg/CipherMessage.msg
-- Installing: /home/michaeltanto/Documents/Programming/AVTA_WS/install/cipher_interfaces/share/cipher_interfaces/srv/CipherAnswer.srv
-- Installing: /home/michaeltanto/Documents/Programming/AVTA_WS/install/cipher_interfaces/share/cipher_interfaces/srv/CipherAnswer_Request.msg
-- Installing: /home/michaeltanto/Documents/Programming/AVTA_WS/install/cipher_interfaces/share/cipher_interfaces/srv/CipherAnswer_Response.msg
-- Installing: /home/michaeltanto/Documents/Programming/AVTA_WS/install/cipher_interfaces/share/ament_index/resource_index/package_run_dependencies/cipher_interfaces
-- Installing: /home/michaeltanto/Documents/Programming/AVTA_WS/install/cipher_interfaces/share/ament_index/resource_index/parent_prefix_path/cipher_interfaces
-- Installing: /home/michaeltanto/Documents/Programming/AVTA_WS/install/cipher_interfaces/share/cipher_interfaces/environment/ament_prefix_path.sh
-- Installing: /home/michaeltanto/Documents/Programming/AVTA_WS/install/cipher_interfaces/share/cipher_interfaces/environment/ament_prefix_path.dsv
-- Installing: /home/michaeltanto/Documents/Programming/AVTA_WS/install/cipher_interfaces/share/cipher_interfaces/environment/path.sh
-- Installing: /home/michaeltanto/Documents/Programming/AVTA_WS/install/cipher_interfaces/share/cipher_interfaces/environment/path.dsv
-- Installing: /home/michaeltanto/Documents/Programming/AVTA_WS/install/cipher_interfaces/share/cipher_interfaces/local_setup.bash
-- Installing: /home/michaeltanto/Documents/Programming/AVTA_WS/install/cipher_interfaces/share/cipher_interfaces/local_setup.sh
-- Installing: /home/michaeltanto/Documents/Programming/AVTA_WS/install/cipher_interfaces/share/cipher_interfaces/local_setup.zsh
-- Installing: /home/michaeltanto/Documents/Programming/AVTA_WS/install/cipher_interfaces/share/cipher_interfaces/local_setup.dsv
-- Installing: /home/michaeltanto/Documents/Programming/AVTA_WS/install/cipher_interfaces/share/cipher_interfaces/package.dsv
-- Installing: /home/michaeltanto/Documents/Programming/AVTA_WS/install/cipher_interfaces/share/ament_index/resource_index/packages/cipher_interfaces
-- Installing: /home/michaeltanto/Documents/Programming/AVTA_WS/install/cipher_interfaces/share/cipher_interfaces/cmake/export_cipher_interfaces__rosidl_generator_cExport.cmake
-- Installing: /home/michaeltanto/Documents/Programming/AVTA_WS/install/cipher_interfaces/share/cipher_interfaces/cmake/export_cipher_interfaces__rosidl_generator_cExport-noconfig.cmake
-- Installing: /home/michaeltanto/Documents/Programming/AVTA_WS/install/cipher_interfaces/share/cipher_interfaces/cmake/export_cipher_interfaces__rosidl_typesupport_fastrtps_cExport.cmake
-- Installing: /home/michaeltanto/Documents/Programming/AVTA_WS/install/cipher_interfaces/share/cipher_interfaces/cmake/export_cipher_interfaces__rosidl_typesupport_fastrtps_cExport-noconfig.cmake
-- Installing: /home/michaeltanto/Documents/Programming/AVTA_WS/install/cipher_interfaces/share/cipher_interfaces/cmake/cipher_interfaces__rosidl_typesupport_introspection_cExport.cmake
-- Installing: /home/michaeltanto/Documents/Programming/AVTA_WS/install/cipher_interfaces/share/cipher_interfaces/cmake/cipher_interfaces__rosidl_typesupport_introspection_cExport-noconfig.cmake
-- Installing: /home/michaeltanto/Documents/Programming/AVTA_WS/install/cipher_interfaces/share/cipher_interfaces/cmake/cipher_interfaces__rosidl_typesupport_cExport.cmake
-- Installing: /home/michaeltanto/Documents/Programming/AVTA_WS/install/cipher_interfaces/share/cipher_interfaces/cmake/cipher_interfaces__rosidl_typesupport_cExport-noconfig.cmake
-- Installing: /home/michaeltanto/Documents/Programming/AVTA_WS/install/cipher_interfaces/share/cipher_interfaces/cmake/export_cipher_interfaces__rosidl_generator_cppExport.cmake
-- Installing: /home/michaeltanto/Documents/Programming/AVTA_WS/install/cipher_interfaces/share/cipher_interfaces/cmake/export_cipher_interfaces__rosidl_typesupport_fastrtps_cppExport.cmake
-- Installing: /home/michaeltanto/Documents/Programming/AVTA_WS/install/cipher_interfaces/share/cipher_interfaces/cmake/export_cipher_interfaces__rosidl_typesupport_fastrtps_cppExport-noconfig.cmake
-- Installing: /home/michaeltanto/Documents/Programming/AVTA_WS/install/cipher_interfaces/share/cipher_interfaces/cmake/cipher_interfaces__rosidl_typesupport_introspection_cppExport.cmake
-- Installing: /home/michaeltanto/Documents/Programming/AVTA_WS/install/cipher_interfaces/share/cipher_interfaces/cmake/cipher_interfaces__rosidl_typesupport_introspection_cppExport-noconfig.cmake
-- Installing: /home/michaeltanto/Documents/Programming/AVTA_WS/install/cipher_interfaces/share/cipher_interfaces/cmake/cipher_interfaces__rosidl_typesupport_cppExport.cmake
-- Installing: /home/michaeltanto/Documents/Programming/AVTA_WS/install/cipher_interfaces/share/cipher_interfaces/cmake/cipher_interfaces__rosidl_typesupport_cppExport-noconfig.cmake
-- Installing: /home/michaeltanto/Documents/Programming/AVTA_WS/install/cipher_interfaces/share/cipher_interfaces/cmake/export_cipher_interfaces__rosidl_generator_pyExport.cmake
-- Installing: /home/michaeltanto/Documents/Programming/AVTA_WS/install/cipher_interfaces/share/cipher_interfaces/cmake/export_cipher_interfaces__rosidl_generator_pyExport-noconfig.cmake
-- Installing: /home/michaeltanto/Documents/Programming/AVTA_WS/install/cipher_interfaces/share/cipher_interfaces/cmake/rosidl_cmake-extras.cmake
-- Installing: /home/michaeltanto/Documents/Programming/AVTA_WS/install/cipher_interfaces/share/cipher_interfaces/cmake/ament_cmake_export_dependencies-extras.cmake
-- Installing: /home/michaeltanto/Documents/Programming/AVTA_WS/install/cipher_interfaces/share/cipher_interfaces/cmake/ament_cmake_export_include_directories-extras.cmake
-- Installing: /home/michaeltanto/Documents/Programming/AVTA_WS/install/cipher_interfaces/share/cipher_interfaces/cmake/ament_cmake_export_libraries-extras.cmake
-- Installing: /home/michaeltanto/Documents/Programming/AVTA_WS/install/cipher_interfaces/share/cipher_interfaces/cmake/ament_cmake_export_targets-extras.cmake
-- Installing: /home/michaeltanto/Documents/Programming/AVTA_WS/install/cipher_interfaces/share/cipher_interfaces/cmake/rosidl_cmake_export_typesupport_targets-extras.cmake
-- Installing: /home/michaeltanto/Documents/Programming/AVTA_WS/install/cipher_interfaces/share/cipher_interfaces/cmake/rosidl_cmake_export_typesupport_libraries-extras.cmake
-- Installing: /home/michaeltanto/Documents/Programming/AVTA_WS/install/cipher_interfaces/share/cipher_interfaces/cmake/cipher_interfacesConfig.cmake
-- Installing: /home/michaeltanto/Documents/Programming/AVTA_WS/install/cipher_interfaces/share/cipher_interfaces/cmake/cipher_interfacesConfig-version.cmake
-- Installing: /home/michaeltanto/Documents/Programming/AVTA_WS/install/cipher_interfaces/share/cipher_interfaces/package.xml
