[0.010s] Invoking command in '/home/michaeltanto/Documents/Programming/AVTA_WS/build/cipher_interfaces': CMAKE_PREFIX_PATH=/opt/ros/humble /usr/bin/cmake /home/michaeltanto/Documents/Programming/AVTA_WS/src/cipher/src/cipher_interfaces -DCMAKE_INSTALL_PREFIX=/home/michaeltanto/Documents/Programming/AVTA_WS/install/cipher_interfaces
[0.185s] -- The C compiler identification is GNU 11.4.0
[0.297s] -- The CXX compiler identification is GNU 11.4.0
[0.308s] -- Detecting C compiler ABI info
[0.366s] -- Detecting C compiler ABI info - done
[0.371s] -- Check for working C compiler: /usr/bin/cc - skipped
[0.372s] -- Detecting C compile features
[0.373s] -- Detecting C compile features - done
[0.376s] -- Detecting CXX compiler ABI info
[0.426s] -- Detecting CXX compiler ABI info - done
[0.432s] -- Check for working CXX compiler: /usr/bin/c++ - skipped
[0.432s] -- Detecting CXX compile features
[0.433s] -- Detecting CXX compile features - done
[0.454s] -- Found ament_cmake: 1.3.10 (/opt/ros/humble/share/ament_cmake/cmake)
[0.548s] -- Found Python3: /usr/bin/python3 (found version "3.10.12") found components: Interpreter 
[0.612s] -- Found rosidl_default_generators: 1.2.0 (/opt/ros/humble/share/rosidl_default_generators/cmake)
[0.616s] -- Using all available rosidl_typesupport_c: rosidl_typesupport_fastrtps_c;rosidl_typesupport_introspection_c
[0.622s] -- Found rosidl_adapter: 3.1.5 (/opt/ros/humble/share/rosidl_adapter/cmake)
[0.674s] -- Using all available rosidl_typesupport_cpp: rosidl_typesupport_fastrtps_cpp;rosidl_typesupport_introspection_cpp
[0.704s] -- Found std_msgs: 4.2.4 (/opt/ros/humble/share/std_msgs/cmake)
[0.956s] -- Found ament_cmake_ros: 0.10.0 (/opt/ros/humble/share/ament_cmake_ros/cmake)
[1.105s] -- Using all available rosidl_typesupport_c: rosidl_typesupport_fastrtps_c;rosidl_typesupport_introspection_c
[1.293s] -- Using all available rosidl_typesupport_cpp: rosidl_typesupport_fastrtps_cpp;rosidl_typesupport_introspection_cpp
[1.306s] -- Found PythonInterp: /usr/bin/python3 (found suitable version "3.10.12", minimum required is "3.6") 
[1.308s] -- Found python_cmake_module: 0.10.0 (/opt/ros/humble/share/python_cmake_module/cmake)
[1.326s] -- Found PythonLibs: /usr/lib/aarch64-linux-gnu/libpython3.10.so (found suitable version "3.10.12", minimum required is "3.5") 
[1.326s] -- Using PYTHON_EXECUTABLE: /usr/bin/python3
[1.326s] -- Using PYTHON_INCLUDE_DIRS: /usr/include/python3.10
[1.326s] -- Using PYTHON_LIBRARIES: /usr/lib/aarch64-linux-gnu/libpython3.10.so
[1.338s] -- Found PythonExtra: .so  
[1.383s] -- Configuring done
[1.407s] -- Generating done
[1.409s] -- Build files have been written to: /home/michaeltanto/Documents/Programming/AVTA_WS/build/cipher_interfaces
[1.412s] Invoked command in '/home/michaeltanto/Documents/Programming/AVTA_WS/build/cipher_interfaces' returned '0': CMAKE_PREFIX_PATH=/opt/ros/humble /usr/bin/cmake /home/michaeltanto/Documents/Programming/AVTA_WS/src/cipher/src/cipher_interfaces -DCMAKE_INSTALL_PREFIX=/home/michaeltanto/Documents/Programming/AVTA_WS/install/cipher_interfaces
[1.414s] Invoking command in '/home/michaeltanto/Documents/Programming/AVTA_WS/build/cipher_interfaces': CMAKE_PREFIX_PATH=/opt/ros/humble /usr/bin/cmake --build /home/michaeltanto/Documents/Programming/AVTA_WS/build/cipher_interfaces -- -j4 -l4
[1.438s] [  2%] [34m[1mGenerating C code for ROS interfaces[0m
[1.457s] [  5%] [34m[1mGenerating C++ code for ROS interfaces[0m
[1.462s] [  5%] Built target ament_cmake_python_copy_cipher_interfaces
[1.610s] running egg_info
[1.612s] creating cipher_interfaces.egg-info
[1.612s] writing cipher_interfaces.egg-info/PKG-INFO
[1.612s] writing dependency_links to cipher_interfaces.egg-info/dependency_links.txt
[1.612s] writing top-level names to cipher_interfaces.egg-info/top_level.txt
[1.612s] writing manifest file 'cipher_interfaces.egg-info/SOURCES.txt'
[1.613s] reading manifest file 'cipher_interfaces.egg-info/SOURCES.txt'
[1.614s] writing manifest file 'cipher_interfaces.egg-info/SOURCES.txt'
[1.631s] [  5%] Built target ament_cmake_python_build_cipher_interfaces_egg
[1.687s] [  5%] Built target cipher_interfaces__cpp
[1.688s] [  7%] [32mBuilding C object CMakeFiles/cipher_interfaces__rosidl_generator_c.dir/rosidl_generator_c/cipher_interfaces/msg/detail/cipher_message__functions.c.o[0m
[1.688s] [ 10%] [32mBuilding C object CMakeFiles/cipher_interfaces__rosidl_generator_c.dir/rosidl_generator_c/cipher_interfaces/srv/detail/cipher_answer__functions.c.o[0m
[1.693s] [ 15%] [34m[1mGenerating C++ type support for eProsima Fast-RTPS[0m
[1.693s] [ 15%] [34m[1mGenerating C++ type support dispatch for ROS interfaces[0m
[1.787s] [ 17%] [34m[1mGenerating C++ introspection for ROS interfaces[0m
[1.787s] [ 20%] [32m[1mLinking C shared library libcipher_interfaces__rosidl_generator_c.so[0m
[1.815s] [ 20%] Built target cipher_interfaces__rosidl_generator_c
[1.821s] [ 23%] [34m[1mGenerating C type support for eProsima Fast-RTPS[0m
[1.888s] [ 25%] [32mBuilding CXX object CMakeFiles/cipher_interfaces__rosidl_typesupport_cpp.dir/rosidl_typesupport_cpp/cipher_interfaces/msg/cipher_message__type_support.cpp.o[0m
[1.928s] [ 28%] [32mBuilding CXX object CMakeFiles/cipher_interfaces__rosidl_typesupport_fastrtps_cpp.dir/rosidl_typesupport_fastrtps_cpp/cipher_interfaces/msg/detail/dds_fastrtps/cipher_message__type_support.cpp.o[0m
[2.014s] [ 30%] [32mBuilding CXX object CMakeFiles/cipher_interfaces__rosidl_typesupport_introspection_cpp.dir/rosidl_typesupport_introspection_cpp/cipher_interfaces/msg/detail/cipher_message__type_support.cpp.o[0m
[2.076s] [ 33%] [32mBuilding CXX object CMakeFiles/cipher_interfaces__rosidl_typesupport_fastrtps_c.dir/rosidl_typesupport_fastrtps_c/cipher_interfaces/msg/detail/cipher_message__type_support_c.cpp.o[0m
[2.220s] [ 35%] [32mBuilding CXX object CMakeFiles/cipher_interfaces__rosidl_typesupport_cpp.dir/rosidl_typesupport_cpp/cipher_interfaces/srv/cipher_answer__type_support.cpp.o[0m
[2.360s] [ 38%] [32mBuilding CXX object CMakeFiles/cipher_interfaces__rosidl_typesupport_fastrtps_cpp.dir/rosidl_typesupport_fastrtps_cpp/cipher_interfaces/srv/detail/dds_fastrtps/cipher_answer__type_support.cpp.o[0m
[2.382s] [ 41%] [32mBuilding CXX object CMakeFiles/cipher_interfaces__rosidl_typesupport_introspection_cpp.dir/rosidl_typesupport_introspection_cpp/cipher_interfaces/srv/detail/cipher_answer__type_support.cpp.o[0m
[2.384s] [ 43%] [32mBuilding CXX object CMakeFiles/cipher_interfaces__rosidl_typesupport_fastrtps_c.dir/rosidl_typesupport_fastrtps_c/cipher_interfaces/srv/detail/cipher_answer__type_support_c.cpp.o[0m
[2.446s] [ 46%] [32m[1mLinking CXX shared library libcipher_interfaces__rosidl_typesupport_cpp.so[0m
[2.481s] [ 46%] Built target cipher_interfaces__rosidl_typesupport_cpp
[2.491s] [ 48%] [34m[1mGenerating C introspection for ROS interfaces[0m
[2.662s] [ 53%] [32m[1mLinking CXX shared library libcipher_interfaces__rosidl_typesupport_fastrtps_c.so[0m
[2.662s] [ 53%] [32m[1mLinking CXX shared library libcipher_interfaces__rosidl_typesupport_introspection_cpp.so[0m
[2.680s] [ 56%] [32m[1mLinking CXX shared library libcipher_interfaces__rosidl_typesupport_fastrtps_cpp.so[0m
[2.711s] [ 56%] Built target cipher_interfaces__rosidl_typesupport_introspection_cpp
[2.719s] [ 58%] [34m[1mGenerating C type support dispatch for ROS interfaces[0m
[2.723s] [ 58%] Built target cipher_interfaces__rosidl_typesupport_fastrtps_c
[2.732s] [ 58%] Built target cipher_interfaces__rosidl_typesupport_fastrtps_cpp
[2.738s] [ 64%] [32mBuilding C object CMakeFiles/cipher_interfaces__rosidl_typesupport_introspection_c.dir/rosidl_typesupport_introspection_c/cipher_interfaces/srv/detail/cipher_answer__type_support.c.o[0m
[2.738s] [ 64%] [32mBuilding C object CMakeFiles/cipher_interfaces__rosidl_typesupport_introspection_c.dir/rosidl_typesupport_introspection_c/cipher_interfaces/msg/detail/cipher_message__type_support.c.o[0m
[2.773s] [ 66%] [32m[1mLinking C shared library libcipher_interfaces__rosidl_typesupport_introspection_c.so[0m
[2.791s] [ 66%] Built target cipher_interfaces__rosidl_typesupport_introspection_c
[2.889s] [ 69%] [32mBuilding CXX object CMakeFiles/cipher_interfaces__rosidl_typesupport_c.dir/rosidl_typesupport_c/cipher_interfaces/srv/cipher_answer__type_support.cpp.o[0m
[2.889s] [ 71%] [32mBuilding CXX object CMakeFiles/cipher_interfaces__rosidl_typesupport_c.dir/rosidl_typesupport_c/cipher_interfaces/msg/cipher_message__type_support.cpp.o[0m
[2.909s] [ 74%] [32m[1mLinking CXX shared library libcipher_interfaces__rosidl_typesupport_c.so[0m
[2.932s] [ 74%] Built target cipher_interfaces__rosidl_typesupport_c
[2.942s] [ 74%] Built target cipher_interfaces
[2.962s] [ 76%] [34m[1mGenerating Python code for ROS interfaces[0m
[3.221s] [ 76%] Built target cipher_interfaces__py
[3.232s] [ 82%] [32mBuilding C object CMakeFiles/cipher_interfaces__rosidl_generator_py.dir/rosidl_generator_py/cipher_interfaces/srv/_cipher_answer_s.c.o[0m
[3.232s] [ 82%] [32mBuilding C object CMakeFiles/cipher_interfaces__rosidl_generator_py.dir/rosidl_generator_py/cipher_interfaces/msg/_cipher_message_s.c.o[0m
[3.338s] [ 84%] [32m[1mLinking C shared library rosidl_generator_py/cipher_interfaces/libcipher_interfaces__rosidl_generator_py.so[0m
[3.372s] [ 84%] Built target cipher_interfaces__rosidl_generator_py
[3.383s] [ 92%] [32mBuilding C object CMakeFiles/cipher_interfaces__rosidl_typesupport_introspection_c__pyext.dir/rosidl_generator_py/cipher_interfaces/_cipher_interfaces_s.ep.rosidl_typesupport_introspection_c.c.o[0m
[3.383s] [ 92%] [32mBuilding C object CMakeFiles/cipher_interfaces__rosidl_typesupport_c__pyext.dir/rosidl_generator_py/cipher_interfaces/_cipher_interfaces_s.ep.rosidl_typesupport_c.c.o[0m
[3.383s] [ 92%] [32mBuilding C object CMakeFiles/cipher_interfaces__rosidl_typesupport_fastrtps_c__pyext.dir/rosidl_generator_py/cipher_interfaces/_cipher_interfaces_s.ep.rosidl_typesupport_fastrtps_c.c.o[0m
[3.444s] [ 97%] [32m[1mLinking C shared library rosidl_generator_py/cipher_interfaces/cipher_interfaces_s__rosidl_typesupport_c.cpython-310-aarch64-linux-gnu.so[0m
[3.444s] [ 97%] [32m[1mLinking C shared library rosidl_generator_py/cipher_interfaces/cipher_interfaces_s__rosidl_typesupport_fastrtps_c.cpython-310-aarch64-linux-gnu.so[0m
[3.448s] [100%] [32m[1mLinking C shared library rosidl_generator_py/cipher_interfaces/cipher_interfaces_s__rosidl_typesupport_introspection_c.cpython-310-aarch64-linux-gnu.so[0m
[3.475s] [100%] Built target cipher_interfaces__rosidl_typesupport_c__pyext
[3.475s] [100%] Built target cipher_interfaces__rosidl_typesupport_fastrtps_c__pyext
[3.480s] [100%] Built target cipher_interfaces__rosidl_typesupport_introspection_c__pyext
[3.488s] Invoked command in '/home/michaeltanto/Documents/Programming/AVTA_WS/build/cipher_interfaces' returned '0': CMAKE_PREFIX_PATH=/opt/ros/humble /usr/bin/cmake --build /home/michaeltanto/Documents/Programming/AVTA_WS/build/cipher_interfaces -- -j4 -l4
[3.532s] Invoking command in '/home/michaeltanto/Documents/Programming/AVTA_WS/build/cipher_interfaces': CMAKE_PREFIX_PATH=/opt/ros/humble /usr/bin/cmake --install /home/michaeltanto/Documents/Programming/AVTA_WS/build/cipher_interfaces
[3.536s] -- Install configuration: ""
[3.536s] -- Installing: /home/michaeltanto/Documents/Programming/AVTA_WS/install/cipher_interfaces/share/ament_index/resource_index/rosidl_interfaces/cipher_interfaces
[3.536s] -- Installing: /home/michaeltanto/Documents/Programming/AVTA_WS/install/cipher_interfaces/include/cipher_interfaces/cipher_interfaces
[3.536s] -- Installing: /home/michaeltanto/Documents/Programming/AVTA_WS/install/cipher_interfaces/include/cipher_interfaces/cipher_interfaces/msg
[3.536s] -- Installing: /home/michaeltanto/Documents/Programming/AVTA_WS/install/cipher_interfaces/include/cipher_interfaces/cipher_interfaces/msg/cipher_message.h
[3.536s] -- Installing: /home/michaeltanto/Documents/Programming/AVTA_WS/install/cipher_interfaces/include/cipher_interfaces/cipher_interfaces/msg/detail
[3.536s] -- Installing: /home/michaeltanto/Documents/Programming/AVTA_WS/install/cipher_interfaces/include/cipher_interfaces/cipher_interfaces/msg/detail/cipher_message__functions.c
[3.536s] -- Installing: /home/michaeltanto/Documents/Programming/AVTA_WS/install/cipher_interfaces/include/cipher_interfaces/cipher_interfaces/msg/detail/cipher_message__struct.h
[3.537s] -- Installing: /home/michaeltanto/Documents/Programming/AVTA_WS/install/cipher_interfaces/include/cipher_interfaces/cipher_interfaces/msg/detail/cipher_message__functions.h
[3.537s] -- Installing: /home/michaeltanto/Documents/Programming/AVTA_WS/install/cipher_interfaces/include/cipher_interfaces/cipher_interfaces/msg/detail/cipher_message__type_support.h
[3.537s] -- Installing: /home/michaeltanto/Documents/Programming/AVTA_WS/install/cipher_interfaces/include/cipher_interfaces/cipher_interfaces/msg/rosidl_generator_c__visibility_control.h
[3.537s] -- Installing: /home/michaeltanto/Documents/Programming/AVTA_WS/install/cipher_interfaces/include/cipher_interfaces/cipher_interfaces/srv
[3.537s] -- Installing: /home/michaeltanto/Documents/Programming/AVTA_WS/install/cipher_interfaces/include/cipher_interfaces/cipher_interfaces/srv/cipher_answer.h
[3.537s] -- Installing: /home/michaeltanto/Documents/Programming/AVTA_WS/install/cipher_interfaces/include/cipher_interfaces/cipher_interfaces/srv/detail
[3.537s] -- Installing: /home/michaeltanto/Documents/Programming/AVTA_WS/install/cipher_interfaces/include/cipher_interfaces/cipher_interfaces/srv/detail/cipher_answer__functions.c
[3.537s] -- Installing: /home/michaeltanto/Documents/Programming/AVTA_WS/install/cipher_interfaces/include/cipher_interfaces/cipher_interfaces/srv/detail/cipher_answer__struct.h
[3.537s] -- Installing: /home/michaeltanto/Documents/Programming/AVTA_WS/install/cipher_interfaces/include/cipher_interfaces/cipher_interfaces/srv/detail/cipher_answer__functions.h
[3.537s] -- Installing: /home/michaeltanto/Documents/Programming/AVTA_WS/install/cipher_interfaces/include/cipher_interfaces/cipher_interfaces/srv/detail/cipher_answer__type_support.h
[3.537s] -- Installing: /home/michaeltanto/Documents/Programming/AVTA_WS/install/cipher_interfaces/share/cipher_interfaces/environment/library_path.sh
[3.538s] -- Installing: /home/michaeltanto/Documents/Programming/AVTA_WS/install/cipher_interfaces/share/cipher_interfaces/environment/library_path.dsv
[3.538s] -- Installing: /home/michaeltanto/Documents/Programming/AVTA_WS/install/cipher_interfaces/lib/libcipher_interfaces__rosidl_generator_c.so
[3.538s] -- Set runtime path of "/home/michaeltanto/Documents/Programming/AVTA_WS/install/cipher_interfaces/lib/libcipher_interfaces__rosidl_generator_c.so" to ""
[3.538s] -- Up-to-date: /home/michaeltanto/Documents/Programming/AVTA_WS/install/cipher_interfaces/include/cipher_interfaces/cipher_interfaces
[3.538s] -- Up-to-date: /home/michaeltanto/Documents/Programming/AVTA_WS/install/cipher_interfaces/include/cipher_interfaces/cipher_interfaces/msg
[3.538s] -- Installing: /home/michaeltanto/Documents/Programming/AVTA_WS/install/cipher_interfaces/include/cipher_interfaces/cipher_interfaces/msg/rosidl_typesupport_fastrtps_c__visibility_control.h
[3.538s] -- Up-to-date: /home/michaeltanto/Documents/Programming/AVTA_WS/install/cipher_interfaces/include/cipher_interfaces/cipher_interfaces/msg/detail
[3.538s] -- Installing: /home/michaeltanto/Documents/Programming/AVTA_WS/install/cipher_interfaces/include/cipher_interfaces/cipher_interfaces/msg/detail/cipher_message__rosidl_typesupport_fastrtps_c.h
[3.538s] -- Up-to-date: /home/michaeltanto/Documents/Programming/AVTA_WS/install/cipher_interfaces/include/cipher_interfaces/cipher_interfaces/srv
[3.538s] -- Up-to-date: /home/michaeltanto/Documents/Programming/AVTA_WS/install/cipher_interfaces/include/cipher_interfaces/cipher_interfaces/srv/detail
[3.538s] -- Installing: /home/michaeltanto/Documents/Programming/AVTA_WS/install/cipher_interfaces/include/cipher_interfaces/cipher_interfaces/srv/detail/cipher_answer__rosidl_typesupport_fastrtps_c.h
[3.538s] -- Installing: /home/michaeltanto/Documents/Programming/AVTA_WS/install/cipher_interfaces/lib/libcipher_interfaces__rosidl_typesupport_fastrtps_c.so
[3.538s] -- Set runtime path of "/home/michaeltanto/Documents/Programming/AVTA_WS/install/cipher_interfaces/lib/libcipher_interfaces__rosidl_typesupport_fastrtps_c.so" to ""
[3.538s] -- Up-to-date: /home/michaeltanto/Documents/Programming/AVTA_WS/install/cipher_interfaces/include/cipher_interfaces/cipher_interfaces
[3.538s] -- Up-to-date: /home/michaeltanto/Documents/Programming/AVTA_WS/install/cipher_interfaces/include/cipher_interfaces/cipher_interfaces/msg
[3.538s] -- Up-to-date: /home/michaeltanto/Documents/Programming/AVTA_WS/install/cipher_interfaces/include/cipher_interfaces/cipher_interfaces/msg/detail
[3.538s] -- Installing: /home/michaeltanto/Documents/Programming/AVTA_WS/install/cipher_interfaces/include/cipher_interfaces/cipher_interfaces/msg/detail/cipher_message__type_support.c
[3.539s] -- Installing: /home/michaeltanto/Documents/Programming/AVTA_WS/install/cipher_interfaces/include/cipher_interfaces/cipher_interfaces/msg/detail/cipher_message__rosidl_typesupport_introspection_c.h
[3.539s] -- Installing: /home/michaeltanto/Documents/Programming/AVTA_WS/install/cipher_interfaces/include/cipher_interfaces/cipher_interfaces/msg/rosidl_typesupport_introspection_c__visibility_control.h
[3.539s] -- Up-to-date: /home/michaeltanto/Documents/Programming/AVTA_WS/install/cipher_interfaces/include/cipher_interfaces/cipher_interfaces/srv
[3.539s] -- Up-to-date: /home/michaeltanto/Documents/Programming/AVTA_WS/install/cipher_interfaces/include/cipher_interfaces/cipher_interfaces/srv/detail
[3.539s] -- Installing: /home/michaeltanto/Documents/Programming/AVTA_WS/install/cipher_interfaces/include/cipher_interfaces/cipher_interfaces/srv/detail/cipher_answer__rosidl_typesupport_introspection_c.h
[3.539s] -- Installing: /home/michaeltanto/Documents/Programming/AVTA_WS/install/cipher_interfaces/include/cipher_interfaces/cipher_interfaces/srv/detail/cipher_answer__type_support.c
[3.539s] -- Installing: /home/michaeltanto/Documents/Programming/AVTA_WS/install/cipher_interfaces/lib/libcipher_interfaces__rosidl_typesupport_introspection_c.so
[3.539s] -- Set runtime path of "/home/michaeltanto/Documents/Programming/AVTA_WS/install/cipher_interfaces/lib/libcipher_interfaces__rosidl_typesupport_introspection_c.so" to ""
[3.539s] -- Installing: /home/michaeltanto/Documents/Programming/AVTA_WS/install/cipher_interfaces/lib/libcipher_interfaces__rosidl_typesupport_c.so
[3.539s] -- Set runtime path of "/home/michaeltanto/Documents/Programming/AVTA_WS/install/cipher_interfaces/lib/libcipher_interfaces__rosidl_typesupport_c.so" to ""
[3.539s] -- Up-to-date: /home/michaeltanto/Documents/Programming/AVTA_WS/install/cipher_interfaces/include/cipher_interfaces/cipher_interfaces
[3.539s] -- Up-to-date: /home/michaeltanto/Documents/Programming/AVTA_WS/install/cipher_interfaces/include/cipher_interfaces/cipher_interfaces/msg
[3.539s] -- Installing: /home/michaeltanto/Documents/Programming/AVTA_WS/install/cipher_interfaces/include/cipher_interfaces/cipher_interfaces/msg/cipher_message.hpp
[3.539s] -- Up-to-date: /home/michaeltanto/Documents/Programming/AVTA_WS/install/cipher_interfaces/include/cipher_interfaces/cipher_interfaces/msg/detail
[3.540s] -- Installing: /home/michaeltanto/Documents/Programming/AVTA_WS/install/cipher_interfaces/include/cipher_interfaces/cipher_interfaces/msg/detail/cipher_message__traits.hpp
[3.540s] -- Installing: /home/michaeltanto/Documents/Programming/AVTA_WS/install/cipher_interfaces/include/cipher_interfaces/cipher_interfaces/msg/detail/cipher_message__struct.hpp
[3.540s] -- Installing: /home/michaeltanto/Documents/Programming/AVTA_WS/install/cipher_interfaces/include/cipher_interfaces/cipher_interfaces/msg/detail/cipher_message__builder.hpp
[3.540s] -- Up-to-date: /home/michaeltanto/Documents/Programming/AVTA_WS/install/cipher_interfaces/include/cipher_interfaces/cipher_interfaces/srv
[3.540s] -- Up-to-date: /home/michaeltanto/Documents/Programming/AVTA_WS/install/cipher_interfaces/include/cipher_interfaces/cipher_interfaces/srv/detail
[3.540s] -- Installing: /home/michaeltanto/Documents/Programming/AVTA_WS/install/cipher_interfaces/include/cipher_interfaces/cipher_interfaces/srv/detail/cipher_answer__builder.hpp
[3.540s] -- Installing: /home/michaeltanto/Documents/Programming/AVTA_WS/install/cipher_interfaces/include/cipher_interfaces/cipher_interfaces/srv/detail/cipher_answer__traits.hpp
[3.540s] -- Installing: /home/michaeltanto/Documents/Programming/AVTA_WS/install/cipher_interfaces/include/cipher_interfaces/cipher_interfaces/srv/detail/cipher_answer__struct.hpp
[3.540s] -- Installing: /home/michaeltanto/Documents/Programming/AVTA_WS/install/cipher_interfaces/include/cipher_interfaces/cipher_interfaces/srv/cipher_answer.hpp
[3.540s] -- Up-to-date: /home/michaeltanto/Documents/Programming/AVTA_WS/install/cipher_interfaces/include/cipher_interfaces/cipher_interfaces
[3.541s] -- Up-to-date: /home/michaeltanto/Documents/Programming/AVTA_WS/install/cipher_interfaces/include/cipher_interfaces/cipher_interfaces/msg
[3.541s] -- Installing: /home/michaeltanto/Documents/Programming/AVTA_WS/install/cipher_interfaces/include/cipher_interfaces/cipher_interfaces/msg/rosidl_typesupport_fastrtps_cpp__visibility_control.h
[3.541s] -- Up-to-date: /home/michaeltanto/Documents/Programming/AVTA_WS/install/cipher_interfaces/include/cipher_interfaces/cipher_interfaces/msg/detail
[3.541s] -- Installing: /home/michaeltanto/Documents/Programming/AVTA_WS/install/cipher_interfaces/include/cipher_interfaces/cipher_interfaces/msg/detail/dds_fastrtps
[3.541s] -- Installing: /home/michaeltanto/Documents/Programming/AVTA_WS/install/cipher_interfaces/include/cipher_interfaces/cipher_interfaces/msg/detail/cipher_message__rosidl_typesupport_fastrtps_cpp.hpp
[3.541s] -- Up-to-date: /home/michaeltanto/Documents/Programming/AVTA_WS/install/cipher_interfaces/include/cipher_interfaces/cipher_interfaces/srv
[3.541s] -- Up-to-date: /home/michaeltanto/Documents/Programming/AVTA_WS/install/cipher_interfaces/include/cipher_interfaces/cipher_interfaces/srv/detail
[3.541s] -- Installing: /home/michaeltanto/Documents/Programming/AVTA_WS/install/cipher_interfaces/include/cipher_interfaces/cipher_interfaces/srv/detail/cipher_answer__rosidl_typesupport_fastrtps_cpp.hpp
[3.541s] -- Installing: /home/michaeltanto/Documents/Programming/AVTA_WS/install/cipher_interfaces/include/cipher_interfaces/cipher_interfaces/srv/detail/dds_fastrtps
[3.541s] -- Installing: /home/michaeltanto/Documents/Programming/AVTA_WS/install/cipher_interfaces/lib/libcipher_interfaces__rosidl_typesupport_fastrtps_cpp.so
[3.541s] -- Set runtime path of "/home/michaeltanto/Documents/Programming/AVTA_WS/install/cipher_interfaces/lib/libcipher_interfaces__rosidl_typesupport_fastrtps_cpp.so" to ""
[3.541s] -- Up-to-date: /home/michaeltanto/Documents/Programming/AVTA_WS/install/cipher_interfaces/include/cipher_interfaces/cipher_interfaces
[3.541s] -- Up-to-date: /home/michaeltanto/Documents/Programming/AVTA_WS/install/cipher_interfaces/include/cipher_interfaces/cipher_interfaces/msg
[3.542s] -- Up-to-date: /home/michaeltanto/Documents/Programming/AVTA_WS/install/cipher_interfaces/include/cipher_interfaces/cipher_interfaces/msg/detail
[3.542s] -- Installing: /home/michaeltanto/Documents/Programming/AVTA_WS/install/cipher_interfaces/include/cipher_interfaces/cipher_interfaces/msg/detail/cipher_message__type_support.cpp
[3.542s] -- Installing: /home/michaeltanto/Documents/Programming/AVTA_WS/install/cipher_interfaces/include/cipher_interfaces/cipher_interfaces/msg/detail/cipher_message__rosidl_typesupport_introspection_cpp.hpp
[3.542s] -- Up-to-date: /home/michaeltanto/Documents/Programming/AVTA_WS/install/cipher_interfaces/include/cipher_interfaces/cipher_interfaces/srv
[3.542s] -- Up-to-date: /home/michaeltanto/Documents/Programming/AVTA_WS/install/cipher_interfaces/include/cipher_interfaces/cipher_interfaces/srv/detail
[3.542s] -- Installing: /home/michaeltanto/Documents/Programming/AVTA_WS/install/cipher_interfaces/include/cipher_interfaces/cipher_interfaces/srv/detail/cipher_answer__rosidl_typesupport_introspection_cpp.hpp
[3.542s] -- Installing: /home/michaeltanto/Documents/Programming/AVTA_WS/install/cipher_interfaces/include/cipher_interfaces/cipher_interfaces/srv/detail/cipher_answer__type_support.cpp
[3.542s] -- Installing: /home/michaeltanto/Documents/Programming/AVTA_WS/install/cipher_interfaces/lib/libcipher_interfaces__rosidl_typesupport_introspection_cpp.so
[3.542s] -- Set runtime path of "/home/michaeltanto/Documents/Programming/AVTA_WS/install/cipher_interfaces/lib/libcipher_interfaces__rosidl_typesupport_introspection_cpp.so" to ""
[3.542s] -- Installing: /home/michaeltanto/Documents/Programming/AVTA_WS/install/cipher_interfaces/lib/libcipher_interfaces__rosidl_typesupport_cpp.so
[3.542s] -- Set runtime path of "/home/michaeltanto/Documents/Programming/AVTA_WS/install/cipher_interfaces/lib/libcipher_interfaces__rosidl_typesupport_cpp.so" to ""
[3.542s] -- Installing: /home/michaeltanto/Documents/Programming/AVTA_WS/install/cipher_interfaces/share/cipher_interfaces/environment/pythonpath.sh
[3.542s] -- Installing: /home/michaeltanto/Documents/Programming/AVTA_WS/install/cipher_interfaces/share/cipher_interfaces/environment/pythonpath.dsv
[3.542s] -- Installing: /home/michaeltanto/Documents/Programming/AVTA_WS/install/cipher_interfaces/local/lib/python3.10/dist-packages/cipher_interfaces-0.0.0-py3.10.egg-info
[3.542s] -- Installing: /home/michaeltanto/Documents/Programming/AVTA_WS/install/cipher_interfaces/local/lib/python3.10/dist-packages/cipher_interfaces-0.0.0-py3.10.egg-info/top_level.txt
[3.542s] -- Installing: /home/michaeltanto/Documents/Programming/AVTA_WS/install/cipher_interfaces/local/lib/python3.10/dist-packages/cipher_interfaces-0.0.0-py3.10.egg-info/SOURCES.txt
[3.542s] -- Installing: /home/michaeltanto/Documents/Programming/AVTA_WS/install/cipher_interfaces/local/lib/python3.10/dist-packages/cipher_interfaces-0.0.0-py3.10.egg-info/PKG-INFO
[3.543s] -- Installing: /home/michaeltanto/Documents/Programming/AVTA_WS/install/cipher_interfaces/local/lib/python3.10/dist-packages/cipher_interfaces-0.0.0-py3.10.egg-info/dependency_links.txt
[3.543s] -- Installing: /home/michaeltanto/Documents/Programming/AVTA_WS/install/cipher_interfaces/local/lib/python3.10/dist-packages/cipher_interfaces
[3.543s] -- Installing: /home/michaeltanto/Documents/Programming/AVTA_WS/install/cipher_interfaces/local/lib/python3.10/dist-packages/cipher_interfaces/msg
[3.543s] -- Installing: /home/michaeltanto/Documents/Programming/AVTA_WS/install/cipher_interfaces/local/lib/python3.10/dist-packages/cipher_interfaces/msg/_cipher_message_s.c
[3.543s] -- Installing: /home/michaeltanto/Documents/Programming/AVTA_WS/install/cipher_interfaces/local/lib/python3.10/dist-packages/cipher_interfaces/msg/__init__.py
[3.543s] -- Installing: /home/michaeltanto/Documents/Programming/AVTA_WS/install/cipher_interfaces/local/lib/python3.10/dist-packages/cipher_interfaces/msg/_cipher_message.py
[3.543s] -- Installing: /home/michaeltanto/Documents/Programming/AVTA_WS/install/cipher_interfaces/local/lib/python3.10/dist-packages/cipher_interfaces/cipher_interfaces_s__rosidl_typesupport_introspection_c.cpython-310-aarch64-linux-gnu.so
[3.543s] -- Installing: /home/michaeltanto/Documents/Programming/AVTA_WS/install/cipher_interfaces/local/lib/python3.10/dist-packages/cipher_interfaces/libcipher_interfaces__rosidl_generator_py.so
[3.543s] -- Installing: /home/michaeltanto/Documents/Programming/AVTA_WS/install/cipher_interfaces/local/lib/python3.10/dist-packages/cipher_interfaces/_cipher_interfaces_s.ep.rosidl_typesupport_introspection_c.c
[3.543s] -- Installing: /home/michaeltanto/Documents/Programming/AVTA_WS/install/cipher_interfaces/local/lib/python3.10/dist-packages/cipher_interfaces/cipher_interfaces_s__rosidl_typesupport_c.cpython-310-aarch64-linux-gnu.so
[3.543s] -- Installing: /home/michaeltanto/Documents/Programming/AVTA_WS/install/cipher_interfaces/local/lib/python3.10/dist-packages/cipher_interfaces/_cipher_interfaces_s.ep.rosidl_typesupport_fastrtps_c.c
[3.543s] -- Installing: /home/michaeltanto/Documents/Programming/AVTA_WS/install/cipher_interfaces/local/lib/python3.10/dist-packages/cipher_interfaces/cipher_interfaces_s__rosidl_typesupport_fastrtps_c.cpython-310-aarch64-linux-gnu.so
[3.543s] -- Installing: /home/michaeltanto/Documents/Programming/AVTA_WS/install/cipher_interfaces/local/lib/python3.10/dist-packages/cipher_interfaces/__init__.py
[3.543s] -- Installing: /home/michaeltanto/Documents/Programming/AVTA_WS/install/cipher_interfaces/local/lib/python3.10/dist-packages/cipher_interfaces/_cipher_interfaces_s.ep.rosidl_typesupport_c.c
[3.543s] -- Installing: /home/michaeltanto/Documents/Programming/AVTA_WS/install/cipher_interfaces/local/lib/python3.10/dist-packages/cipher_interfaces/srv
[3.544s] -- Installing: /home/michaeltanto/Documents/Programming/AVTA_WS/install/cipher_interfaces/local/lib/python3.10/dist-packages/cipher_interfaces/srv/__init__.py
[3.544s] -- Installing: /home/michaeltanto/Documents/Programming/AVTA_WS/install/cipher_interfaces/local/lib/python3.10/dist-packages/cipher_interfaces/srv/_cipher_answer_s.c
[3.544s] -- Installing: /home/michaeltanto/Documents/Programming/AVTA_WS/install/cipher_interfaces/local/lib/python3.10/dist-packages/cipher_interfaces/srv/_cipher_answer.py
[3.573s] Listing '/home/michaeltanto/Documents/Programming/AVTA_WS/install/cipher_interfaces/local/lib/python3.10/dist-packages/cipher_interfaces'...
[3.573s] Compiling '/home/michaeltanto/Documents/Programming/AVTA_WS/install/cipher_interfaces/local/lib/python3.10/dist-packages/cipher_interfaces/__init__.py'...
[3.573s] Listing '/home/michaeltanto/Documents/Programming/AVTA_WS/install/cipher_interfaces/local/lib/python3.10/dist-packages/cipher_interfaces/msg'...
[3.573s] Compiling '/home/michaeltanto/Documents/Programming/AVTA_WS/install/cipher_interfaces/local/lib/python3.10/dist-packages/cipher_interfaces/msg/__init__.py'...
[3.573s] Compiling '/home/michaeltanto/Documents/Programming/AVTA_WS/install/cipher_interfaces/local/lib/python3.10/dist-packages/cipher_interfaces/msg/_cipher_message.py'...
[3.573s] Listing '/home/michaeltanto/Documents/Programming/AVTA_WS/install/cipher_interfaces/local/lib/python3.10/dist-packages/cipher_interfaces/srv'...
[3.573s] Compiling '/home/michaeltanto/Documents/Programming/AVTA_WS/install/cipher_interfaces/local/lib/python3.10/dist-packages/cipher_interfaces/srv/__init__.py'...
[3.573s] Compiling '/home/michaeltanto/Documents/Programming/AVTA_WS/install/cipher_interfaces/local/lib/python3.10/dist-packages/cipher_interfaces/srv/_cipher_answer.py'...
[3.578s] -- Installing: /home/michaeltanto/Documents/Programming/AVTA_WS/install/cipher_interfaces/local/lib/python3.10/dist-packages/cipher_interfaces/cipher_interfaces_s__rosidl_typesupport_fastrtps_c.cpython-310-aarch64-linux-gnu.so
[3.578s] -- Set runtime path of "/home/michaeltanto/Documents/Programming/AVTA_WS/install/cipher_interfaces/local/lib/python3.10/dist-packages/cipher_interfaces/cipher_interfaces_s__rosidl_typesupport_fastrtps_c.cpython-310-aarch64-linux-gnu.so" to ""
[3.578s] -- Installing: /home/michaeltanto/Documents/Programming/AVTA_WS/install/cipher_interfaces/local/lib/python3.10/dist-packages/cipher_interfaces/cipher_interfaces_s__rosidl_typesupport_introspection_c.cpython-310-aarch64-linux-gnu.so
[3.578s] -- Set runtime path of "/home/michaeltanto/Documents/Programming/AVTA_WS/install/cipher_interfaces/local/lib/python3.10/dist-packages/cipher_interfaces/cipher_interfaces_s__rosidl_typesupport_introspection_c.cpython-310-aarch64-linux-gnu.so" to ""
[3.578s] -- Installing: /home/michaeltanto/Documents/Programming/AVTA_WS/install/cipher_interfaces/local/lib/python3.10/dist-packages/cipher_interfaces/cipher_interfaces_s__rosidl_typesupport_c.cpython-310-aarch64-linux-gnu.so
[3.578s] -- Set runtime path of "/home/michaeltanto/Documents/Programming/AVTA_WS/install/cipher_interfaces/local/lib/python3.10/dist-packages/cipher_interfaces/cipher_interfaces_s__rosidl_typesupport_c.cpython-310-aarch64-linux-gnu.so" to ""
[3.578s] -- Installing: /home/michaeltanto/Documents/Programming/AVTA_WS/install/cipher_interfaces/lib/libcipher_interfaces__rosidl_generator_py.so
[3.578s] -- Set runtime path of "/home/michaeltanto/Documents/Programming/AVTA_WS/install/cipher_interfaces/lib/libcipher_interfaces__rosidl_generator_py.so" to ""
[3.578s] -- Installing: /home/michaeltanto/Documents/Programming/AVTA_WS/install/cipher_interfaces/share/cipher_interfaces/msg/CipherMessage.idl
[3.578s] -- Installing: /home/michaeltanto/Documents/Programming/AVTA_WS/install/cipher_interfaces/share/cipher_interfaces/srv/CipherAnswer.idl
[3.578s] -- Installing: /home/michaeltanto/Documents/Programming/AVTA_WS/install/cipher_interfaces/share/cipher_interfaces/msg/CipherMessage.msg
[3.578s] -- Installing: /home/michaeltanto/Documents/Programming/AVTA_WS/install/cipher_interfaces/share/cipher_interfaces/srv/CipherAnswer.srv
[3.579s] -- Installing: /home/michaeltanto/Documents/Programming/AVTA_WS/install/cipher_interfaces/share/cipher_interfaces/srv/CipherAnswer_Request.msg
[3.582s] -- Installing: /home/michaeltanto/Documents/Programming/AVTA_WS/install/cipher_interfaces/share/cipher_interfaces/srv/CipherAnswer_Response.msg
[3.582s] -- Installing: /home/michaeltanto/Documents/Programming/AVTA_WS/install/cipher_interfaces/share/ament_index/resource_index/package_run_dependencies/cipher_interfaces
[3.582s] -- Installing: /home/michaeltanto/Documents/Programming/AVTA_WS/install/cipher_interfaces/share/ament_index/resource_index/parent_prefix_path/cipher_interfaces
[3.582s] -- Installing: /home/michaeltanto/Documents/Programming/AVTA_WS/install/cipher_interfaces/share/cipher_interfaces/environment/ament_prefix_path.sh
[3.582s] -- Installing: /home/michaeltanto/Documents/Programming/AVTA_WS/install/cipher_interfaces/share/cipher_interfaces/environment/ament_prefix_path.dsv
[3.583s] -- Installing: /home/michaeltanto/Documents/Programming/AVTA_WS/install/cipher_interfaces/share/cipher_interfaces/environment/path.sh
[3.583s] -- Installing: /home/michaeltanto/Documents/Programming/AVTA_WS/install/cipher_interfaces/share/cipher_interfaces/environment/path.dsv
[3.583s] -- Installing: /home/michaeltanto/Documents/Programming/AVTA_WS/install/cipher_interfaces/share/cipher_interfaces/local_setup.bash
[3.583s] -- Installing: /home/michaeltanto/Documents/Programming/AVTA_WS/install/cipher_interfaces/share/cipher_interfaces/local_setup.sh
[3.583s] -- Installing: /home/michaeltanto/Documents/Programming/AVTA_WS/install/cipher_interfaces/share/cipher_interfaces/local_setup.zsh
[3.584s] -- Installing: /home/michaeltanto/Documents/Programming/AVTA_WS/install/cipher_interfaces/share/cipher_interfaces/local_setup.dsv
[3.584s] -- Installing: /home/michaeltanto/Documents/Programming/AVTA_WS/install/cipher_interfaces/share/cipher_interfaces/package.dsv
[3.584s] -- Installing: /home/michaeltanto/Documents/Programming/AVTA_WS/install/cipher_interfaces/share/ament_index/resource_index/packages/cipher_interfaces
[3.584s] -- Installing: /home/michaeltanto/Documents/Programming/AVTA_WS/install/cipher_interfaces/share/cipher_interfaces/cmake/export_cipher_interfaces__rosidl_generator_cExport.cmake
[3.584s] -- Installing: /home/michaeltanto/Documents/Programming/AVTA_WS/install/cipher_interfaces/share/cipher_interfaces/cmake/export_cipher_interfaces__rosidl_generator_cExport-noconfig.cmake
[3.584s] -- Installing: /home/michaeltanto/Documents/Programming/AVTA_WS/install/cipher_interfaces/share/cipher_interfaces/cmake/export_cipher_interfaces__rosidl_typesupport_fastrtps_cExport.cmake
[3.584s] -- Installing: /home/michaeltanto/Documents/Programming/AVTA_WS/install/cipher_interfaces/share/cipher_interfaces/cmake/export_cipher_interfaces__rosidl_typesupport_fastrtps_cExport-noconfig.cmake
[3.584s] -- Installing: /home/michaeltanto/Documents/Programming/AVTA_WS/install/cipher_interfaces/share/cipher_interfaces/cmake/cipher_interfaces__rosidl_typesupport_introspection_cExport.cmake
[3.585s] -- Installing: /home/michaeltanto/Documents/Programming/AVTA_WS/install/cipher_interfaces/share/cipher_interfaces/cmake/cipher_interfaces__rosidl_typesupport_introspection_cExport-noconfig.cmake
[3.585s] -- Installing: /home/michaeltanto/Documents/Programming/AVTA_WS/install/cipher_interfaces/share/cipher_interfaces/cmake/cipher_interfaces__rosidl_typesupport_cExport.cmake
[3.585s] -- Installing: /home/michaeltanto/Documents/Programming/AVTA_WS/install/cipher_interfaces/share/cipher_interfaces/cmake/cipher_interfaces__rosidl_typesupport_cExport-noconfig.cmake
[3.585s] -- Installing: /home/michaeltanto/Documents/Programming/AVTA_WS/install/cipher_interfaces/share/cipher_interfaces/cmake/export_cipher_interfaces__rosidl_generator_cppExport.cmake
[3.585s] -- Installing: /home/michaeltanto/Documents/Programming/AVTA_WS/install/cipher_interfaces/share/cipher_interfaces/cmake/export_cipher_interfaces__rosidl_typesupport_fastrtps_cppExport.cmake
[3.585s] -- Installing: /home/michaeltanto/Documents/Programming/AVTA_WS/install/cipher_interfaces/share/cipher_interfaces/cmake/export_cipher_interfaces__rosidl_typesupport_fastrtps_cppExport-noconfig.cmake
[3.585s] -- Installing: /home/michaeltanto/Documents/Programming/AVTA_WS/install/cipher_interfaces/share/cipher_interfaces/cmake/cipher_interfaces__rosidl_typesupport_introspection_cppExport.cmake
[3.585s] -- Installing: /home/michaeltanto/Documents/Programming/AVTA_WS/install/cipher_interfaces/share/cipher_interfaces/cmake/cipher_interfaces__rosidl_typesupport_introspection_cppExport-noconfig.cmake
[3.586s] -- Installing: /home/michaeltanto/Documents/Programming/AVTA_WS/install/cipher_interfaces/share/cipher_interfaces/cmake/cipher_interfaces__rosidl_typesupport_cppExport.cmake
[3.586s] -- Installing: /home/michaeltanto/Documents/Programming/AVTA_WS/install/cipher_interfaces/share/cipher_interfaces/cmake/cipher_interfaces__rosidl_typesupport_cppExport-noconfig.cmake
[3.586s] -- Installing: /home/michaeltanto/Documents/Programming/AVTA_WS/install/cipher_interfaces/share/cipher_interfaces/cmake/export_cipher_interfaces__rosidl_generator_pyExport.cmake
[3.586s] -- Installing: /home/michaeltanto/Documents/Programming/AVTA_WS/install/cipher_interfaces/share/cipher_interfaces/cmake/export_cipher_interfaces__rosidl_generator_pyExport-noconfig.cmake
[3.586s] -- Installing: /home/michaeltanto/Documents/Programming/AVTA_WS/install/cipher_interfaces/share/cipher_interfaces/cmake/rosidl_cmake-extras.cmake
[3.586s] -- Installing: /home/michaeltanto/Documents/Programming/AVTA_WS/install/cipher_interfaces/share/cipher_interfaces/cmake/ament_cmake_export_dependencies-extras.cmake
[3.586s] -- Installing: /home/michaeltanto/Documents/Programming/AVTA_WS/install/cipher_interfaces/share/cipher_interfaces/cmake/ament_cmake_export_include_directories-extras.cmake
[3.586s] -- Installing: /home/michaeltanto/Documents/Programming/AVTA_WS/install/cipher_interfaces/share/cipher_interfaces/cmake/ament_cmake_export_libraries-extras.cmake
[3.586s] -- Installing: /home/michaeltanto/Documents/Programming/AVTA_WS/install/cipher_interfaces/share/cipher_interfaces/cmake/ament_cmake_export_targets-extras.cmake
[3.586s] -- Installing: /home/michaeltanto/Documents/Programming/AVTA_WS/install/cipher_interfaces/share/cipher_interfaces/cmake/rosidl_cmake_export_typesupport_targets-extras.cmake
[3.586s] -- Installing: /home/michaeltanto/Documents/Programming/AVTA_WS/install/cipher_interfaces/share/cipher_interfaces/cmake/rosidl_cmake_export_typesupport_libraries-extras.cmake
[3.586s] -- Installing: /home/michaeltanto/Documents/Programming/AVTA_WS/install/cipher_interfaces/share/cipher_interfaces/cmake/cipher_interfacesConfig.cmake
[3.586s] -- Installing: /home/michaeltanto/Documents/Programming/AVTA_WS/install/cipher_interfaces/share/cipher_interfaces/cmake/cipher_interfacesConfig-version.cmake
[3.586s] -- Installing: /home/michaeltanto/Documents/Programming/AVTA_WS/install/cipher_interfaces/share/cipher_interfaces/package.xml
[3.587s] Invoked command in '/home/michaeltanto/Documents/Programming/AVTA_WS/build/cipher_interfaces' returned '0': CMAKE_PREFIX_PATH=/opt/ros/humble /usr/bin/cmake --install /home/michaeltanto/Documents/Programming/AVTA_WS/build/cipher_interfaces
