[0.008s] Invoking command in '/home/michaeltanto/Documents/Programming/AVTA_WS/build/cpp_pubsub': CMAKE_PREFIX_PATH=${CMAKE_PREFIX_PATH}:/opt/ros/humble /usr/bin/cmake /home/michaeltanto/Documents/Programming/AVTA_WS/src/cpp_pubsub -DCMAKE_INSTALL_PREFIX=/home/michaeltanto/Documents/Programming/AVTA_WS/install/cpp_pubsub
[0.165s] -- The C compiler identification is GNU 11.4.0
[0.270s] -- The CXX compiler identification is GNU 11.4.0
[0.277s] -- Detecting C compiler ABI info
[0.330s] -- Detecting C compiler ABI info - done
[0.342s] -- Check for working C compiler: /usr/bin/cc - skipped
[0.342s] -- Detecting C compile features
[0.343s] -- Detecting C compile features - done
[0.346s] -- Detecting CXX compiler ABI info
[0.393s] -- Detecting CXX compiler ABI info - done
[0.398s] -- Check for working CXX compiler: /usr/bin/c++ - skipped
[0.399s] -- Detecting CXX compile features
[0.399s] -- Detecting CXX compile features - done
[0.405s] -- Found ament_cmake: 1.3.10 (/opt/ros/humble/share/ament_cmake/cmake)
[0.497s] -- Found Python3: /usr/bin/python3 (found version "3.10.12") found components: Interpreter 
[0.554s] -- Found ament_lint_auto: 0.12.11 (/opt/ros/humble/share/ament_lint_auto/cmake)
[0.604s] -- Added test 'lint_cmake' to check CMake code style
[0.605s] -- Added test 'xmllint' to check XML markup files
[0.606s] -- Configuring done
[0.607s] -- Generating done
[0.608s] -- Build files have been written to: /home/michaeltanto/Documents/Programming/AVTA_WS/build/cpp_pubsub
[0.611s] Invoked command in '/home/michaeltanto/Documents/Programming/AVTA_WS/build/cpp_pubsub' returned '0': CMAKE_PREFIX_PATH=${CMAKE_PREFIX_PATH}:/opt/ros/humble /usr/bin/cmake /home/michaeltanto/Documents/Programming/AVTA_WS/src/cpp_pubsub -DCMAKE_INSTALL_PREFIX=/home/michaeltanto/Documents/Programming/AVTA_WS/install/cpp_pubsub
[0.612s] Invoking command in '/home/michaeltanto/Documents/Programming/AVTA_WS/build/cpp_pubsub': CMAKE_PREFIX_PATH=${CMAKE_PREFIX_PATH}:/opt/ros/humble /usr/bin/cmake --build /home/michaeltanto/Documents/Programming/AVTA_WS/build/cpp_pubsub -- -j4 -l4
[0.632s] Invoked command in '/home/michaeltanto/Documents/Programming/AVTA_WS/build/cpp_pubsub' returned '0': CMAKE_PREFIX_PATH=${CMAKE_PREFIX_PATH}:/opt/ros/humble /usr/bin/cmake --build /home/michaeltanto/Documents/Programming/AVTA_WS/build/cpp_pubsub -- -j4 -l4
[0.656s] Invoking command in '/home/michaeltanto/Documents/Programming/AVTA_WS/build/cpp_pubsub': CMAKE_PREFIX_PATH=${CMAKE_PREFIX_PATH}:/opt/ros/humble /usr/bin/cmake --install /home/michaeltanto/Documents/Programming/AVTA_WS/build/cpp_pubsub
[0.660s] -- Install configuration: ""
[0.662s] -- Installing: /home/michaeltanto/Documents/Programming/AVTA_WS/install/cpp_pubsub/share/ament_index/resource_index/package_run_dependencies/cpp_pubsub
[0.663s] -- Installing: /home/michaeltanto/Documents/Programming/AVTA_WS/install/cpp_pubsub/share/ament_index/resource_index/parent_prefix_path/cpp_pubsub
[0.663s] -- Installing: /home/michaeltanto/Documents/Programming/AVTA_WS/install/cpp_pubsub/share/cpp_pubsub/environment/ament_prefix_path.sh
[0.663s] -- Installing: /home/michaeltanto/Documents/Programming/AVTA_WS/install/cpp_pubsub/share/cpp_pubsub/environment/ament_prefix_path.dsv
[0.663s] -- Installing: /home/michaeltanto/Documents/Programming/AVTA_WS/install/cpp_pubsub/share/cpp_pubsub/environment/path.sh
[0.663s] -- Installing: /home/michaeltanto/Documents/Programming/AVTA_WS/install/cpp_pubsub/share/cpp_pubsub/environment/path.dsv
[0.663s] -- Installing: /home/michaeltanto/Documents/Programming/AVTA_WS/install/cpp_pubsub/share/cpp_pubsub/local_setup.bash
[0.663s] -- Installing: /home/michaeltanto/Documents/Programming/AVTA_WS/install/cpp_pubsub/share/cpp_pubsub/local_setup.sh
[0.663s] -- Installing: /home/michaeltanto/Documents/Programming/AVTA_WS/install/cpp_pubsub/share/cpp_pubsub/local_setup.zsh
[0.663s] -- Installing: /home/michaeltanto/Documents/Programming/AVTA_WS/install/cpp_pubsub/share/cpp_pubsub/local_setup.dsv
[0.663s] -- Installing: /home/michaeltanto/Documents/Programming/AVTA_WS/install/cpp_pubsub/share/cpp_pubsub/package.dsv
[0.663s] -- Installing: /home/michaeltanto/Documents/Programming/AVTA_WS/install/cpp_pubsub/share/ament_index/resource_index/packages/cpp_pubsub
[0.664s] -- Installing: /home/michaeltanto/Documents/Programming/AVTA_WS/install/cpp_pubsub/share/cpp_pubsub/cmake/cpp_pubsubConfig.cmake
[0.664s] -- Installing: /home/michaeltanto/Documents/Programming/AVTA_WS/install/cpp_pubsub/share/cpp_pubsub/cmake/cpp_pubsubConfig-version.cmake
[0.664s] -- Installing: /home/michaeltanto/Documents/Programming/AVTA_WS/install/cpp_pubsub/share/cpp_pubsub/package.xml
[0.665s] Invoked command in '/home/michaeltanto/Documents/Programming/AVTA_WS/build/cpp_pubsub' returned '0': CMAKE_PREFIX_PATH=${CMAKE_PREFIX_PATH}:/opt/ros/humble /usr/bin/cmake --install /home/michaeltanto/Documents/Programming/AVTA_WS/build/cpp_pubsub
