[0.012s] Invoking command in '/home/michaeltanto/Documents/Programming/AVTA_WS/build/cipher_node': CMAKE_PREFIX_PATH=${CMAKE_PREFIX_PATH}:/opt/ros/humble /usr/bin/cmake --build /home/michaeltanto/Documents/Programming/AVTA_WS/build/cipher_node -- -j4 -l4
[0.066s] -- Found ament_cmake: 1.3.10 (/opt/ros/humble/share/ament_cmake/cmake)
[0.161s] -- Found rclcpp: 16.0.10 (/opt/ros/humble/share/rclcpp/cmake)
[0.181s] -- Found rosidl_generator_c: 3.1.5 (/opt/ros/humble/share/rosidl_generator_c/cmake)
[0.183s] -- Found rosidl_adapter: 3.1.5 (/opt/ros/humble/share/rosidl_adapter/cmake)
[0.186s] -- Found rosidl_generator_cpp: 3.1.5 (/opt/ros/humble/share/rosidl_generator_cpp/cmake)
[0.192s] -- Using all available rosidl_typesupport_c: rosidl_typesupport_fastrtps_c;rosidl_typesupport_introspection_c
[0.200s] -- Using all available rosidl_typesupport_cpp: rosidl_typesupport_fastrtps_cpp;rosidl_typesupport_introspection_cpp
[0.221s] -- Found rmw_implementation_cmake: 6.1.2 (/opt/ros/humble/share/rmw_implementation_cmake/cmake)
[0.222s] -- Found rmw_fastrtps_cpp: 6.2.7 (/opt/ros/humble/share/rmw_fastrtps_cpp/cmake)
[0.296s] -- Using RMW implementation 'rmw_fastrtps_cpp' as default
[0.332s] -- Found cipher_interfaces: 0.0.0 (/home/michaeltanto/Documents/Programming/AVTA_WS/install/cipher_interfaces/share/cipher_interfaces/cmake)
[0.403s] -- Configuring done
[0.420s] -- Generating done
[0.421s] -- Build files have been written to: /home/michaeltanto/Documents/Programming/AVTA_WS/build/cipher_node
[0.448s] [35m[1mConsolidate compiler generated dependencies of target talker[0m
[0.448s] [35m[1mConsolidate compiler generated dependencies of target listener[0m
[0.486s] [ 75%] [32mBuilding CXX object CMakeFiles/listener.dir/src/subscriber_member_function.cpp.o[0m
[0.486s] [ 75%] Built target talker
[0.800s] [01m[K/home/michaeltanto/Documents/Programming/AVTA_WS/src/cipher_node/src/subscriber_member_function.cpp:20:10:[m[K [01;31m[Kfatal error: [m[Kcipher_interfaces/msg/cipher_message.hpp: No such file or directory
[0.800s]    20 | #include [01;31m[K"cipher_interfaces/msg/cipher_message.hpp"[m[K
[0.800s]       |          [01;31m[K^~~~~~~~~~~~~~~~~~~~~~~~~~~~~~~~~~~~~~~~~~[m[K
[0.800s] compilation terminated.
[0.802s] gmake[2]: *** [CMakeFiles/listener.dir/build.make:76: CMakeFiles/listener.dir/src/subscriber_member_function.cpp.o] Error 1
[0.802s] gmake[1]: *** [CMakeFiles/Makefile2:165: CMakeFiles/listener.dir/all] Error 2
[0.802s] gmake: *** [Makefile:146: all] Error 2
[0.804s] Invoked command in '/home/michaeltanto/Documents/Programming/AVTA_WS/build/cipher_node' returned '2': CMAKE_PREFIX_PATH=${CMAKE_PREFIX_PATH}:/opt/ros/humble /usr/bin/cmake --build /home/michaeltanto/Documents/Programming/AVTA_WS/build/cipher_node -- -j4 -l4
