[0.121s] DEBUG:colcon:Command line arguments: ['/usr/bin/colcon', 'build', '--packages-select', 'cipher_node']
[0.121s] DEBUG:colcon:Parsed command line arguments: Namespace(log_base=None, log_level=None, verb_name='build', build_base='build', install_base='install', merge_install=False, symlink_install=False, test_result_base=None, continue_on_error=False, executor='parallel', parallel_workers=4, event_handlers=None, ignore_user_meta=False, metas=['./colcon.meta'], base_paths=['.'], packages_ignore=None, packages_ignore_regex=None, paths=None, packages_up_to=None, packages_up_to_regex=None, packages_above=None, packages_above_and_dependencies=None, packages_above_depth=None, packages_select_by_dep=None, packages_skip_by_dep=None, packages_skip_up_to=None, packages_select_build_failed=False, packages_skip_build_finished=False, packages_select_test_failures=False, packages_skip_test_passed=False, packages_select=['cipher_node'], packages_skip=None, packages_select_regex=None, packages_skip_regex=None, packages_start=None, packages_end=None, allow_overriding=[], cmake_args=None, cmake_target=None, cmake_target_skip_unavailable=False, cmake_clean_cache=False, cmake_clean_first=False, cmake_force_configure=False, ament_cmake_args=None, catkin_cmake_args=None, catkin_skip_building_tests=False, verb_parser=<colcon_defaults.argument_parser.defaults.DefaultArgumentsDecorator object at 0xe3ad82213f40>, verb_extension=<colcon_core.verb.build.BuildVerb object at 0xe3ad8242cb50>, main=<bound method BuildVerb.main of <colcon_core.verb.build.BuildVerb object at 0xe3ad8242cb50>>)
[0.234s] Level 1:colcon.colcon_core.package_discovery:discover_packages(colcon_meta) check parameters
[0.234s] Level 1:colcon.colcon_core.package_discovery:discover_packages(recursive) check parameters
[0.234s] Level 1:colcon.colcon_core.package_discovery:discover_packages(ignore) check parameters
[0.234s] Level 1:colcon.colcon_core.package_discovery:discover_packages(path) check parameters
[0.234s] Level 1:colcon.colcon_core.package_discovery:discover_packages(colcon_meta) discover
[0.234s] Level 1:colcon.colcon_core.package_discovery:discover_packages(recursive) discover
[0.234s] INFO:colcon.colcon_core.package_discovery:Crawling recursively for packages in '/home/michaeltanto/Documents/Programming/AVTA_WS'
[0.235s] Level 1:colcon.colcon_core.package_identification:_identify(.) by extensions ['ignore', 'ignore_ament_install']
[0.235s] Level 1:colcon.colcon_core.package_identification:_identify(.) by extension 'ignore'
[0.235s] Level 1:colcon.colcon_core.package_identification:_identify(.) by extension 'ignore_ament_install'
[0.235s] Level 1:colcon.colcon_core.package_identification:_identify(.) by extensions ['colcon_pkg']
[0.235s] Level 1:colcon.colcon_core.package_identification:_identify(.) by extension 'colcon_pkg'
[0.235s] Level 1:colcon.colcon_core.package_identification:_identify(.) by extensions ['colcon_meta']
[0.235s] Level 1:colcon.colcon_core.package_identification:_identify(.) by extension 'colcon_meta'
[0.235s] Level 1:colcon.colcon_core.package_identification:_identify(.) by extensions ['ros']
[0.235s] Level 1:colcon.colcon_core.package_identification:_identify(.) by extension 'ros'
[0.247s] Level 1:colcon.colcon_core.package_identification:_identify(.) by extensions ['cmake', 'python']
[0.247s] Level 1:colcon.colcon_core.package_identification:_identify(.) by extension 'cmake'
[0.247s] Level 1:colcon.colcon_core.package_identification:_identify(.) by extension 'python'
[0.247s] Level 1:colcon.colcon_core.package_identification:_identify(.) by extensions ['python_setup_py']
[0.247s] Level 1:colcon.colcon_core.package_identification:_identify(.) by extension 'python_setup_py'
[0.247s] Level 1:colcon.colcon_core.package_identification:_identify(build) by extensions ['ignore', 'ignore_ament_install']
[0.247s] Level 1:colcon.colcon_core.package_identification:_identify(build) by extension 'ignore'
[0.247s] Level 1:colcon.colcon_core.package_identification:_identify(build) ignored
[0.247s] Level 1:colcon.colcon_core.package_identification:_identify(install) by extensions ['ignore', 'ignore_ament_install']
[0.247s] Level 1:colcon.colcon_core.package_identification:_identify(install) by extension 'ignore'
[0.247s] Level 1:colcon.colcon_core.package_identification:_identify(install) ignored
[0.247s] Level 1:colcon.colcon_core.package_identification:_identify(log) by extensions ['ignore', 'ignore_ament_install']
[0.247s] Level 1:colcon.colcon_core.package_identification:_identify(log) by extension 'ignore'
[0.247s] Level 1:colcon.colcon_core.package_identification:_identify(log) ignored
[0.247s] Level 1:colcon.colcon_core.package_identification:_identify(src) by extensions ['ignore', 'ignore_ament_install']
[0.247s] Level 1:colcon.colcon_core.package_identification:_identify(src) by extension 'ignore'
[0.247s] Level 1:colcon.colcon_core.package_identification:_identify(src) by extension 'ignore_ament_install'
[0.247s] Level 1:colcon.colcon_core.package_identification:_identify(src) by extensions ['colcon_pkg']
[0.247s] Level 1:colcon.colcon_core.package_identification:_identify(src) by extension 'colcon_pkg'
[0.247s] Level 1:colcon.colcon_core.package_identification:_identify(src) by extensions ['colcon_meta']
[0.247s] Level 1:colcon.colcon_core.package_identification:_identify(src) by extension 'colcon_meta'
[0.248s] Level 1:colcon.colcon_core.package_identification:_identify(src) by extensions ['ros']
[0.248s] Level 1:colcon.colcon_core.package_identification:_identify(src) by extension 'ros'
[0.248s] Level 1:colcon.colcon_core.package_identification:_identify(src) by extensions ['cmake', 'python']
[0.248s] Level 1:colcon.colcon_core.package_identification:_identify(src) by extension 'cmake'
[0.248s] Level 1:colcon.colcon_core.package_identification:_identify(src) by extension 'python'
[0.248s] Level 1:colcon.colcon_core.package_identification:_identify(src) by extensions ['python_setup_py']
[0.248s] Level 1:colcon.colcon_core.package_identification:_identify(src) by extension 'python_setup_py'
[0.248s] Level 1:colcon.colcon_core.package_identification:_identify(src/cipher_interfaces) by extensions ['ignore', 'ignore_ament_install']
[0.248s] Level 1:colcon.colcon_core.package_identification:_identify(src/cipher_interfaces) by extension 'ignore'
[0.248s] Level 1:colcon.colcon_core.package_identification:_identify(src/cipher_interfaces) by extension 'ignore_ament_install'
[0.248s] Level 1:colcon.colcon_core.package_identification:_identify(src/cipher_interfaces) by extensions ['colcon_pkg']
[0.248s] Level 1:colcon.colcon_core.package_identification:_identify(src/cipher_interfaces) by extension 'colcon_pkg'
[0.248s] Level 1:colcon.colcon_core.package_identification:_identify(src/cipher_interfaces) by extensions ['colcon_meta']
[0.248s] Level 1:colcon.colcon_core.package_identification:_identify(src/cipher_interfaces) by extension 'colcon_meta'
[0.248s] Level 1:colcon.colcon_core.package_identification:_identify(src/cipher_interfaces) by extensions ['ros']
[0.248s] Level 1:colcon.colcon_core.package_identification:_identify(src/cipher_interfaces) by extension 'ros'
[0.250s] DEBUG:colcon.colcon_core.package_identification:Package 'src/cipher_interfaces' with type 'ros.ament_cmake' and name 'cipher_interfaces'
[0.250s] Level 1:colcon.colcon_core.package_identification:_identify(src/cipher_node) by extensions ['ignore', 'ignore_ament_install']
[0.250s] Level 1:colcon.colcon_core.package_identification:_identify(src/cipher_node) by extension 'ignore'
[0.250s] Level 1:colcon.colcon_core.package_identification:_identify(src/cipher_node) by extension 'ignore_ament_install'
[0.250s] Level 1:colcon.colcon_core.package_identification:_identify(src/cipher_node) by extensions ['colcon_pkg']
[0.250s] Level 1:colcon.colcon_core.package_identification:_identify(src/cipher_node) by extension 'colcon_pkg'
[0.250s] Level 1:colcon.colcon_core.package_identification:_identify(src/cipher_node) by extensions ['colcon_meta']
[0.250s] Level 1:colcon.colcon_core.package_identification:_identify(src/cipher_node) by extension 'colcon_meta'
[0.250s] Level 1:colcon.colcon_core.package_identification:_identify(src/cipher_node) by extensions ['ros']
[0.250s] Level 1:colcon.colcon_core.package_identification:_identify(src/cipher_node) by extension 'ros'
[0.251s] DEBUG:colcon.colcon_core.package_identification:Package 'src/cipher_node' with type 'ros.ament_cmake' and name 'cipher_node'
[0.251s] Level 1:colcon.colcon_core.package_identification:_identify(src/cpp_pubsub) by extensions ['ignore', 'ignore_ament_install']
[0.251s] Level 1:colcon.colcon_core.package_identification:_identify(src/cpp_pubsub) by extension 'ignore'
[0.251s] Level 1:colcon.colcon_core.package_identification:_identify(src/cpp_pubsub) by extension 'ignore_ament_install'
[0.251s] Level 1:colcon.colcon_core.package_identification:_identify(src/cpp_pubsub) by extensions ['colcon_pkg']
[0.251s] Level 1:colcon.colcon_core.package_identification:_identify(src/cpp_pubsub) by extension 'colcon_pkg'
[0.251s] Level 1:colcon.colcon_core.package_identification:_identify(src/cpp_pubsub) by extensions ['colcon_meta']
[0.251s] Level 1:colcon.colcon_core.package_identification:_identify(src/cpp_pubsub) by extension 'colcon_meta'
[0.251s] Level 1:colcon.colcon_core.package_identification:_identify(src/cpp_pubsub) by extensions ['ros']
[0.251s] Level 1:colcon.colcon_core.package_identification:_identify(src/cpp_pubsub) by extension 'ros'
[0.251s] DEBUG:colcon.colcon_core.package_identification:Package 'src/cpp_pubsub' with type 'ros.ament_cmake' and name 'cpp_pubsub'
[0.251s] Level 1:colcon.colcon_core.package_identification:_identify(src/tutorial_interfaces) by extensions ['ignore', 'ignore_ament_install']
[0.251s] Level 1:colcon.colcon_core.package_identification:_identify(src/tutorial_interfaces) by extension 'ignore'
[0.251s] Level 1:colcon.colcon_core.package_identification:_identify(src/tutorial_interfaces) by extension 'ignore_ament_install'
[0.251s] Level 1:colcon.colcon_core.package_identification:_identify(src/tutorial_interfaces) by extensions ['colcon_pkg']
[0.251s] Level 1:colcon.colcon_core.package_identification:_identify(src/tutorial_interfaces) by extension 'colcon_pkg'
[0.251s] Level 1:colcon.colcon_core.package_identification:_identify(src/tutorial_interfaces) by extensions ['colcon_meta']
[0.251s] Level 1:colcon.colcon_core.package_identification:_identify(src/tutorial_interfaces) by extension 'colcon_meta'
[0.251s] Level 1:colcon.colcon_core.package_identification:_identify(src/tutorial_interfaces) by extensions ['ros']
[0.251s] Level 1:colcon.colcon_core.package_identification:_identify(src/tutorial_interfaces) by extension 'ros'
[0.252s] DEBUG:colcon.colcon_core.package_identification:Package 'src/tutorial_interfaces' with type 'ros.ament_cmake' and name 'tutorial_interfaces'
[0.252s] Level 1:colcon.colcon_core.package_discovery:discover_packages(recursive) using defaults
[0.252s] Level 1:colcon.colcon_core.package_discovery:discover_packages(ignore) discover
[0.252s] Level 1:colcon.colcon_core.package_discovery:discover_packages(ignore) using defaults
[0.252s] Level 1:colcon.colcon_core.package_discovery:discover_packages(path) discover
[0.252s] Level 1:colcon.colcon_core.package_discovery:discover_packages(path) using defaults
[0.278s] INFO:colcon.colcon_core.package_selection:Skipping not selected package 'cipher_interfaces' in 'src/cipher_interfaces'
[0.278s] INFO:colcon.colcon_core.package_selection:Skipping not selected package 'cpp_pubsub' in 'src/cpp_pubsub'
[0.278s] INFO:colcon.colcon_core.package_selection:Skipping not selected package 'tutorial_interfaces' in 'src/tutorial_interfaces'
[0.279s] Level 1:colcon.colcon_core.package_discovery:discover_packages(prefix_path) check parameters
[0.279s] Level 1:colcon.colcon_core.package_discovery:discover_packages(prefix_path) discover
[0.281s] DEBUG:colcon.colcon_installed_package_information.package_discovery:Found 3 installed packages in /home/michaeltanto/Documents/Programming/AVTA_WS/install
[0.282s] DEBUG:colcon.colcon_installed_package_information.package_discovery:Found 287 installed packages in /opt/ros/humble
[0.283s] Level 1:colcon.colcon_core.package_discovery:discover_packages(prefix_path) using defaults
[0.323s] Level 5:colcon.colcon_core.verb:set package 'cipher_node' build argument 'cmake_args' from command line to 'None'
[0.324s] Level 5:colcon.colcon_core.verb:set package 'cipher_node' build argument 'cmake_target' from command line to 'None'
[0.324s] Level 5:colcon.colcon_core.verb:set package 'cipher_node' build argument 'cmake_target_skip_unavailable' from command line to 'False'
[0.324s] Level 5:colcon.colcon_core.verb:set package 'cipher_node' build argument 'cmake_clean_cache' from command line to 'False'
[0.324s] Level 5:colcon.colcon_core.verb:set package 'cipher_node' build argument 'cmake_clean_first' from command line to 'False'
[0.324s] Level 5:colcon.colcon_core.verb:set package 'cipher_node' build argument 'cmake_force_configure' from command line to 'False'
[0.324s] Level 5:colcon.colcon_core.verb:set package 'cipher_node' build argument 'ament_cmake_args' from command line to 'None'
[0.324s] Level 5:colcon.colcon_core.verb:set package 'cipher_node' build argument 'catkin_cmake_args' from command line to 'None'
[0.324s] Level 5:colcon.colcon_core.verb:set package 'cipher_node' build argument 'catkin_skip_building_tests' from command line to 'False'
[0.324s] DEBUG:colcon.colcon_core.verb:Building package 'cipher_node' with the following arguments: {'ament_cmake_args': None, 'build_base': '/home/michaeltanto/Documents/Programming/AVTA_WS/build/cipher_node', 'catkin_cmake_args': None, 'catkin_skip_building_tests': False, 'cmake_args': None, 'cmake_clean_cache': False, 'cmake_clean_first': False, 'cmake_force_configure': False, 'cmake_target': None, 'cmake_target_skip_unavailable': False, 'install_base': '/home/michaeltanto/Documents/Programming/AVTA_WS/install/cipher_node', 'merge_install': False, 'path': '/home/michaeltanto/Documents/Programming/AVTA_WS/src/cipher_node', 'symlink_install': False, 'test_result_base': None}
[0.324s] INFO:colcon.colcon_core.executor:Executing jobs using 'parallel' executor
[0.325s] DEBUG:colcon.colcon_parallel_executor.executor.parallel:run_until_complete
[0.325s] INFO:colcon.colcon_ros.task.ament_cmake.build:Building ROS package in '/home/michaeltanto/Documents/Programming/AVTA_WS/src/cipher_node' with build type 'ament_cmake'
[0.325s] INFO:colcon.colcon_cmake.task.cmake.build:Building CMake package in '/home/michaeltanto/Documents/Programming/AVTA_WS/src/cipher_node'
[0.326s] INFO:colcon.colcon_core.plugin_system:Skipping extension 'colcon_core.shell.bat': Not used on non-Windows systems
[0.326s] INFO:colcon.colcon_core.shell:Skip shell extension 'powershell' for command environment: Not usable outside of PowerShell
[0.326s] DEBUG:colcon.colcon_core.shell:Skip shell extension 'dsv' for command environment
[0.337s] DEBUG:colcon.colcon_core.event_handler.log_command:Invoking command in '/home/michaeltanto/Documents/Programming/AVTA_WS/build/cipher_node': CMAKE_PREFIX_PATH=${CMAKE_PREFIX_PATH}:/opt/ros/humble /usr/bin/cmake --build /home/michaeltanto/Documents/Programming/AVTA_WS/build/cipher_node -- -j4 -l4
[9.047s] DEBUG:colcon.colcon_core.event_handler.log_command:Invoked command in '/home/michaeltanto/Documents/Programming/AVTA_WS/build/cipher_node' returned '0': CMAKE_PREFIX_PATH=${CMAKE_PREFIX_PATH}:/opt/ros/humble /usr/bin/cmake --build /home/michaeltanto/Documents/Programming/AVTA_WS/build/cipher_node -- -j4 -l4
[9.081s] DEBUG:colcon.colcon_core.event_handler.log_command:Invoking command in '/home/michaeltanto/Documents/Programming/AVTA_WS/build/cipher_node': CMAKE_PREFIX_PATH=${CMAKE_PREFIX_PATH}:/opt/ros/humble /usr/bin/cmake --install /home/michaeltanto/Documents/Programming/AVTA_WS/build/cipher_node
[9.123s] Level 1:colcon.colcon_core.environment:create_environment_scripts_only(cipher_node)
[9.124s] DEBUG:colcon.colcon_core.event_handler.log_command:Invoked command in '/home/michaeltanto/Documents/Programming/AVTA_WS/build/cipher_node' returned '0': CMAKE_PREFIX_PATH=${CMAKE_PREFIX_PATH}:/opt/ros/humble /usr/bin/cmake --install /home/michaeltanto/Documents/Programming/AVTA_WS/build/cipher_node
[9.127s] Level 1:colcon.colcon_core.environment:checking '/home/michaeltanto/Documents/Programming/AVTA_WS/install/cipher_node' for CMake module files
[9.127s] Level 1:colcon.colcon_core.environment:checking '/home/michaeltanto/Documents/Programming/AVTA_WS/install/cipher_node' for CMake config files
[9.128s] Level 1:colcon.colcon_core.shell:create_environment_hook('cipher_node', 'cmake_prefix_path')
[9.128s] INFO:colcon.colcon_core.shell:Creating environment hook '/home/michaeltanto/Documents/Programming/AVTA_WS/install/cipher_node/share/cipher_node/hook/cmake_prefix_path.ps1'
[9.130s] INFO:colcon.colcon_core.shell:Creating environment descriptor '/home/michaeltanto/Documents/Programming/AVTA_WS/install/cipher_node/share/cipher_node/hook/cmake_prefix_path.dsv'
[9.130s] INFO:colcon.colcon_core.shell:Creating environment hook '/home/michaeltanto/Documents/Programming/AVTA_WS/install/cipher_node/share/cipher_node/hook/cmake_prefix_path.sh'
[9.131s] Level 1:colcon.colcon_core.environment:checking '/home/michaeltanto/Documents/Programming/AVTA_WS/install/cipher_node/lib'
[9.131s] Level 1:colcon.colcon_core.environment:checking '/home/michaeltanto/Documents/Programming/AVTA_WS/install/cipher_node/bin'
[9.131s] Level 1:colcon.colcon_core.environment:checking '/home/michaeltanto/Documents/Programming/AVTA_WS/install/cipher_node/lib/pkgconfig/cipher_node.pc'
[9.131s] Level 1:colcon.colcon_core.environment:checking '/home/michaeltanto/Documents/Programming/AVTA_WS/install/cipher_node/lib/python3.10/site-packages'
[9.132s] Level 1:colcon.colcon_core.environment:checking '/home/michaeltanto/Documents/Programming/AVTA_WS/install/cipher_node/bin'
[9.132s] INFO:colcon.colcon_core.shell:Creating package script '/home/michaeltanto/Documents/Programming/AVTA_WS/install/cipher_node/share/cipher_node/package.ps1'
[9.132s] INFO:colcon.colcon_core.shell:Creating package descriptor '/home/michaeltanto/Documents/Programming/AVTA_WS/install/cipher_node/share/cipher_node/package.dsv'
[9.133s] INFO:colcon.colcon_core.shell:Creating package script '/home/michaeltanto/Documents/Programming/AVTA_WS/install/cipher_node/share/cipher_node/package.sh'
[9.133s] INFO:colcon.colcon_core.shell:Creating package script '/home/michaeltanto/Documents/Programming/AVTA_WS/install/cipher_node/share/cipher_node/package.bash'
[9.134s] INFO:colcon.colcon_core.shell:Creating package script '/home/michaeltanto/Documents/Programming/AVTA_WS/install/cipher_node/share/cipher_node/package.zsh'
[9.134s] Level 1:colcon.colcon_core.environment:create_file_with_runtime_dependencies(/home/michaeltanto/Documents/Programming/AVTA_WS/install/cipher_node/share/colcon-core/packages/cipher_node)
[9.152s] Level 1:colcon.colcon_core.environment:create_environment_scripts_only(cipher_node)
[9.152s] Level 1:colcon.colcon_core.environment:checking '/home/michaeltanto/Documents/Programming/AVTA_WS/install/cipher_node' for CMake module files
[9.153s] Level 1:colcon.colcon_core.environment:checking '/home/michaeltanto/Documents/Programming/AVTA_WS/install/cipher_node' for CMake config files
[9.153s] Level 1:colcon.colcon_core.shell:create_environment_hook('cipher_node', 'cmake_prefix_path')
[9.153s] INFO:colcon.colcon_core.shell:Creating environment hook '/home/michaeltanto/Documents/Programming/AVTA_WS/install/cipher_node/share/cipher_node/hook/cmake_prefix_path.ps1'
[9.153s] INFO:colcon.colcon_core.shell:Creating environment descriptor '/home/michaeltanto/Documents/Programming/AVTA_WS/install/cipher_node/share/cipher_node/hook/cmake_prefix_path.dsv'
[9.154s] INFO:colcon.colcon_core.shell:Creating environment hook '/home/michaeltanto/Documents/Programming/AVTA_WS/install/cipher_node/share/cipher_node/hook/cmake_prefix_path.sh'
[9.154s] Level 1:colcon.colcon_core.environment:checking '/home/michaeltanto/Documents/Programming/AVTA_WS/install/cipher_node/lib'
[9.154s] Level 1:colcon.colcon_core.environment:checking '/home/michaeltanto/Documents/Programming/AVTA_WS/install/cipher_node/bin'
[9.154s] Level 1:colcon.colcon_core.environment:checking '/home/michaeltanto/Documents/Programming/AVTA_WS/install/cipher_node/lib/pkgconfig/cipher_node.pc'
[9.154s] Level 1:colcon.colcon_core.environment:checking '/home/michaeltanto/Documents/Programming/AVTA_WS/install/cipher_node/lib/python3.10/site-packages'
[9.154s] Level 1:colcon.colcon_core.environment:checking '/home/michaeltanto/Documents/Programming/AVTA_WS/install/cipher_node/bin'
[9.154s] INFO:colcon.colcon_core.shell:Creating package script '/home/michaeltanto/Documents/Programming/AVTA_WS/install/cipher_node/share/cipher_node/package.ps1'
[9.155s] INFO:colcon.colcon_core.shell:Creating package descriptor '/home/michaeltanto/Documents/Programming/AVTA_WS/install/cipher_node/share/cipher_node/package.dsv'
[9.155s] INFO:colcon.colcon_core.shell:Creating package script '/home/michaeltanto/Documents/Programming/AVTA_WS/install/cipher_node/share/cipher_node/package.sh'
[9.156s] INFO:colcon.colcon_core.shell:Creating package script '/home/michaeltanto/Documents/Programming/AVTA_WS/install/cipher_node/share/cipher_node/package.bash'
[9.156s] INFO:colcon.colcon_core.shell:Creating package script '/home/michaeltanto/Documents/Programming/AVTA_WS/install/cipher_node/share/cipher_node/package.zsh'
[9.156s] Level 1:colcon.colcon_core.environment:create_file_with_runtime_dependencies(/home/michaeltanto/Documents/Programming/AVTA_WS/install/cipher_node/share/colcon-core/packages/cipher_node)
[9.156s] DEBUG:colcon.colcon_parallel_executor.executor.parallel:closing loop
[9.157s] DEBUG:colcon.colcon_parallel_executor.executor.parallel:loop closed
[9.157s] DEBUG:colcon.colcon_parallel_executor.executor.parallel:run_until_complete finished with '0'
[9.157s] DEBUG:colcon.colcon_core.event_reactor:joining thread
[9.167s] INFO:colcon.colcon_core.plugin_system:Skipping extension 'colcon_notification.desktop_notification.terminal_notifier': Not used on non-Darwin systems
[9.167s] INFO:colcon.colcon_core.plugin_system:Skipping extension 'colcon_notification.desktop_notification.win32': Not used on non-Windows systems
[9.167s] INFO:colcon.colcon_notification.desktop_notification:Sending desktop notification using 'notify2'
[9.229s] DEBUG:colcon.colcon_core.event_reactor:joined thread
[9.229s] INFO:colcon.colcon_core.shell:Creating prefix script '/home/michaeltanto/Documents/Programming/AVTA_WS/install/local_setup.ps1'
[9.261s] INFO:colcon.colcon_core.shell:Creating prefix util module '/home/michaeltanto/Documents/Programming/AVTA_WS/install/_local_setup_util_ps1.py'
[9.275s] INFO:colcon.colcon_core.shell:Creating prefix chain script '/home/michaeltanto/Documents/Programming/AVTA_WS/install/setup.ps1'
[9.277s] INFO:colcon.colcon_core.shell:Creating prefix script '/home/michaeltanto/Documents/Programming/AVTA_WS/install/local_setup.sh'
[9.277s] INFO:colcon.colcon_core.shell:Creating prefix util module '/home/michaeltanto/Documents/Programming/AVTA_WS/install/_local_setup_util_sh.py'
[9.278s] INFO:colcon.colcon_core.shell:Creating prefix chain script '/home/michaeltanto/Documents/Programming/AVTA_WS/install/setup.sh'
[9.284s] INFO:colcon.colcon_core.shell:Creating prefix script '/home/michaeltanto/Documents/Programming/AVTA_WS/install/local_setup.bash'
[9.285s] INFO:colcon.colcon_core.shell:Creating prefix chain script '/home/michaeltanto/Documents/Programming/AVTA_WS/install/setup.bash'
[9.286s] INFO:colcon.colcon_core.shell:Creating prefix script '/home/michaeltanto/Documents/Programming/AVTA_WS/install/local_setup.zsh'
[9.288s] INFO:colcon.colcon_core.shell:Creating prefix chain script '/home/michaeltanto/Documents/Programming/AVTA_WS/install/setup.zsh'
