[0.009s] Invoking command in '/home/michaeltanto/Documents/Programming/AVTA_WS/build/cipher_node': CMAKE_PREFIX_PATH=${CMAKE_PREFIX_PATH}:/opt/ros/humble /usr/bin/cmake /home/michaeltanto/Documents/Programming/AVTA_WS/src/cipher_node -DCMAKE_INSTALL_PREFIX=/home/michaeltanto/Documents/Programming/AVTA_WS/install/cipher_node
[0.211s] -- The C compiler identification is GNU 11.4.0
[0.324s] -- The CXX compiler identification is GNU 11.4.0
[0.347s] -- Detecting C compiler ABI info
[0.398s] -- Detecting C compiler ABI info - done
[0.403s] -- Check for working C compiler: /usr/bin/cc - skipped
[0.404s] -- Detecting C compile features
[0.405s] -- Detecting C compile features - done
[0.408s] -- Detecting CXX compiler ABI info
[0.476s] -- Detecting CXX compiler ABI info - done
[0.481s] -- Check for working CXX compiler: /usr/bin/c++ - skipped
[0.482s] -- Detecting CXX compile features
[0.482s] -- Detecting CXX compile features - done
[0.495s] -- Found ament_cmake: 1.3.10 (/opt/ros/humble/share/ament_cmake/cmake)
[0.596s] -- Found Python3: /usr/bin/python3 (found version "3.10.12") found components: Interpreter 
[0.677s] -- Found rclcpp: 16.0.10 (/opt/ros/humble/share/rclcpp/cmake)
[0.726s] -- Found rosidl_generator_c: 3.1.5 (/opt/ros/humble/share/rosidl_generator_c/cmake)
[0.740s] -- Found rosidl_adapter: 3.1.5 (/opt/ros/humble/share/rosidl_adapter/cmake)
[0.748s] -- Found rosidl_generator_cpp: 3.1.5 (/opt/ros/humble/share/rosidl_generator_cpp/cmake)
[0.761s] -- Using all available rosidl_typesupport_c: rosidl_typesupport_fastrtps_c;rosidl_typesupport_introspection_c
[0.776s] -- Using all available rosidl_typesupport_cpp: rosidl_typesupport_fastrtps_cpp;rosidl_typesupport_introspection_cpp
[0.817s] -- Found rmw_implementation_cmake: 6.1.2 (/opt/ros/humble/share/rmw_implementation_cmake/cmake)
[0.820s] -- Found rmw_fastrtps_cpp: 6.2.7 (/opt/ros/humble/share/rmw_fastrtps_cpp/cmake)
[0.897s] -- Found OpenSSL: /usr/lib/aarch64-linux-gnu/libcrypto.so (found version "3.0.2")  
[0.917s] -- Found FastRTPS: /opt/ros/humble/include  
[0.951s] -- Using RMW implementation 'rmw_fastrtps_cpp' as default
[0.961s] -- Looking for pthread.h
[1.015s] -- Looking for pthread.h - found
[1.016s] -- Performing Test CMAKE_HAVE_LIBC_PTHREAD
[1.076s] -- Performing Test CMAKE_HAVE_LIBC_PTHREAD - Success
[1.077s] -- Found Threads: TRUE  
[1.173s] [31mCMake Error at /opt/ros/humble/share/ament_cmake_core/cmake/core/ament_package_xml.cmake:53 (message):
[1.173s]   ament_package_xml() package name 'cipher_node' in '/package.xml' does not
[1.173s]   match current PROJECT_NAME 'cpp_pubsub'.  You must call project() with the
[1.173s]   same package name before.
[1.173s] Call Stack (most recent call first):
[1.173s]   /opt/ros/humble/share/ament_cmake_core/cmake/core/ament_package.cmake:63 (ament_package_xml)
[1.173s]   CMakeLists.txt:31 (ament_package)
[1.173s] 
[1.173s] [0m
[1.173s] -- Configuring incomplete, errors occurred!
[1.173s] See also "/home/michaeltanto/Documents/Programming/AVTA_WS/build/cipher_node/CMakeFiles/CMakeOutput.log".
[1.179s] Invoked command in '/home/michaeltanto/Documents/Programming/AVTA_WS/build/cipher_node' returned '1': CMAKE_PREFIX_PATH=${CMAKE_PREFIX_PATH}:/opt/ros/humble /usr/bin/cmake /home/michaeltanto/Documents/Programming/AVTA_WS/src/cipher_node -DCMAKE_INSTALL_PREFIX=/home/michaeltanto/Documents/Programming/AVTA_WS/install/cipher_node
