[0.013s] Invoking command in '/home/michaeltanto/Documents/Programming/AVTA_WS/build/cipher_interfaces': CMAKE_PREFIX_PATH=${CMAKE_PREFIX_PATH}:/opt/ros/humble /usr/bin/cmake /home/michaeltanto/Documents/Programming/AVTA_WS/src/cipher_interfaces -DCMAKE_INSTALL_PREFIX=/home/michaeltanto/Documents/Programming/AVTA_WS/install/cipher_interfaces
[0.217s] -- The C compiler identification is GNU 11.4.0
[0.312s] -- The CXX compiler identification is GNU 11.4.0
[0.320s] -- Detecting C compiler ABI info
[0.401s] -- Detecting C compiler ABI info - done
[0.414s] -- Check for working C compiler: /usr/bin/cc - skipped
[0.415s] -- Detecting C compile features
[0.416s] -- Detecting C compile features - done
[0.420s] -- Detecting CXX compiler ABI info
[0.496s] -- Detecting CXX compiler ABI info - done
[0.503s] -- Check for working CXX compiler: /usr/bin/c++ - skipped
[0.503s] -- Detecting CXX compile features
[0.503s] -- Detecting CXX compile features - done
[0.511s] -- Found ament_cmake: 1.3.10 (/opt/ros/humble/share/ament_cmake/cmake)
[0.623s] -- Found Python3: /usr/bin/python3 (found version "3.10.12") found components: Interpreter 
[0.685s] -- Found rosidl_default_generators: 1.2.0 (/opt/ros/humble/share/rosidl_default_generators/cmake)
[0.689s] -- Using all available rosidl_typesupport_c: rosidl_typesupport_fastrtps_c;rosidl_typesupport_introspection_c
[0.694s] -- Found rosidl_adapter: 3.1.5 (/opt/ros/humble/share/rosidl_adapter/cmake)
[0.723s] -- Using all available rosidl_typesupport_cpp: rosidl_typesupport_fastrtps_cpp;rosidl_typesupport_introspection_cpp
[0.755s] -- Found std_msgs: 4.2.4 (/opt/ros/humble/share/std_msgs/cmake)
[0.959s] -- Found ament_cmake_ros: 0.10.0 (/opt/ros/humble/share/ament_cmake_ros/cmake)
[1.097s] -- Using all available rosidl_typesupport_c: rosidl_typesupport_fastrtps_c;rosidl_typesupport_introspection_c
[1.278s] -- Using all available rosidl_typesupport_cpp: rosidl_typesupport_fastrtps_cpp;rosidl_typesupport_introspection_cpp
[1.292s] -- Found PythonInterp: /usr/bin/python3 (found suitable version "3.10.12", minimum required is "3.6") 
[1.293s] -- Found python_cmake_module: 0.10.0 (/opt/ros/humble/share/python_cmake_module/cmake)
[1.312s] -- Found PythonLibs: /usr/lib/aarch64-linux-gnu/libpython3.10.so (found suitable version "3.10.12", minimum required is "3.5") 
[1.312s] -- Using PYTHON_EXECUTABLE: /usr/bin/python3
[1.312s] -- Using PYTHON_INCLUDE_DIRS: /usr/include/python3.10
[1.312s] -- Using PYTHON_LIBRARIES: /usr/lib/aarch64-linux-gnu/libpython3.10.so
[1.323s] -- Found PythonExtra: .so  
[1.368s] -- Configuring done
[1.408s] -- Generating done
[1.410s] -- Build files have been written to: /home/michaeltanto/Documents/Programming/AVTA_WS/build/cipher_interfaces
[1.415s] Invoked command in '/home/michaeltanto/Documents/Programming/AVTA_WS/build/cipher_interfaces' returned '0': CMAKE_PREFIX_PATH=${CMAKE_PREFIX_PATH}:/opt/ros/humble /usr/bin/cmake /home/michaeltanto/Documents/Programming/AVTA_WS/src/cipher_interfaces -DCMAKE_INSTALL_PREFIX=/home/michaeltanto/Documents/Programming/AVTA_WS/install/cipher_interfaces
[1.417s] Invoking command in '/home/michaeltanto/Documents/Programming/AVTA_WS/build/cipher_interfaces': CMAKE_PREFIX_PATH=${CMAKE_PREFIX_PATH}:/opt/ros/humble /usr/bin/cmake --build /home/michaeltanto/Documents/Programming/AVTA_WS/build/cipher_interfaces -- -j4 -l4
[1.455s] [  2%] [34m[1mGenerating C code for ROS interfaces[0m
[1.460s] [  5%] [34m[1mGenerating C++ code for ROS interfaces[0m
[1.466s] [  5%] Built target ament_cmake_python_copy_cipher_interfaces
[1.605s] running egg_info
[1.605s] creating cipher_interfaces.egg-info
[1.605s] writing cipher_interfaces.egg-info/PKG-INFO
[1.605s] writing dependency_links to cipher_interfaces.egg-info/dependency_links.txt
[1.605s] writing top-level names to cipher_interfaces.egg-info/top_level.txt
[1.605s] writing manifest file 'cipher_interfaces.egg-info/SOURCES.txt'
[1.607s] reading manifest file 'cipher_interfaces.egg-info/SOURCES.txt'
[1.607s] writing manifest file 'cipher_interfaces.egg-info/SOURCES.txt'
[1.623s] [  5%] Built target ament_cmake_python_build_cipher_interfaces_egg
[1.682s] [  5%] Built target cipher_interfaces__cpp
[1.687s] [  7%] [34m[1mGenerating C++ type support dispatch for ROS interfaces[0m
[1.696s] [ 10%] [34m[1mGenerating C++ type support for eProsima Fast-RTPS[0m
[1.696s] [ 12%] [34m[1mGenerating C++ introspection for ROS interfaces[0m
[1.702s] [ 15%] [32mBuilding C object CMakeFiles/cipher_interfaces__rosidl_generator_c.dir/rosidl_generator_c/cipher_interfaces/msg/detail/cipher_message__functions.c.o[0m
[1.763s] [ 17%] [32mBuilding C object CMakeFiles/cipher_interfaces__rosidl_generator_c.dir/rosidl_generator_c/cipher_interfaces/srv/detail/cipher_answer__functions.c.o[0m
[1.799s] [ 20%] [32m[1mLinking C shared library libcipher_interfaces__rosidl_generator_c.so[0m
[1.823s] [ 20%] Built target cipher_interfaces__rosidl_generator_c
[1.829s] [ 23%] [34m[1mGenerating C type support for eProsima Fast-RTPS[0m
[1.869s] [ 25%] [32mBuilding CXX object CMakeFiles/cipher_interfaces__rosidl_typesupport_cpp.dir/rosidl_typesupport_cpp/cipher_interfaces/msg/cipher_message__type_support.cpp.o[0m
[1.893s] [ 28%] [32mBuilding CXX object CMakeFiles/cipher_interfaces__rosidl_typesupport_introspection_cpp.dir/rosidl_typesupport_introspection_cpp/cipher_interfaces/msg/detail/cipher_message__type_support.cpp.o[0m
[1.909s] [ 30%] [32mBuilding CXX object CMakeFiles/cipher_interfaces__rosidl_typesupport_fastrtps_cpp.dir/rosidl_typesupport_fastrtps_cpp/cipher_interfaces/msg/detail/dds_fastrtps/cipher_message__type_support.cpp.o[0m
[2.087s] [ 33%] [32mBuilding CXX object CMakeFiles/cipher_interfaces__rosidl_typesupport_fastrtps_c.dir/rosidl_typesupport_fastrtps_c/cipher_interfaces/msg/detail/cipher_message__type_support_c.cpp.o[0m
[2.120s] [ 35%] [32mBuilding CXX object CMakeFiles/cipher_interfaces__rosidl_typesupport_cpp.dir/rosidl_typesupport_cpp/cipher_interfaces/srv/cipher_answer__type_support.cpp.o[0m
[2.231s] [ 38%] [32mBuilding CXX object CMakeFiles/cipher_interfaces__rosidl_typesupport_introspection_cpp.dir/rosidl_typesupport_introspection_cpp/cipher_interfaces/srv/detail/cipher_answer__type_support.cpp.o[0m
[2.280s] [ 41%] [32mBuilding CXX object CMakeFiles/cipher_interfaces__rosidl_typesupport_fastrtps_cpp.dir/rosidl_typesupport_fastrtps_cpp/cipher_interfaces/srv/detail/dds_fastrtps/cipher_answer__type_support.cpp.o[0m
[2.364s] [ 43%] [32m[1mLinking CXX shared library libcipher_interfaces__rosidl_typesupport_cpp.so[0m
[2.380s] [ 46%] [32mBuilding CXX object CMakeFiles/cipher_interfaces__rosidl_typesupport_fastrtps_c.dir/rosidl_typesupport_fastrtps_c/cipher_interfaces/srv/detail/cipher_answer__type_support_c.cpp.o[0m
[2.394s] [ 46%] Built target cipher_interfaces__rosidl_typesupport_cpp
[2.402s] [ 48%] [34m[1mGenerating C introspection for ROS interfaces[0m
[2.558s] [ 51%] [32m[1mLinking CXX shared library libcipher_interfaces__rosidl_typesupport_introspection_cpp.so[0m
[2.604s] [ 53%] [32m[1mLinking CXX shared library libcipher_interfaces__rosidl_typesupport_fastrtps_cpp.so[0m
[2.607s] [ 53%] Built target cipher_interfaces__rosidl_typesupport_introspection_cpp
[2.613s] [ 56%] [34m[1mGenerating C type support dispatch for ROS interfaces[0m
[2.660s] [ 56%] Built target cipher_interfaces__rosidl_typesupport_fastrtps_cpp
[2.669s] [ 61%] [32mBuilding C object CMakeFiles/cipher_interfaces__rosidl_typesupport_introspection_c.dir/rosidl_typesupport_introspection_c/cipher_interfaces/msg/detail/cipher_message__type_support.c.o[0m
[2.669s] [ 61%] [32mBuilding C object CMakeFiles/cipher_interfaces__rosidl_typesupport_introspection_c.dir/rosidl_typesupport_introspection_c/cipher_interfaces/srv/detail/cipher_answer__type_support.c.o[0m
[2.685s] [ 64%] [32m[1mLinking CXX shared library libcipher_interfaces__rosidl_typesupport_fastrtps_c.so[0m
[2.699s] [ 66%] [32m[1mLinking C shared library libcipher_interfaces__rosidl_typesupport_introspection_c.so[0m
[2.719s] [ 66%] Built target cipher_interfaces__rosidl_typesupport_introspection_c
[2.728s] [ 66%] Built target cipher_interfaces__rosidl_typesupport_fastrtps_c
[2.797s] [ 71%] [32mBuilding CXX object CMakeFiles/cipher_interfaces__rosidl_typesupport_c.dir/rosidl_typesupport_c/cipher_interfaces/srv/cipher_answer__type_support.cpp.o[0m
[2.797s] [ 71%] [32mBuilding CXX object CMakeFiles/cipher_interfaces__rosidl_typesupport_c.dir/rosidl_typesupport_c/cipher_interfaces/msg/cipher_message__type_support.cpp.o[0m
[2.819s] [ 74%] [32m[1mLinking CXX shared library libcipher_interfaces__rosidl_typesupport_c.so[0m
[2.842s] [ 74%] Built target cipher_interfaces__rosidl_typesupport_c
[2.860s] [ 74%] Built target cipher_interfaces
[2.871s] [ 76%] [34m[1mGenerating Python code for ROS interfaces[0m
[3.121s] [ 76%] Built target cipher_interfaces__py
[3.131s] [ 82%] [32mBuilding C object CMakeFiles/cipher_interfaces__rosidl_generator_py.dir/rosidl_generator_py/cipher_interfaces/msg/_cipher_message_s.c.o[0m
[3.131s] [ 82%] [32mBuilding C object CMakeFiles/cipher_interfaces__rosidl_generator_py.dir/rosidl_generator_py/cipher_interfaces/srv/_cipher_answer_s.c.o[0m
[3.232s] [ 84%] [32m[1mLinking C shared library rosidl_generator_py/cipher_interfaces/libcipher_interfaces__rosidl_generator_py.so[0m
[3.268s] [ 84%] Built target cipher_interfaces__rosidl_generator_py
[3.279s] [ 92%] [32mBuilding C object CMakeFiles/cipher_interfaces__rosidl_typesupport_introspection_c__pyext.dir/rosidl_generator_py/cipher_interfaces/_cipher_interfaces_s.ep.rosidl_typesupport_introspection_c.c.o[0m
[3.279s] [ 92%] [32mBuilding C object CMakeFiles/cipher_interfaces__rosidl_typesupport_fastrtps_c__pyext.dir/rosidl_generator_py/cipher_interfaces/_cipher_interfaces_s.ep.rosidl_typesupport_fastrtps_c.c.o[0m
[3.279s] [ 92%] [32mBuilding C object CMakeFiles/cipher_interfaces__rosidl_typesupport_c__pyext.dir/rosidl_generator_py/cipher_interfaces/_cipher_interfaces_s.ep.rosidl_typesupport_c.c.o[0m
[3.341s] [ 97%] [32m[1mLinking C shared library rosidl_generator_py/cipher_interfaces/cipher_interfaces_s__rosidl_typesupport_fastrtps_c.cpython-310-aarch64-linux-gnu.so[0m
[3.341s] [ 97%] [32m[1mLinking C shared library rosidl_generator_py/cipher_interfaces/cipher_interfaces_s__rosidl_typesupport_c.cpython-310-aarch64-linux-gnu.so[0m
[3.344s] [100%] [32m[1mLinking C shared library rosidl_generator_py/cipher_interfaces/cipher_interfaces_s__rosidl_typesupport_introspection_c.cpython-310-aarch64-linux-gnu.so[0m
[3.372s] [100%] Built target cipher_interfaces__rosidl_typesupport_introspection_c__pyext
[3.372s] [100%] Built target cipher_interfaces__rosidl_typesupport_fastrtps_c__pyext
[3.373s] [100%] Built target cipher_interfaces__rosidl_typesupport_c__pyext
[3.383s] Invoked command in '/home/michaeltanto/Documents/Programming/AVTA_WS/build/cipher_interfaces' returned '0': CMAKE_PREFIX_PATH=${CMAKE_PREFIX_PATH}:/opt/ros/humble /usr/bin/cmake --build /home/michaeltanto/Documents/Programming/AVTA_WS/build/cipher_interfaces -- -j4 -l4
[3.432s] Invoking command in '/home/michaeltanto/Documents/Programming/AVTA_WS/build/cipher_interfaces': CMAKE_PREFIX_PATH=${CMAKE_PREFIX_PATH}:/opt/ros/humble /usr/bin/cmake --install /home/michaeltanto/Documents/Programming/AVTA_WS/build/cipher_interfaces
[3.436s] -- Install configuration: ""
[3.437s] -- Installing: /home/michaeltanto/Documents/Programming/AVTA_WS/install/cipher_interfaces/share/ament_index/resource_index/rosidl_interfaces/cipher_interfaces
[3.437s] -- Installing: /home/michaeltanto/Documents/Programming/AVTA_WS/install/cipher_interfaces/include/cipher_interfaces/cipher_interfaces
[3.437s] -- Installing: /home/michaeltanto/Documents/Programming/AVTA_WS/install/cipher_interfaces/include/cipher_interfaces/cipher_interfaces/msg
[3.437s] -- Installing: /home/michaeltanto/Documents/Programming/AVTA_WS/install/cipher_interfaces/include/cipher_interfaces/cipher_interfaces/msg/cipher_message.h
[3.437s] -- Installing: /home/michaeltanto/Documents/Programming/AVTA_WS/install/cipher_interfaces/include/cipher_interfaces/cipher_interfaces/msg/detail
[3.437s] -- Installing: /home/michaeltanto/Documents/Programming/AVTA_WS/install/cipher_interfaces/include/cipher_interfaces/cipher_interfaces/msg/detail/cipher_message__functions.c
[3.437s] -- Installing: /home/michaeltanto/Documents/Programming/AVTA_WS/install/cipher_interfaces/include/cipher_interfaces/cipher_interfaces/msg/detail/cipher_message__struct.h
[3.437s] -- Installing: /home/michaeltanto/Documents/Programming/AVTA_WS/install/cipher_interfaces/include/cipher_interfaces/cipher_interfaces/msg/detail/cipher_message__functions.h
[3.437s] -- Installing: /home/michaeltanto/Documents/Programming/AVTA_WS/install/cipher_interfaces/include/cipher_interfaces/cipher_interfaces/msg/detail/cipher_message__type_support.h
[3.437s] -- Installing: /home/michaeltanto/Documents/Programming/AVTA_WS/install/cipher_interfaces/include/cipher_interfaces/cipher_interfaces/msg/rosidl_generator_c__visibility_control.h
[3.437s] -- Installing: /home/michaeltanto/Documents/Programming/AVTA_WS/install/cipher_interfaces/include/cipher_interfaces/cipher_interfaces/srv
[3.437s] -- Installing: /home/michaeltanto/Documents/Programming/AVTA_WS/install/cipher_interfaces/include/cipher_interfaces/cipher_interfaces/srv/cipher_answer.h
[3.438s] -- Installing: /home/michaeltanto/Documents/Programming/AVTA_WS/install/cipher_interfaces/include/cipher_interfaces/cipher_interfaces/srv/detail
[3.438s] -- Installing: /home/michaeltanto/Documents/Programming/AVTA_WS/install/cipher_interfaces/include/cipher_interfaces/cipher_interfaces/srv/detail/cipher_answer__functions.c
[3.438s] -- Installing: /home/michaeltanto/Documents/Programming/AVTA_WS/install/cipher_interfaces/include/cipher_interfaces/cipher_interfaces/srv/detail/cipher_answer__struct.h
[3.438s] -- Installing: /home/michaeltanto/Documents/Programming/AVTA_WS/install/cipher_interfaces/include/cipher_interfaces/cipher_interfaces/srv/detail/cipher_answer__functions.h
[3.438s] -- Installing: /home/michaeltanto/Documents/Programming/AVTA_WS/install/cipher_interfaces/include/cipher_interfaces/cipher_interfaces/srv/detail/cipher_answer__type_support.h
[3.438s] -- Installing: /home/michaeltanto/Documents/Programming/AVTA_WS/install/cipher_interfaces/share/cipher_interfaces/environment/library_path.sh
[3.438s] -- Installing: /home/michaeltanto/Documents/Programming/AVTA_WS/install/cipher_interfaces/share/cipher_interfaces/environment/library_path.dsv
[3.438s] -- Installing: /home/michaeltanto/Documents/Programming/AVTA_WS/install/cipher_interfaces/lib/libcipher_interfaces__rosidl_generator_c.so
[3.438s] -- Set runtime path of "/home/michaeltanto/Documents/Programming/AVTA_WS/install/cipher_interfaces/lib/libcipher_interfaces__rosidl_generator_c.so" to ""
[3.438s] -- Up-to-date: /home/michaeltanto/Documents/Programming/AVTA_WS/install/cipher_interfaces/include/cipher_interfaces/cipher_interfaces
[3.438s] -- Up-to-date: /home/michaeltanto/Documents/Programming/AVTA_WS/install/cipher_interfaces/include/cipher_interfaces/cipher_interfaces/msg
[3.438s] -- Installing: /home/michaeltanto/Documents/Programming/AVTA_WS/install/cipher_interfaces/include/cipher_interfaces/cipher_interfaces/msg/rosidl_typesupport_fastrtps_c__visibility_control.h
[3.439s] -- Up-to-date: /home/michaeltanto/Documents/Programming/AVTA_WS/install/cipher_interfaces/include/cipher_interfaces/cipher_interfaces/msg/detail
[3.439s] -- Installing: /home/michaeltanto/Documents/Programming/AVTA_WS/install/cipher_interfaces/include/cipher_interfaces/cipher_interfaces/msg/detail/cipher_message__rosidl_typesupport_fastrtps_c.h
[3.439s] -- Up-to-date: /home/michaeltanto/Documents/Programming/AVTA_WS/install/cipher_interfaces/include/cipher_interfaces/cipher_interfaces/srv
[3.439s] -- Up-to-date: /home/michaeltanto/Documents/Programming/AVTA_WS/install/cipher_interfaces/include/cipher_interfaces/cipher_interfaces/srv/detail
[3.439s] -- Installing: /home/michaeltanto/Documents/Programming/AVTA_WS/install/cipher_interfaces/include/cipher_interfaces/cipher_interfaces/srv/detail/cipher_answer__rosidl_typesupport_fastrtps_c.h
[3.439s] -- Installing: /home/michaeltanto/Documents/Programming/AVTA_WS/install/cipher_interfaces/lib/libcipher_interfaces__rosidl_typesupport_fastrtps_c.so
[3.439s] -- Set runtime path of "/home/michaeltanto/Documents/Programming/AVTA_WS/install/cipher_interfaces/lib/libcipher_interfaces__rosidl_typesupport_fastrtps_c.so" to ""
[3.439s] -- Up-to-date: /home/michaeltanto/Documents/Programming/AVTA_WS/install/cipher_interfaces/include/cipher_interfaces/cipher_interfaces
[3.439s] -- Up-to-date: /home/michaeltanto/Documents/Programming/AVTA_WS/install/cipher_interfaces/include/cipher_interfaces/cipher_interfaces/msg
[3.439s] -- Up-to-date: /home/michaeltanto/Documents/Programming/AVTA_WS/install/cipher_interfaces/include/cipher_interfaces/cipher_interfaces/msg/detail
[3.439s] -- Installing: /home/michaeltanto/Documents/Programming/AVTA_WS/install/cipher_interfaces/include/cipher_interfaces/cipher_interfaces/msg/detail/cipher_message__type_support.c
[3.439s] -- Installing: /home/michaeltanto/Documents/Programming/AVTA_WS/install/cipher_interfaces/include/cipher_interfaces/cipher_interfaces/msg/detail/cipher_message__rosidl_typesupport_introspection_c.h
[3.439s] -- Installing: /home/michaeltanto/Documents/Programming/AVTA_WS/install/cipher_interfaces/include/cipher_interfaces/cipher_interfaces/msg/rosidl_typesupport_introspection_c__visibility_control.h
[3.439s] -- Up-to-date: /home/michaeltanto/Documents/Programming/AVTA_WS/install/cipher_interfaces/include/cipher_interfaces/cipher_interfaces/srv
[3.439s] -- Up-to-date: /home/michaeltanto/Documents/Programming/AVTA_WS/install/cipher_interfaces/include/cipher_interfaces/cipher_interfaces/srv/detail
[3.439s] -- Installing: /home/michaeltanto/Documents/Programming/AVTA_WS/install/cipher_interfaces/include/cipher_interfaces/cipher_interfaces/srv/detail/cipher_answer__rosidl_typesupport_introspection_c.h
[3.439s] -- Installing: /home/michaeltanto/Documents/Programming/AVTA_WS/install/cipher_interfaces/include/cipher_interfaces/cipher_interfaces/srv/detail/cipher_answer__type_support.c
[3.440s] -- Installing: /home/michaeltanto/Documents/Programming/AVTA_WS/install/cipher_interfaces/lib/libcipher_interfaces__rosidl_typesupport_introspection_c.so
[3.440s] -- Set runtime path of "/home/michaeltanto/Documents/Programming/AVTA_WS/install/cipher_interfaces/lib/libcipher_interfaces__rosidl_typesupport_introspection_c.so" to ""
[3.440s] -- Installing: /home/michaeltanto/Documents/Programming/AVTA_WS/install/cipher_interfaces/lib/libcipher_interfaces__rosidl_typesupport_c.so
[3.440s] -- Set runtime path of "/home/michaeltanto/Documents/Programming/AVTA_WS/install/cipher_interfaces/lib/libcipher_interfaces__rosidl_typesupport_c.so" to ""
[3.440s] -- Up-to-date: /home/michaeltanto/Documents/Programming/AVTA_WS/install/cipher_interfaces/include/cipher_interfaces/cipher_interfaces
[3.440s] -- Up-to-date: /home/michaeltanto/Documents/Programming/AVTA_WS/install/cipher_interfaces/include/cipher_interfaces/cipher_interfaces/msg
[3.440s] -- Installing: /home/michaeltanto/Documents/Programming/AVTA_WS/install/cipher_interfaces/include/cipher_interfaces/cipher_interfaces/msg/cipher_message.hpp
[3.440s] -- Up-to-date: /home/michaeltanto/Documents/Programming/AVTA_WS/install/cipher_interfaces/include/cipher_interfaces/cipher_interfaces/msg/detail
[3.440s] -- Installing: /home/michaeltanto/Documents/Programming/AVTA_WS/install/cipher_interfaces/include/cipher_interfaces/cipher_interfaces/msg/detail/cipher_message__traits.hpp
[3.440s] -- Installing: /home/michaeltanto/Documents/Programming/AVTA_WS/install/cipher_interfaces/include/cipher_interfaces/cipher_interfaces/msg/detail/cipher_message__struct.hpp
[3.440s] -- Installing: /home/michaeltanto/Documents/Programming/AVTA_WS/install/cipher_interfaces/include/cipher_interfaces/cipher_interfaces/msg/detail/cipher_message__builder.hpp
[3.440s] -- Up-to-date: /home/michaeltanto/Documents/Programming/AVTA_WS/install/cipher_interfaces/include/cipher_interfaces/cipher_interfaces/srv
[3.440s] -- Up-to-date: /home/michaeltanto/Documents/Programming/AVTA_WS/install/cipher_interfaces/include/cipher_interfaces/cipher_interfaces/srv/detail
[3.440s] -- Installing: /home/michaeltanto/Documents/Programming/AVTA_WS/install/cipher_interfaces/include/cipher_interfaces/cipher_interfaces/srv/detail/cipher_answer__builder.hpp
[3.441s] -- Installing: /home/michaeltanto/Documents/Programming/AVTA_WS/install/cipher_interfaces/include/cipher_interfaces/cipher_interfaces/srv/detail/cipher_answer__traits.hpp
[3.441s] -- Installing: /home/michaeltanto/Documents/Programming/AVTA_WS/install/cipher_interfaces/include/cipher_interfaces/cipher_interfaces/srv/detail/cipher_answer__struct.hpp
[3.441s] -- Installing: /home/michaeltanto/Documents/Programming/AVTA_WS/install/cipher_interfaces/include/cipher_interfaces/cipher_interfaces/srv/cipher_answer.hpp
[3.441s] -- Up-to-date: /home/michaeltanto/Documents/Programming/AVTA_WS/install/cipher_interfaces/include/cipher_interfaces/cipher_interfaces
[3.441s] -- Up-to-date: /home/michaeltanto/Documents/Programming/AVTA_WS/install/cipher_interfaces/include/cipher_interfaces/cipher_interfaces/msg
[3.441s] -- Installing: /home/michaeltanto/Documents/Programming/AVTA_WS/install/cipher_interfaces/include/cipher_interfaces/cipher_interfaces/msg/rosidl_typesupport_fastrtps_cpp__visibility_control.h
[3.441s] -- Up-to-date: /home/michaeltanto/Documents/Programming/AVTA_WS/install/cipher_interfaces/include/cipher_interfaces/cipher_interfaces/msg/detail
[3.441s] -- Installing: /home/michaeltanto/Documents/Programming/AVTA_WS/install/cipher_interfaces/include/cipher_interfaces/cipher_interfaces/msg/detail/dds_fastrtps
[3.441s] -- Installing: /home/michaeltanto/Documents/Programming/AVTA_WS/install/cipher_interfaces/include/cipher_interfaces/cipher_interfaces/msg/detail/cipher_message__rosidl_typesupport_fastrtps_cpp.hpp
[3.441s] -- Up-to-date: /home/michaeltanto/Documents/Programming/AVTA_WS/install/cipher_interfaces/include/cipher_interfaces/cipher_interfaces/srv
[3.441s] -- Up-to-date: /home/michaeltanto/Documents/Programming/AVTA_WS/install/cipher_interfaces/include/cipher_interfaces/cipher_interfaces/srv/detail
[3.441s] -- Installing: /home/michaeltanto/Documents/Programming/AVTA_WS/install/cipher_interfaces/include/cipher_interfaces/cipher_interfaces/srv/detail/cipher_answer__rosidl_typesupport_fastrtps_cpp.hpp
[3.441s] -- Installing: /home/michaeltanto/Documents/Programming/AVTA_WS/install/cipher_interfaces/include/cipher_interfaces/cipher_interfaces/srv/detail/dds_fastrtps
[3.441s] -- Installing: /home/michaeltanto/Documents/Programming/AVTA_WS/install/cipher_interfaces/lib/libcipher_interfaces__rosidl_typesupport_fastrtps_cpp.so
[3.442s] -- Set runtime path of "/home/michaeltanto/Documents/Programming/AVTA_WS/install/cipher_interfaces/lib/libcipher_interfaces__rosidl_typesupport_fastrtps_cpp.so" to ""
[3.442s] -- Up-to-date: /home/michaeltanto/Documents/Programming/AVTA_WS/install/cipher_interfaces/include/cipher_interfaces/cipher_interfaces
[3.442s] -- Up-to-date: /home/michaeltanto/Documents/Programming/AVTA_WS/install/cipher_interfaces/include/cipher_interfaces/cipher_interfaces/msg
[3.442s] -- Up-to-date: /home/michaeltanto/Documents/Programming/AVTA_WS/install/cipher_interfaces/include/cipher_interfaces/cipher_interfaces/msg/detail
[3.442s] -- Installing: /home/michaeltanto/Documents/Programming/AVTA_WS/install/cipher_interfaces/include/cipher_interfaces/cipher_interfaces/msg/detail/cipher_message__type_support.cpp
[3.442s] -- Installing: /home/michaeltanto/Documents/Programming/AVTA_WS/install/cipher_interfaces/include/cipher_interfaces/cipher_interfaces/msg/detail/cipher_message__rosidl_typesupport_introspection_cpp.hpp
[3.442s] -- Up-to-date: /home/michaeltanto/Documents/Programming/AVTA_WS/install/cipher_interfaces/include/cipher_interfaces/cipher_interfaces/srv
[3.442s] -- Up-to-date: /home/michaeltanto/Documents/Programming/AVTA_WS/install/cipher_interfaces/include/cipher_interfaces/cipher_interfaces/srv/detail
[3.442s] -- Installing: /home/michaeltanto/Documents/Programming/AVTA_WS/install/cipher_interfaces/include/cipher_interfaces/cipher_interfaces/srv/detail/cipher_answer__rosidl_typesupport_introspection_cpp.hpp
[3.442s] -- Installing: /home/michaeltanto/Documents/Programming/AVTA_WS/install/cipher_interfaces/include/cipher_interfaces/cipher_interfaces/srv/detail/cipher_answer__type_support.cpp
[3.442s] -- Installing: /home/michaeltanto/Documents/Programming/AVTA_WS/install/cipher_interfaces/lib/libcipher_interfaces__rosidl_typesupport_introspection_cpp.so
[3.442s] -- Set runtime path of "/home/michaeltanto/Documents/Programming/AVTA_WS/install/cipher_interfaces/lib/libcipher_interfaces__rosidl_typesupport_introspection_cpp.so" to ""
[3.442s] -- Installing: /home/michaeltanto/Documents/Programming/AVTA_WS/install/cipher_interfaces/lib/libcipher_interfaces__rosidl_typesupport_cpp.so
[3.442s] -- Set runtime path of "/home/michaeltanto/Documents/Programming/AVTA_WS/install/cipher_interfaces/lib/libcipher_interfaces__rosidl_typesupport_cpp.so" to ""
[3.442s] -- Installing: /home/michaeltanto/Documents/Programming/AVTA_WS/install/cipher_interfaces/share/cipher_interfaces/environment/pythonpath.sh
[3.442s] -- Installing: /home/michaeltanto/Documents/Programming/AVTA_WS/install/cipher_interfaces/share/cipher_interfaces/environment/pythonpath.dsv
[3.442s] -- Installing: /home/michaeltanto/Documents/Programming/AVTA_WS/install/cipher_interfaces/local/lib/python3.10/dist-packages/cipher_interfaces-0.0.0-py3.10.egg-info
[3.442s] -- Installing: /home/michaeltanto/Documents/Programming/AVTA_WS/install/cipher_interfaces/local/lib/python3.10/dist-packages/cipher_interfaces-0.0.0-py3.10.egg-info/top_level.txt
[3.443s] -- Installing: /home/michaeltanto/Documents/Programming/AVTA_WS/install/cipher_interfaces/local/lib/python3.10/dist-packages/cipher_interfaces-0.0.0-py3.10.egg-info/SOURCES.txt
[3.443s] -- Installing: /home/michaeltanto/Documents/Programming/AVTA_WS/install/cipher_interfaces/local/lib/python3.10/dist-packages/cipher_interfaces-0.0.0-py3.10.egg-info/PKG-INFO
[3.443s] -- Installing: /home/michaeltanto/Documents/Programming/AVTA_WS/install/cipher_interfaces/local/lib/python3.10/dist-packages/cipher_interfaces-0.0.0-py3.10.egg-info/dependency_links.txt
[3.443s] -- Installing: /home/michaeltanto/Documents/Programming/AVTA_WS/install/cipher_interfaces/local/lib/python3.10/dist-packages/cipher_interfaces
[3.443s] -- Installing: /home/michaeltanto/Documents/Programming/AVTA_WS/install/cipher_interfaces/local/lib/python3.10/dist-packages/cipher_interfaces/msg
[3.443s] -- Installing: /home/michaeltanto/Documents/Programming/AVTA_WS/install/cipher_interfaces/local/lib/python3.10/dist-packages/cipher_interfaces/msg/_cipher_message_s.c
[3.443s] -- Installing: /home/michaeltanto/Documents/Programming/AVTA_WS/install/cipher_interfaces/local/lib/python3.10/dist-packages/cipher_interfaces/msg/__init__.py
[3.443s] -- Installing: /home/michaeltanto/Documents/Programming/AVTA_WS/install/cipher_interfaces/local/lib/python3.10/dist-packages/cipher_interfaces/msg/_cipher_message.py
[3.443s] -- Installing: /home/michaeltanto/Documents/Programming/AVTA_WS/install/cipher_interfaces/local/lib/python3.10/dist-packages/cipher_interfaces/cipher_interfaces_s__rosidl_typesupport_introspection_c.cpython-310-aarch64-linux-gnu.so
[3.443s] -- Installing: /home/michaeltanto/Documents/Programming/AVTA_WS/install/cipher_interfaces/local/lib/python3.10/dist-packages/cipher_interfaces/libcipher_interfaces__rosidl_generator_py.so
[3.443s] -- Installing: /home/michaeltanto/Documents/Programming/AVTA_WS/install/cipher_interfaces/local/lib/python3.10/dist-packages/cipher_interfaces/_cipher_interfaces_s.ep.rosidl_typesupport_introspection_c.c
[3.443s] -- Installing: /home/michaeltanto/Documents/Programming/AVTA_WS/install/cipher_interfaces/local/lib/python3.10/dist-packages/cipher_interfaces/cipher_interfaces_s__rosidl_typesupport_c.cpython-310-aarch64-linux-gnu.so
[3.444s] -- Installing: /home/michaeltanto/Documents/Programming/AVTA_WS/install/cipher_interfaces/local/lib/python3.10/dist-packages/cipher_interfaces/_cipher_interfaces_s.ep.rosidl_typesupport_fastrtps_c.c
[3.444s] -- Installing: /home/michaeltanto/Documents/Programming/AVTA_WS/install/cipher_interfaces/local/lib/python3.10/dist-packages/cipher_interfaces/cipher_interfaces_s__rosidl_typesupport_fastrtps_c.cpython-310-aarch64-linux-gnu.so
[3.444s] -- Installing: /home/michaeltanto/Documents/Programming/AVTA_WS/install/cipher_interfaces/local/lib/python3.10/dist-packages/cipher_interfaces/__init__.py
[3.444s] -- Installing: /home/michaeltanto/Documents/Programming/AVTA_WS/install/cipher_interfaces/local/lib/python3.10/dist-packages/cipher_interfaces/_cipher_interfaces_s.ep.rosidl_typesupport_c.c
[3.444s] -- Installing: /home/michaeltanto/Documents/Programming/AVTA_WS/install/cipher_interfaces/local/lib/python3.10/dist-packages/cipher_interfaces/srv
[3.444s] -- Installing: /home/michaeltanto/Documents/Programming/AVTA_WS/install/cipher_interfaces/local/lib/python3.10/dist-packages/cipher_interfaces/srv/__init__.py
[3.444s] -- Installing: /home/michaeltanto/Documents/Programming/AVTA_WS/install/cipher_interfaces/local/lib/python3.10/dist-packages/cipher_interfaces/srv/_cipher_answer_s.c
[3.444s] -- Installing: /home/michaeltanto/Documents/Programming/AVTA_WS/install/cipher_interfaces/local/lib/python3.10/dist-packages/cipher_interfaces/srv/_cipher_answer.py
[3.469s] Listing '/home/michaeltanto/Documents/Programming/AVTA_WS/install/cipher_interfaces/local/lib/python3.10/dist-packages/cipher_interfaces'...
[3.469s] Compiling '/home/michaeltanto/Documents/Programming/AVTA_WS/install/cipher_interfaces/local/lib/python3.10/dist-packages/cipher_interfaces/__init__.py'...
[3.469s] Listing '/home/michaeltanto/Documents/Programming/AVTA_WS/install/cipher_interfaces/local/lib/python3.10/dist-packages/cipher_interfaces/msg'...
[3.469s] Compiling '/home/michaeltanto/Documents/Programming/AVTA_WS/install/cipher_interfaces/local/lib/python3.10/dist-packages/cipher_interfaces/msg/__init__.py'...
[3.469s] Compiling '/home/michaeltanto/Documents/Programming/AVTA_WS/install/cipher_interfaces/local/lib/python3.10/dist-packages/cipher_interfaces/msg/_cipher_message.py'...
[3.469s] Listing '/home/michaeltanto/Documents/Programming/AVTA_WS/install/cipher_interfaces/local/lib/python3.10/dist-packages/cipher_interfaces/srv'...
[3.469s] Compiling '/home/michaeltanto/Documents/Programming/AVTA_WS/install/cipher_interfaces/local/lib/python3.10/dist-packages/cipher_interfaces/srv/__init__.py'...
[3.469s] Compiling '/home/michaeltanto/Documents/Programming/AVTA_WS/install/cipher_interfaces/local/lib/python3.10/dist-packages/cipher_interfaces/srv/_cipher_answer.py'...
[3.472s] -- Installing: /home/michaeltanto/Documents/Programming/AVTA_WS/install/cipher_interfaces/local/lib/python3.10/dist-packages/cipher_interfaces/cipher_interfaces_s__rosidl_typesupport_fastrtps_c.cpython-310-aarch64-linux-gnu.so
[3.472s] -- Set runtime path of "/home/michaeltanto/Documents/Programming/AVTA_WS/install/cipher_interfaces/local/lib/python3.10/dist-packages/cipher_interfaces/cipher_interfaces_s__rosidl_typesupport_fastrtps_c.cpython-310-aarch64-linux-gnu.so" to ""
[3.472s] -- Installing: /home/michaeltanto/Documents/Programming/AVTA_WS/install/cipher_interfaces/local/lib/python3.10/dist-packages/cipher_interfaces/cipher_interfaces_s__rosidl_typesupport_introspection_c.cpython-310-aarch64-linux-gnu.so
[3.472s] -- Set runtime path of "/home/michaeltanto/Documents/Programming/AVTA_WS/install/cipher_interfaces/local/lib/python3.10/dist-packages/cipher_interfaces/cipher_interfaces_s__rosidl_typesupport_introspection_c.cpython-310-aarch64-linux-gnu.so" to ""
[3.472s] -- Installing: /home/michaeltanto/Documents/Programming/AVTA_WS/install/cipher_interfaces/local/lib/python3.10/dist-packages/cipher_interfaces/cipher_interfaces_s__rosidl_typesupport_c.cpython-310-aarch64-linux-gnu.so
[3.473s] -- Set runtime path of "/home/michaeltanto/Documents/Programming/AVTA_WS/install/cipher_interfaces/local/lib/python3.10/dist-packages/cipher_interfaces/cipher_interfaces_s__rosidl_typesupport_c.cpython-310-aarch64-linux-gnu.so" to ""
[3.473s] -- Installing: /home/michaeltanto/Documents/Programming/AVTA_WS/install/cipher_interfaces/lib/libcipher_interfaces__rosidl_generator_py.so
[3.473s] -- Set runtime path of "/home/michaeltanto/Documents/Programming/AVTA_WS/install/cipher_interfaces/lib/libcipher_interfaces__rosidl_generator_py.so" to ""
[3.473s] -- Installing: /home/michaeltanto/Documents/Programming/AVTA_WS/install/cipher_interfaces/share/cipher_interfaces/msg/CipherMessage.idl
[3.473s] -- Installing: /home/michaeltanto/Documents/Programming/AVTA_WS/install/cipher_interfaces/share/cipher_interfaces/srv/CipherAnswer.idl
[3.473s] -- Installing: /home/michaeltanto/Documents/Programming/AVTA_WS/install/cipher_interfaces/share/cipher_interfaces/msg/CipherMessage.msg
[3.473s] -- Installing: /home/michaeltanto/Documents/Programming/AVTA_WS/install/cipher_interfaces/share/cipher_interfaces/srv/CipherAnswer.srv
[3.473s] -- Installing: /home/michaeltanto/Documents/Programming/AVTA_WS/install/cipher_interfaces/share/cipher_interfaces/srv/CipherAnswer_Request.msg
[3.473s] -- Installing: /home/michaeltanto/Documents/Programming/AVTA_WS/install/cipher_interfaces/share/cipher_interfaces/srv/CipherAnswer_Response.msg
[3.473s] -- Installing: /home/michaeltanto/Documents/Programming/AVTA_WS/install/cipher_interfaces/share/ament_index/resource_index/package_run_dependencies/cipher_interfaces
[3.474s] -- Installing: /home/michaeltanto/Documents/Programming/AVTA_WS/install/cipher_interfaces/share/ament_index/resource_index/parent_prefix_path/cipher_interfaces
[3.474s] -- Installing: /home/michaeltanto/Documents/Programming/AVTA_WS/install/cipher_interfaces/share/cipher_interfaces/environment/ament_prefix_path.sh
[3.474s] -- Installing: /home/michaeltanto/Documents/Programming/AVTA_WS/install/cipher_interfaces/share/cipher_interfaces/environment/ament_prefix_path.dsv
[3.474s] -- Installing: /home/michaeltanto/Documents/Programming/AVTA_WS/install/cipher_interfaces/share/cipher_interfaces/environment/path.sh
[3.474s] -- Installing: /home/michaeltanto/Documents/Programming/AVTA_WS/install/cipher_interfaces/share/cipher_interfaces/environment/path.dsv
[3.474s] -- Installing: /home/michaeltanto/Documents/Programming/AVTA_WS/install/cipher_interfaces/share/cipher_interfaces/local_setup.bash
[3.474s] -- Installing: /home/michaeltanto/Documents/Programming/AVTA_WS/install/cipher_interfaces/share/cipher_interfaces/local_setup.sh
[3.474s] -- Installing: /home/michaeltanto/Documents/Programming/AVTA_WS/install/cipher_interfaces/share/cipher_interfaces/local_setup.zsh
[3.474s] -- Installing: /home/michaeltanto/Documents/Programming/AVTA_WS/install/cipher_interfaces/share/cipher_interfaces/local_setup.dsv
[3.474s] -- Installing: /home/michaeltanto/Documents/Programming/AVTA_WS/install/cipher_interfaces/share/cipher_interfaces/package.dsv
[3.474s] -- Installing: /home/michaeltanto/Documents/Programming/AVTA_WS/install/cipher_interfaces/share/ament_index/resource_index/packages/cipher_interfaces
[3.475s] -- Installing: /home/michaeltanto/Documents/Programming/AVTA_WS/install/cipher_interfaces/share/cipher_interfaces/cmake/export_cipher_interfaces__rosidl_generator_cExport.cmake
[3.475s] -- Installing: /home/michaeltanto/Documents/Programming/AVTA_WS/install/cipher_interfaces/share/cipher_interfaces/cmake/export_cipher_interfaces__rosidl_generator_cExport-noconfig.cmake
[3.475s] -- Installing: /home/michaeltanto/Documents/Programming/AVTA_WS/install/cipher_interfaces/share/cipher_interfaces/cmake/export_cipher_interfaces__rosidl_typesupport_fastrtps_cExport.cmake
[3.475s] -- Installing: /home/michaeltanto/Documents/Programming/AVTA_WS/install/cipher_interfaces/share/cipher_interfaces/cmake/export_cipher_interfaces__rosidl_typesupport_fastrtps_cExport-noconfig.cmake
[3.475s] -- Installing: /home/michaeltanto/Documents/Programming/AVTA_WS/install/cipher_interfaces/share/cipher_interfaces/cmake/cipher_interfaces__rosidl_typesupport_introspection_cExport.cmake
[3.475s] -- Installing: /home/michaeltanto/Documents/Programming/AVTA_WS/install/cipher_interfaces/share/cipher_interfaces/cmake/cipher_interfaces__rosidl_typesupport_introspection_cExport-noconfig.cmake
[3.475s] -- Installing: /home/michaeltanto/Documents/Programming/AVTA_WS/install/cipher_interfaces/share/cipher_interfaces/cmake/cipher_interfaces__rosidl_typesupport_cExport.cmake
[3.475s] -- Installing: /home/michaeltanto/Documents/Programming/AVTA_WS/install/cipher_interfaces/share/cipher_interfaces/cmake/cipher_interfaces__rosidl_typesupport_cExport-noconfig.cmake
[3.475s] -- Installing: /home/michaeltanto/Documents/Programming/AVTA_WS/install/cipher_interfaces/share/cipher_interfaces/cmake/export_cipher_interfaces__rosidl_generator_cppExport.cmake
[3.475s] -- Installing: /home/michaeltanto/Documents/Programming/AVTA_WS/install/cipher_interfaces/share/cipher_interfaces/cmake/export_cipher_interfaces__rosidl_typesupport_fastrtps_cppExport.cmake
[3.476s] -- Installing: /home/michaeltanto/Documents/Programming/AVTA_WS/install/cipher_interfaces/share/cipher_interfaces/cmake/export_cipher_interfaces__rosidl_typesupport_fastrtps_cppExport-noconfig.cmake
[3.476s] -- Installing: /home/michaeltanto/Documents/Programming/AVTA_WS/install/cipher_interfaces/share/cipher_interfaces/cmake/cipher_interfaces__rosidl_typesupport_introspection_cppExport.cmake
[3.476s] -- Installing: /home/michaeltanto/Documents/Programming/AVTA_WS/install/cipher_interfaces/share/cipher_interfaces/cmake/cipher_interfaces__rosidl_typesupport_introspection_cppExport-noconfig.cmake
[3.476s] -- Installing: /home/michaeltanto/Documents/Programming/AVTA_WS/install/cipher_interfaces/share/cipher_interfaces/cmake/cipher_interfaces__rosidl_typesupport_cppExport.cmake
[3.476s] -- Installing: /home/michaeltanto/Documents/Programming/AVTA_WS/install/cipher_interfaces/share/cipher_interfaces/cmake/cipher_interfaces__rosidl_typesupport_cppExport-noconfig.cmake
[3.476s] -- Installing: /home/michaeltanto/Documents/Programming/AVTA_WS/install/cipher_interfaces/share/cipher_interfaces/cmake/export_cipher_interfaces__rosidl_generator_pyExport.cmake
[3.476s] -- Installing: /home/michaeltanto/Documents/Programming/AVTA_WS/install/cipher_interfaces/share/cipher_interfaces/cmake/export_cipher_interfaces__rosidl_generator_pyExport-noconfig.cmake
[3.476s] -- Installing: /home/michaeltanto/Documents/Programming/AVTA_WS/install/cipher_interfaces/share/cipher_interfaces/cmake/rosidl_cmake-extras.cmake
[3.476s] -- Installing: /home/michaeltanto/Documents/Programming/AVTA_WS/install/cipher_interfaces/share/cipher_interfaces/cmake/ament_cmake_export_dependencies-extras.cmake
[3.477s] -- Installing: /home/michaeltanto/Documents/Programming/AVTA_WS/install/cipher_interfaces/share/cipher_interfaces/cmake/ament_cmake_export_include_directories-extras.cmake
[3.477s] -- Installing: /home/michaeltanto/Documents/Programming/AVTA_WS/install/cipher_interfaces/share/cipher_interfaces/cmake/ament_cmake_export_libraries-extras.cmake
[3.477s] -- Installing: /home/michaeltanto/Documents/Programming/AVTA_WS/install/cipher_interfaces/share/cipher_interfaces/cmake/ament_cmake_export_targets-extras.cmake
[3.477s] -- Installing: /home/michaeltanto/Documents/Programming/AVTA_WS/install/cipher_interfaces/share/cipher_interfaces/cmake/rosidl_cmake_export_typesupport_targets-extras.cmake
[3.477s] -- Installing: /home/michaeltanto/Documents/Programming/AVTA_WS/install/cipher_interfaces/share/cipher_interfaces/cmake/rosidl_cmake_export_typesupport_libraries-extras.cmake
[3.477s] -- Installing: /home/michaeltanto/Documents/Programming/AVTA_WS/install/cipher_interfaces/share/cipher_interfaces/cmake/cipher_interfacesConfig.cmake
[3.477s] -- Installing: /home/michaeltanto/Documents/Programming/AVTA_WS/install/cipher_interfaces/share/cipher_interfaces/cmake/cipher_interfacesConfig-version.cmake
[3.477s] -- Installing: /home/michaeltanto/Documents/Programming/AVTA_WS/install/cipher_interfaces/share/cipher_interfaces/package.xml
[3.480s] Invoked command in '/home/michaeltanto/Documents/Programming/AVTA_WS/build/cipher_interfaces' returned '0': CMAKE_PREFIX_PATH=${CMAKE_PREFIX_PATH}:/opt/ros/humble /usr/bin/cmake --install /home/michaeltanto/Documents/Programming/AVTA_WS/build/cipher_interfaces
