[0.009s] Invoking command in '/home/michaeltanto/Documents/Programming/AVTA_WS/build/cipher_node': CMAKE_PREFIX_PATH=${CMAKE_PREFIX_PATH}:/opt/ros/humble /usr/bin/cmake --build /home/michaeltanto/Documents/Programming/AVTA_WS/build/cipher_node -- -j4 -l4
[0.084s] [35m[1mConsolidate compiler generated dependencies of target listener[0m
[0.085s] [ 50%] Built target talker
[0.093s] [ 75%] [32mBuilding CXX object CMakeFiles/listener.dir/src/subscriber_member_function.cpp.o[0m
[2.010s] [01m[K/home/michaeltanto/Documents/Programming/AVTA_WS/src/cipher_node/src/subscriber_member_function.cpp:[m[K In member function ‘[01m[Kstd::string MinimalSubscriber::caesar_decipher(std::string, int) const[m[K’:
[2.010s] [01m[K/home/michaeltanto/Documents/Programming/AVTA_WS/src/cipher_node/src/subscriber_member_function.cpp:48:23:[m[K [01;35m[Kwarning: [m[Kcomparison of integer expressions of different signedness: ‘[01m[Kint[m[K’ and ‘[01m[Kstd::__cxx11::basic_string<char>::size_type[m[K’ {aka ‘[01m[Klong unsigned int[m[K’} [[01;35m[K]8;;https://gcc.gnu.org/onlinedocs/gcc/Warning-Options.html#index-Wsign-compare-Wsign-compare]8;;[m[K]
[2.011s]    48 |     for (int i = 0; [01;35m[Ki < text.length()[m[K; i++) {
[2.011s]       |                     [01;35m[K~~^~~~~~~~~~~~~~~[m[K
[2.011s] In file included from [01m[K/opt/ros/humble/include/rclcpp/rclcpp/logging.hpp:24[m[K,
[2.011s]                  from [01m[K/opt/ros/humble/include/rclcpp/rclcpp/client.hpp:40[m[K,
[2.011s]                  from [01m[K/opt/ros/humble/include/rclcpp/rclcpp/callback_group.hpp:24[m[K,
[2.011s]                  from [01m[K/opt/ros/humble/include/rclcpp/rclcpp/any_executable.hpp:20[m[K,
[2.011s]                  from [01m[K/opt/ros/humble/include/rclcpp/rclcpp/memory_strategy.hpp:25[m[K,
[2.011s]                  from [01m[K/opt/ros/humble/include/rclcpp/rclcpp/memory_strategies.hpp:18[m[K,
[2.011s]                  from [01m[K/opt/ros/humble/include/rclcpp/rclcpp/executor_options.hpp:20[m[K,
[2.011s]                  from [01m[K/opt/ros/humble/include/rclcpp/rclcpp/executor.hpp:37[m[K,
[2.011s]                  from [01m[K/opt/ros/humble/include/rclcpp/rclcpp/executors/multi_threaded_executor.hpp:25[m[K,
[2.011s]                  from [01m[K/opt/ros/humble/include/rclcpp/rclcpp/executors.hpp:21[m[K,
[2.011s]                  from [01m[K/opt/ros/humble/include/rclcpp/rclcpp/rclcpp.hpp:155[m[K,
[2.011s]                  from [01m[K/home/michaeltanto/Documents/Programming/AVTA_WS/src/cipher_node/src/subscriber_member_function.cpp:18[m[K:
[2.011s] [01m[K/home/michaeltanto/Documents/Programming/AVTA_WS/src/cipher_node/src/subscriber_member_function.cpp:[m[K In member function ‘[01m[Kvoid MinimalSubscriber::topic_callback(const CipherMessage&) const[m[K’:
[2.011s] [01m[K/home/michaeltanto/Documents/Programming/AVTA_WS/src/cipher_node/src/subscriber_member_function.cpp:73:37:[m[K [01;35m[Kwarning: [m[Kformat ‘[01m[K%s[m[K’ expects argument of type ‘[01m[Kchar*[m[K’, but argument 5 has type ‘[01m[Kstd::string[m[K’ {aka ‘[01m[Kstd::__cxx11::basic_string<char>[m[K’} [[01;35m[K]8;;https://gcc.gnu.org/onlinedocs/gcc/Warning-Options.html#index-Wformat=-Wformat=]8;;[m[K]
[2.012s]    73 |     RCLCPP_INFO(this->get_logger(), [01;35m[K"Cipher received: '%s' and key '%d'"[m[K, encoded_msg, key);
[2.012s]       |                                     [01;35m[K^~~~~~~~~~~~~~~~~~~~~~~~~~~~~~~~~~~~[m[K
[2.012s] [01m[K/home/michaeltanto/Documents/Programming/AVTA_WS/src/cipher_node/src/subscriber_member_function.cpp:73:57:[m[K [01;36m[Knote: [m[Kformat string is defined here
[2.012s]    73 |     RCLCPP_INFO(this->get_logger(), "Cipher received: '[01;36m[K%s[m[K' and key '%d'", encoded_msg, key);
[2.012s]       |                                                        [01;36m[K~^[m[K
[2.012s]       |                                                         [01;36m[K|[m[K
[2.012s]       |                                                         [01;36m[Kchar*[m[K
[6.550s] [100%] [32m[1mLinking CXX executable listener[0m
[6.897s] [100%] Built target listener
[6.914s] Invoked command in '/home/michaeltanto/Documents/Programming/AVTA_WS/build/cipher_node' returned '0': CMAKE_PREFIX_PATH=${CMAKE_PREFIX_PATH}:/opt/ros/humble /usr/bin/cmake --build /home/michaeltanto/Documents/Programming/AVTA_WS/build/cipher_node -- -j4 -l4
[6.941s] Invoking command in '/home/michaeltanto/Documents/Programming/AVTA_WS/build/cipher_node': CMAKE_PREFIX_PATH=${CMAKE_PREFIX_PATH}:/opt/ros/humble /usr/bin/cmake --install /home/michaeltanto/Documents/Programming/AVTA_WS/build/cipher_node
[6.947s] -- Install configuration: ""
[6.947s] -- Up-to-date: /home/michaeltanto/Documents/Programming/AVTA_WS/install/cipher_node/lib/cipher_node/talker
[6.947s] -- Installing: /home/michaeltanto/Documents/Programming/AVTA_WS/install/cipher_node/lib/cipher_node/listener
[6.954s] -- Set runtime path of "/home/michaeltanto/Documents/Programming/AVTA_WS/install/cipher_node/lib/cipher_node/listener" to ""
[6.954s] -- Up-to-date: /home/michaeltanto/Documents/Programming/AVTA_WS/install/cipher_node/share/ament_index/resource_index/package_run_dependencies/cipher_node
[6.954s] -- Up-to-date: /home/michaeltanto/Documents/Programming/AVTA_WS/install/cipher_node/share/ament_index/resource_index/parent_prefix_path/cipher_node
[6.954s] -- Up-to-date: /home/michaeltanto/Documents/Programming/AVTA_WS/install/cipher_node/share/cipher_node/environment/ament_prefix_path.sh
[6.954s] -- Up-to-date: /home/michaeltanto/Documents/Programming/AVTA_WS/install/cipher_node/share/cipher_node/environment/ament_prefix_path.dsv
[6.954s] -- Up-to-date: /home/michaeltanto/Documents/Programming/AVTA_WS/install/cipher_node/share/cipher_node/environment/path.sh
[6.954s] -- Up-to-date: /home/michaeltanto/Documents/Programming/AVTA_WS/install/cipher_node/share/cipher_node/environment/path.dsv
[6.954s] -- Up-to-date: /home/michaeltanto/Documents/Programming/AVTA_WS/install/cipher_node/share/cipher_node/local_setup.bash
[6.954s] -- Up-to-date: /home/michaeltanto/Documents/Programming/AVTA_WS/install/cipher_node/share/cipher_node/local_setup.sh
[6.954s] -- Up-to-date: /home/michaeltanto/Documents/Programming/AVTA_WS/install/cipher_node/share/cipher_node/local_setup.zsh
[6.955s] -- Up-to-date: /home/michaeltanto/Documents/Programming/AVTA_WS/install/cipher_node/share/cipher_node/local_setup.dsv
[6.955s] -- Installing: /home/michaeltanto/Documents/Programming/AVTA_WS/install/cipher_node/share/cipher_node/package.dsv
[6.955s] -- Up-to-date: /home/michaeltanto/Documents/Programming/AVTA_WS/install/cipher_node/share/ament_index/resource_index/packages/cipher_node
[6.955s] -- Up-to-date: /home/michaeltanto/Documents/Programming/AVTA_WS/install/cipher_node/share/cipher_node/cmake/cipher_nodeConfig.cmake
[6.955s] -- Up-to-date: /home/michaeltanto/Documents/Programming/AVTA_WS/install/cipher_node/share/cipher_node/cmake/cipher_nodeConfig-version.cmake
[6.955s] -- Up-to-date: /home/michaeltanto/Documents/Programming/AVTA_WS/install/cipher_node/share/cipher_node/package.xml
[6.970s] Invoked command in '/home/michaeltanto/Documents/Programming/AVTA_WS/build/cipher_node' returned '0': CMAKE_PREFIX_PATH=${CMAKE_PREFIX_PATH}:/opt/ros/humble /usr/bin/cmake --install /home/michaeltanto/Documents/Programming/AVTA_WS/build/cipher_node
