[35m[1mConsolidate compiler generated dependencies of target listener[0m
[ 50%] [32mBuilding CXX object CMakeFiles/listener.dir/src/subscriber_member_function.cpp.o[0m
[ 75%] Built target talker
[01m[K/home/michaeltanto/Documents/Programming/AVTA_WS/src/cipher_node/src/subscriber_member_function.cpp:[m[K In member function ‘[01m[Kstd::string MinimalSubscriber::caesar_decipher(std::string, int) const[m[K’:
[01m[K/home/michaeltanto/Documents/Programming/AVTA_WS/src/cipher_node/src/subscriber_member_function.cpp:44:23:[m[K [01;35m[Kwarning: [m[Kcomparison of integer expressions of different signedness: ‘[01m[Kint[m[K’ and ‘[01m[Kstd::__cxx11::basic_string<char>::size_type[m[K’ {aka ‘[01m[Klong unsigned int[m[K’} [[01;35m[K]8;;https://gcc.gnu.org/onlinedocs/gcc/Warning-Options.html#index-Wsign-compare-Wsign-compare]8;;[m[K]
   44 |     for (int i = 0; [01;35m[Ki < text.length()[m[K; i++) {
      |                     [01;35m[K~~^~~~~~~~~~~~~~~[m[K
In file included from [01m[K/opt/ros/humble/include/rclcpp/rclcpp/logging.hpp:24[m[K,
                 from [01m[K/opt/ros/humble/include/rclcpp/rclcpp/client.hpp:40[m[K,
                 from [01m[K/opt/ros/humble/include/rclcpp/rclcpp/callback_group.hpp:24[m[K,
                 from [01m[K/opt/ros/humble/include/rclcpp/rclcpp/any_executable.hpp:20[m[K,
                 from [01m[K/opt/ros/humble/include/rclcpp/rclcpp/memory_strategy.hpp:25[m[K,
                 from [01m[K/opt/ros/humble/include/rclcpp/rclcpp/memory_strategies.hpp:18[m[K,
                 from [01m[K/opt/ros/humble/include/rclcpp/rclcpp/executor_options.hpp:20[m[K,
                 from [01m[K/opt/ros/humble/include/rclcpp/rclcpp/executor.hpp:37[m[K,
                 from [01m[K/opt/ros/humble/include/rclcpp/rclcpp/executors/multi_threaded_executor.hpp:25[m[K,
                 from [01m[K/opt/ros/humble/include/rclcpp/rclcpp/executors.hpp:21[m[K,
                 from [01m[K/opt/ros/humble/include/rclcpp/rclcpp/rclcpp.hpp:155[m[K,
                 from [01m[K/home/michaeltanto/Documents/Programming/AVTA_WS/src/cipher_node/src/subscriber_member_function.cpp:18[m[K:
[01m[K/home/michaeltanto/Documents/Programming/AVTA_WS/src/cipher_node/src/subscriber_member_function.cpp:[m[K In member function ‘[01m[Kvoid MinimalSubscriber::topic_callback(const CipherMessage&) const[m[K’:
[01m[K/home/michaeltanto/Documents/Programming/AVTA_WS/src/cipher_node/src/subscriber_member_function.cpp:69:37:[m[K [01;35m[Kwarning: [m[Kformat ‘[01m[K%s[m[K’ expects argument of type ‘[01m[Kchar*[m[K’, but argument 5 has type ‘[01m[Kconst _message_type[m[K’ {aka ‘[01m[Kconst std::__cxx11::basic_string<char>[m[K’} [[01;35m[K]8;;https://gcc.gnu.org/onlinedocs/gcc/Warning-Options.html#index-Wformat=-Wformat=]8;;[m[K]
   69 |     RCLCPP_INFO(this->get_logger(), [01;35m[K"Cipher received: '%s'"[m[K, msg.message);
      |                                     [01;35m[K^~~~~~~~~~~~~~~~~~~~~~~[m[K
[01m[K/home/michaeltanto/Documents/Programming/AVTA_WS/src/cipher_node/src/subscriber_member_function.cpp:69:57:[m[K [01;36m[Knote: [m[Kformat string is defined here
   69 |     RCLCPP_INFO(this->get_logger(), "Cipher received: '[01;36m[K%s[m[K'", msg.message);
      |                                                        [01;36m[K~^[m[K
      |                                                         [01;36m[K|[m[K
      |                                                         [01;36m[Kchar*[m[K
[01m[K/home/michaeltanto/Documents/Programming/AVTA_WS/src/cipher_node/src/subscriber_member_function.cpp:85:43:[m[K [01;31m[Kerror: [m[Kno matching function for call to ‘[01m[Kspin_until_future_complete(const MinimalSubscriber*, rclcpp::Client<cipher_interfaces::srv::CipherAnswer>::FutureAndRequestId&)[m[K’
   85 |     if ([01;31m[Krclcpp::spin_until_future_complete(this, result)[m[K == rclcpp::FutureReturnCode::SUCCESS)
      |         [01;31m[K~~~~~~~~~~~~~~~~~~~~~~~~~~~~~~~~~~^~~~~~~~~~~~~~[m[K
In file included from [01m[K/opt/ros/humble/include/rclcpp/rclcpp/rclcpp.hpp:155[m[K,
                 from [01m[K/home/michaeltanto/Documents/Programming/AVTA_WS/src/cipher_node/src/subscriber_member_function.cpp:18[m[K:
[01m[K/opt/ros/humble/include/rclcpp/rclcpp/executors.hpp:105:1:[m[K [01;36m[Knote: [m[Kcandidate: ‘[01m[Ktemplate<class FutureT, class TimeRepT, class TimeT> rclcpp::FutureReturnCode rclcpp::spin_until_future_complete(rclcpp::node_interfaces::NodeBaseInterface::SharedPtr, const FutureT&, std::chrono::duration<_Rep, _Period>)[m[K’
  105 | [01;36m[Kspin_until_future_complete[m[K(
      | [01;36m[K^~~~~~~~~~~~~~~~~~~~~~~~~~[m[K
[01m[K/opt/ros/humble/include/rclcpp/rclcpp/executors.hpp:105:1:[m[K [01;36m[Knote: [m[K  template argument deduction/substitution failed:
[01m[K/home/michaeltanto/Documents/Programming/AVTA_WS/src/cipher_node/src/subscriber_member_function.cpp:85:44:[m[K [01;36m[Knote: [m[K  cannot convert ‘[01m[K(const MinimalSubscriber*)this[m[K’ (type ‘[01m[Kconst MinimalSubscriber*[m[K’) to type ‘[01m[Krclcpp::node_interfaces::NodeBaseInterface::SharedPtr[m[K’ {aka ‘[01m[Kstd::shared_ptr<rclcpp::node_interfaces::NodeBaseInterface>[m[K’}
   85 |     if (rclcpp::spin_until_future_complete([01;36m[Kthis[m[K, result) == rclcpp::FutureReturnCode::SUCCESS)
      |                                            [01;36m[K^~~~[m[K
In file included from [01m[K/opt/ros/humble/include/rclcpp/rclcpp/rclcpp.hpp:155[m[K,
                 from [01m[K/home/michaeltanto/Documents/Programming/AVTA_WS/src/cipher_node/src/subscriber_member_function.cpp:18[m[K:
[01m[K/opt/ros/humble/include/rclcpp/rclcpp/executors.hpp:117:1:[m[K [01;36m[Knote: [m[Kcandidate: ‘[01m[Ktemplate<class NodeT, class FutureT, class TimeRepT, class TimeT> rclcpp::FutureReturnCode rclcpp::spin_until_future_complete(std::shared_ptr<_Tp>, const FutureT&, std::chrono::duration<_Rep2, _Period2>)[m[K’
  117 | [01;36m[Kspin_until_future_complete[m[K(
      | [01;36m[K^~~~~~~~~~~~~~~~~~~~~~~~~~[m[K
[01m[K/opt/ros/humble/include/rclcpp/rclcpp/executors.hpp:117:1:[m[K [01;36m[Knote: [m[K  template argument deduction/substitution failed:
[01m[K/home/michaeltanto/Documents/Programming/AVTA_WS/src/cipher_node/src/subscriber_member_function.cpp:85:43:[m[K [01;36m[Knote: [m[K  mismatched types ‘[01m[Kstd::shared_ptr<_Tp>[m[K’ and ‘[01m[Kconst MinimalSubscriber*[m[K’
   85 |     if ([01;36m[Krclcpp::spin_until_future_complete(this, result)[m[K == rclcpp::FutureReturnCode::SUCCESS)
      |         [01;36m[K~~~~~~~~~~~~~~~~~~~~~~~~~~~~~~~~~~^~~~~~~~~~~~~~[m[K
gmake[2]: *** [CMakeFiles/listener.dir/build.make:76: CMakeFiles/listener.dir/src/subscriber_member_function.cpp.o] Error 1
gmake[1]: *** [CMakeFiles/Makefile2:165: CMakeFiles/listener.dir/all] Error 2
gmake: *** [Makefile:146: all] Error 2
