[0.026s] Invoking command in '/home/michaeltanto/Documents/Programming/AVTA_WS/build/tutorial_interfaces': CMAKE_PREFIX_PATH=/opt/ros/humble /usr/bin/cmake /home/michaeltanto/Documents/Programming/AVTA_WS/src/tutorial_interfaces -DCMAKE_INSTALL_PREFIX=/home/michaeltanto/Documents/Programming/AVTA_WS/install/tutorial_interfaces
[0.099s] -- The C compiler identification is GNU 11.4.0
[0.166s] -- The CXX compiler identification is GNU 11.4.0
[0.175s] -- Detecting C compiler ABI info
[0.239s] -- Detecting C compiler ABI info - done
[0.245s] -- Check for working C compiler: /usr/bin/cc - skipped
[0.245s] -- Detecting C compile features
[0.246s] -- Detecting C compile features - done
[0.248s] -- Detecting CXX compiler ABI info
[0.297s] -- Detecting CXX compiler ABI info - done
[0.302s] -- Check for working CXX compiler: /usr/bin/c++ - skipped
[0.303s] -- Detecting CXX compile features
[0.303s] -- Detecting CXX compile features - done
[0.305s] -- Found ament_cmake: 1.3.10 (/opt/ros/humble/share/ament_cmake/cmake)
[0.405s] -- Found Python3: /usr/bin/python3 (found version "3.10.12") found components: Interpreter 
[0.476s] -- Found ament_lint_auto: 0.12.11 (/opt/ros/humble/share/ament_lint_auto/cmake)
[0.540s] -- Added test 'lint_cmake' to check CMake code style
[0.541s] -- Added test 'xmllint' to check XML markup files
[0.541s] -- Configuring done
[0.543s] -- Generating done
[0.544s] -- Build files have been written to: /home/michaeltanto/Documents/Programming/AVTA_WS/build/tutorial_interfaces
