[0.008s] Invoking command in '/home/michaeltanto/Documents/Programming/AVTA_WS/build/cipher_node': CMAKE_PREFIX_PATH=${CMAKE_PREFIX_PATH}:/opt/ros/humble /usr/bin/cmake /home/michaeltanto/Documents/Programming/AVTA_WS/src/cipher_node -DCMAKE_INSTALL_PREFIX=/home/michaeltanto/Documents/Programming/AVTA_WS/install/cipher_node
[0.021s] -- Found ament_cmake: 1.3.10 (/opt/ros/humble/share/ament_cmake/cmake)
[0.108s] -- Found rclcpp: 16.0.10 (/opt/ros/humble/share/rclcpp/cmake)
[0.142s] -- Found rosidl_generator_c: 3.1.5 (/opt/ros/humble/share/rosidl_generator_c/cmake)
[0.144s] -- Found rosidl_adapter: 3.1.5 (/opt/ros/humble/share/rosidl_adapter/cmake)
[0.148s] -- Found rosidl_generator_cpp: 3.1.5 (/opt/ros/humble/share/rosidl_generator_cpp/cmake)
[0.154s] -- Using all available rosidl_typesupport_c: rosidl_typesupport_fastrtps_c;rosidl_typesupport_introspection_c
[0.162s] -- Using all available rosidl_typesupport_cpp: rosidl_typesupport_fastrtps_cpp;rosidl_typesupport_introspection_cpp
[0.183s] -- Found rmw_implementation_cmake: 6.1.2 (/opt/ros/humble/share/rmw_implementation_cmake/cmake)
[0.184s] -- Found rmw_fastrtps_cpp: 6.2.7 (/opt/ros/humble/share/rmw_fastrtps_cpp/cmake)
[0.260s] -- Using RMW implementation 'rmw_fastrtps_cpp' as default
[0.344s] -- Configuring done
[0.353s] -- Generating done
[0.354s] -- Build files have been written to: /home/michaeltanto/Documents/Programming/AVTA_WS/build/cipher_node
[0.360s] Invoked command in '/home/michaeltanto/Documents/Programming/AVTA_WS/build/cipher_node' returned '0': CMAKE_PREFIX_PATH=${CMAKE_PREFIX_PATH}:/opt/ros/humble /usr/bin/cmake /home/michaeltanto/Documents/Programming/AVTA_WS/src/cipher_node -DCMAKE_INSTALL_PREFIX=/home/michaeltanto/Documents/Programming/AVTA_WS/install/cipher_node
[0.360s] Invoking command in '/home/michaeltanto/Documents/Programming/AVTA_WS/build/cipher_node': CMAKE_PREFIX_PATH=${CMAKE_PREFIX_PATH}:/opt/ros/humble /usr/bin/cmake --build /home/michaeltanto/Documents/Programming/AVTA_WS/build/cipher_node -- -j4 -l4
[0.389s] [ 50%] [32mBuilding CXX object CMakeFiles/listener.dir/src/subscriber_member_function.cpp.o[0m
[0.390s] [ 50%] [32mBuilding CXX object CMakeFiles/talker.dir/src/publisher_member_function.cpp.o[0m
[3.983s] [ 75%] [32m[1mLinking CXX executable talker[0m
[4.172s] [ 75%] Built target talker
[6.589s] [100%] [32m[1mLinking CXX executable listener[0m
[6.860s] [100%] Built target listener
[6.871s] Invoked command in '/home/michaeltanto/Documents/Programming/AVTA_WS/build/cipher_node' returned '0': CMAKE_PREFIX_PATH=${CMAKE_PREFIX_PATH}:/opt/ros/humble /usr/bin/cmake --build /home/michaeltanto/Documents/Programming/AVTA_WS/build/cipher_node -- -j4 -l4
[6.895s] Invoking command in '/home/michaeltanto/Documents/Programming/AVTA_WS/build/cipher_node': CMAKE_PREFIX_PATH=${CMAKE_PREFIX_PATH}:/opt/ros/humble /usr/bin/cmake --install /home/michaeltanto/Documents/Programming/AVTA_WS/build/cipher_node
[6.910s] -- Install configuration: ""
[6.912s] -- Installing: /home/michaeltanto/Documents/Programming/AVTA_WS/install/cipher_node/lib/cipher_node/talker
[6.920s] -- Set runtime path of "/home/michaeltanto/Documents/Programming/AVTA_WS/install/cipher_node/lib/cipher_node/talker" to ""
[6.920s] -- Installing: /home/michaeltanto/Documents/Programming/AVTA_WS/install/cipher_node/lib/cipher_node/listener
[6.923s] -- Set runtime path of "/home/michaeltanto/Documents/Programming/AVTA_WS/install/cipher_node/lib/cipher_node/listener" to ""
[6.924s] -- Installing: /home/michaeltanto/Documents/Programming/AVTA_WS/install/cipher_node/share/ament_index/resource_index/package_run_dependencies/cipher_node
[6.924s] -- Installing: /home/michaeltanto/Documents/Programming/AVTA_WS/install/cipher_node/share/ament_index/resource_index/parent_prefix_path/cipher_node
[6.924s] -- Installing: /home/michaeltanto/Documents/Programming/AVTA_WS/install/cipher_node/share/cipher_node/environment/ament_prefix_path.sh
[6.924s] -- Installing: /home/michaeltanto/Documents/Programming/AVTA_WS/install/cipher_node/share/cipher_node/environment/ament_prefix_path.dsv
[6.925s] -- Installing: /home/michaeltanto/Documents/Programming/AVTA_WS/install/cipher_node/share/cipher_node/environment/path.sh
[6.925s] -- Installing: /home/michaeltanto/Documents/Programming/AVTA_WS/install/cipher_node/share/cipher_node/environment/path.dsv
[6.925s] -- Installing: /home/michaeltanto/Documents/Programming/AVTA_WS/install/cipher_node/share/cipher_node/local_setup.bash
[6.925s] -- Installing: /home/michaeltanto/Documents/Programming/AVTA_WS/install/cipher_node/share/cipher_node/local_setup.sh
[6.925s] -- Installing: /home/michaeltanto/Documents/Programming/AVTA_WS/install/cipher_node/share/cipher_node/local_setup.zsh
[6.928s] -- Installing: /home/michaeltanto/Documents/Programming/AVTA_WS/install/cipher_node/share/cipher_node/local_setup.dsv
[6.928s] -- Installing: /home/michaeltanto/Documents/Programming/AVTA_WS/install/cipher_node/share/cipher_node/package.dsv
[6.929s] -- Installing: /home/michaeltanto/Documents/Programming/AVTA_WS/install/cipher_node/share/ament_index/resource_index/packages/cipher_node
[6.929s] -- Installing: /home/michaeltanto/Documents/Programming/AVTA_WS/install/cipher_node/share/cipher_node/cmake/cipher_nodeConfig.cmake
[6.929s] -- Installing: /home/michaeltanto/Documents/Programming/AVTA_WS/install/cipher_node/share/cipher_node/cmake/cipher_nodeConfig-version.cmake
[6.929s] -- Installing: /home/michaeltanto/Documents/Programming/AVTA_WS/install/cipher_node/share/cipher_node/package.xml
[6.931s] Invoked command in '/home/michaeltanto/Documents/Programming/AVTA_WS/build/cipher_node' returned '0': CMAKE_PREFIX_PATH=${CMAKE_PREFIX_PATH}:/opt/ros/humble /usr/bin/cmake --install /home/michaeltanto/Documents/Programming/AVTA_WS/build/cipher_node
