[0.007s] Invoking command in '/home/michaeltanto/Documents/Programming/AVTA_WS/build/cipher_interfaces': CMAKE_PREFIX_PATH=/opt/ros/humble /usr/bin/cmake /home/michaeltanto/Documents/Programming/AVTA_WS/src/cipher_interfaces -DCMAKE_INSTALL_PREFIX=/home/michaeltanto/Documents/Programming/AVTA_WS/install/cipher_interfaces
[0.201s] -- The C compiler identification is GNU 11.4.0
[0.366s] -- The CXX compiler identification is GNU 11.4.0
[0.377s] -- Detecting C compiler ABI info
[0.423s] -- Detecting C compiler ABI info - done
[0.429s] -- Check for working C compiler: /usr/bin/cc - skipped
[0.429s] -- Detecting C compile features
[0.430s] -- Detecting C compile features - done
[0.434s] -- Detecting CXX compiler ABI info
[0.506s] -- Detecting CXX compiler ABI info - done
[0.512s] -- Check for working CXX compiler: /usr/bin/c++ - skipped
[0.513s] -- Detecting CXX compile features
[0.513s] -- Detecting CXX compile features - done
[0.530s] -- Found ament_cmake: 1.3.10 (/opt/ros/humble/share/ament_cmake/cmake)
[0.662s] -- Found Python3: /usr/bin/python3 (found version "3.10.12") found components: Interpreter 
[0.726s] -- Found rosidl_default_generators: 1.2.0 (/opt/ros/humble/share/rosidl_default_generators/cmake)
[0.731s] -- Using all available rosidl_typesupport_c: rosidl_typesupport_fastrtps_c;rosidl_typesupport_introspection_c
[0.739s] -- Found rosidl_adapter: 3.1.5 (/opt/ros/humble/share/rosidl_adapter/cmake)
[0.800s] -- Using all available rosidl_typesupport_cpp: rosidl_typesupport_fastrtps_cpp;rosidl_typesupport_introspection_cpp
[0.831s] -- Found std_msgs: 4.2.4 (/opt/ros/humble/share/std_msgs/cmake)
[1.104s] -- Found ament_cmake_ros: 0.10.0 (/opt/ros/humble/share/ament_cmake_ros/cmake)
[1.364s] -- Using all available rosidl_typesupport_c: rosidl_typesupport_fastrtps_c;rosidl_typesupport_introspection_c
[1.575s] -- Using all available rosidl_typesupport_cpp: rosidl_typesupport_fastrtps_cpp;rosidl_typesupport_introspection_cpp
[1.589s] -- Found PythonInterp: /usr/bin/python3 (found suitable version "3.10.12", minimum required is "3.6") 
[1.591s] -- Found python_cmake_module: 0.10.0 (/opt/ros/humble/share/python_cmake_module/cmake)
[1.610s] -- Found PythonLibs: /usr/lib/aarch64-linux-gnu/libpython3.10.so (found suitable version "3.10.12", minimum required is "3.5") 
[1.610s] -- Using PYTHON_EXECUTABLE: /usr/bin/python3
[1.610s] -- Using PYTHON_INCLUDE_DIRS: /usr/include/python3.10
[1.610s] -- Using PYTHON_LIBRARIES: /usr/lib/aarch64-linux-gnu/libpython3.10.so
[1.623s] -- Found PythonExtra: .so  
[1.682s] -- Configuring done
[1.702s] -- Generating done
[1.703s] -- Build files have been written to: /home/michaeltanto/Documents/Programming/AVTA_WS/build/cipher_interfaces
[1.707s] Invoked command in '/home/michaeltanto/Documents/Programming/AVTA_WS/build/cipher_interfaces' returned '0': CMAKE_PREFIX_PATH=/opt/ros/humble /usr/bin/cmake /home/michaeltanto/Documents/Programming/AVTA_WS/src/cipher_interfaces -DCMAKE_INSTALL_PREFIX=/home/michaeltanto/Documents/Programming/AVTA_WS/install/cipher_interfaces
[1.709s] Invoking command in '/home/michaeltanto/Documents/Programming/AVTA_WS/build/cipher_interfaces': CMAKE_PREFIX_PATH=/opt/ros/humble /usr/bin/cmake --build /home/michaeltanto/Documents/Programming/AVTA_WS/build/cipher_interfaces -- -j4 -l4
[1.736s] [  2%] [34m[1mGenerating C code for ROS interfaces[0m
[1.736s] [  5%] [34m[1mGenerating C++ code for ROS interfaces[0m
[1.748s] [  5%] Built target ament_cmake_python_copy_cipher_interfaces
[1.940s] running egg_info
[1.940s] creating cipher_interfaces.egg-info
[1.941s] writing cipher_interfaces.egg-info/PKG-INFO
[1.941s] writing dependency_links to cipher_interfaces.egg-info/dependency_links.txt
[1.942s] writing top-level names to cipher_interfaces.egg-info/top_level.txt
[1.942s] writing manifest file 'cipher_interfaces.egg-info/SOURCES.txt'
[1.964s] reading manifest file 'cipher_interfaces.egg-info/SOURCES.txt'
[1.965s] writing manifest file 'cipher_interfaces.egg-info/SOURCES.txt'
[1.980s] [  5%] Built target ament_cmake_python_build_cipher_interfaces_egg
[2.032s] [  5%] Built target cipher_interfaces__cpp
[2.059s] [  7%] [34m[1mGenerating C++ type support dispatch for ROS interfaces[0m
[2.065s] [ 10%] [34m[1mGenerating C++ type support for eProsima Fast-RTPS[0m
[2.076s] [ 12%] [34m[1mGenerating C++ introspection for ROS interfaces[0m
[2.087s] [ 15%] [32mBuilding C object CMakeFiles/cipher_interfaces__rosidl_generator_c.dir/rosidl_generator_c/cipher_interfaces/msg/detail/cipher_message__functions.c.o[0m
[2.209s] [ 17%] [32mBuilding C object CMakeFiles/cipher_interfaces__rosidl_generator_c.dir/rosidl_generator_c/cipher_interfaces/srv/detail/cipher_answer__functions.c.o[0m
[2.243s] [ 20%] [32mBuilding CXX object CMakeFiles/cipher_interfaces__rosidl_typesupport_cpp.dir/rosidl_typesupport_cpp/cipher_interfaces/msg/cipher_message__type_support.cpp.o[0m
[2.272s] [ 23%] [32m[1mLinking C shared library libcipher_interfaces__rosidl_generator_c.so[0m
[2.299s] [ 23%] Built target cipher_interfaces__rosidl_generator_c
[2.304s] [ 25%] [32mBuilding CXX object CMakeFiles/cipher_interfaces__rosidl_typesupport_cpp.dir/rosidl_typesupport_cpp/cipher_interfaces/srv/cipher_answer__type_support.cpp.o[0m
[2.317s] [ 28%] [32mBuilding CXX object CMakeFiles/cipher_interfaces__rosidl_typesupport_fastrtps_cpp.dir/rosidl_typesupport_fastrtps_cpp/cipher_interfaces/msg/detail/dds_fastrtps/cipher_message__type_support.cpp.o[0m
[2.335s] [ 30%] [32mBuilding CXX object CMakeFiles/cipher_interfaces__rosidl_typesupport_introspection_cpp.dir/rosidl_typesupport_introspection_cpp/cipher_interfaces/msg/detail/cipher_message__type_support.cpp.o[0m
[2.608s] [ 35%] [32m[1mLinking CXX shared library libcipher_interfaces__rosidl_typesupport_cpp.so[0m
[2.608s] [ 35%] [34m[1mGenerating C type support for eProsima Fast-RTPS[0m
[2.684s] [ 35%] Built target cipher_interfaces__rosidl_typesupport_cpp
[2.689s] [ 38%] [32mBuilding CXX object CMakeFiles/cipher_interfaces__rosidl_typesupport_fastrtps_cpp.dir/rosidl_typesupport_fastrtps_cpp/cipher_interfaces/srv/detail/dds_fastrtps/cipher_answer__type_support.cpp.o[0m
[2.840s] [ 41%] [32mBuilding CXX object CMakeFiles/cipher_interfaces__rosidl_typesupport_introspection_cpp.dir/rosidl_typesupport_introspection_cpp/cipher_interfaces/srv/detail/cipher_answer__type_support.cpp.o[0m
[2.884s] [ 43%] [34m[1mGenerating C introspection for ROS interfaces[0m
[2.933s] [ 46%] [32mBuilding CXX object CMakeFiles/cipher_interfaces__rosidl_typesupport_fastrtps_c.dir/rosidl_typesupport_fastrtps_c/cipher_interfaces/msg/detail/cipher_message__type_support_c.cpp.o[0m
[3.043s] [ 48%] [32m[1mLinking CXX shared library libcipher_interfaces__rosidl_typesupport_fastrtps_cpp.so[0m
[3.118s] [ 48%] Built target cipher_interfaces__rosidl_typesupport_fastrtps_cpp
[3.128s] [ 51%] [34m[1mGenerating C type support dispatch for ROS interfaces[0m
[3.137s] [ 53%] [32mBuilding C object CMakeFiles/cipher_interfaces__rosidl_typesupport_introspection_c.dir/rosidl_typesupport_introspection_c/cipher_interfaces/msg/detail/cipher_message__type_support.c.o[0m
[3.161s] [ 56%] [32m[1mLinking CXX shared library libcipher_interfaces__rosidl_typesupport_introspection_cpp.so[0m
[3.189s] [ 58%] [32mBuilding C object CMakeFiles/cipher_interfaces__rosidl_typesupport_introspection_c.dir/rosidl_typesupport_introspection_c/cipher_interfaces/srv/detail/cipher_answer__type_support.c.o[0m
[3.222s] [ 61%] [32m[1mLinking C shared library libcipher_interfaces__rosidl_typesupport_introspection_c.so[0m
[3.228s] [ 64%] [32mBuilding CXX object CMakeFiles/cipher_interfaces__rosidl_typesupport_fastrtps_c.dir/rosidl_typesupport_fastrtps_c/cipher_interfaces/srv/detail/cipher_answer__type_support_c.cpp.o[0m
[3.232s] [ 64%] Built target cipher_interfaces__rosidl_typesupport_introspection_cpp
[3.252s] [ 64%] Built target cipher_interfaces__rosidl_typesupport_introspection_c
[3.334s] [ 66%] [32mBuilding CXX object CMakeFiles/cipher_interfaces__rosidl_typesupport_c.dir/rosidl_typesupport_c/cipher_interfaces/srv/cipher_answer__type_support.cpp.o[0m
[3.336s] [ 69%] [32mBuilding CXX object CMakeFiles/cipher_interfaces__rosidl_typesupport_c.dir/rosidl_typesupport_c/cipher_interfaces/msg/cipher_message__type_support.cpp.o[0m
[3.381s] [ 71%] [32m[1mLinking CXX shared library libcipher_interfaces__rosidl_typesupport_c.so[0m
[3.406s] [ 71%] Built target cipher_interfaces__rosidl_typesupport_c
[3.483s] [ 74%] [32m[1mLinking CXX shared library libcipher_interfaces__rosidl_typesupport_fastrtps_c.so[0m
[3.525s] [ 74%] Built target cipher_interfaces__rosidl_typesupport_fastrtps_c
[3.537s] [ 74%] Built target cipher_interfaces
[3.550s] [ 76%] [34m[1mGenerating Python code for ROS interfaces[0m
[3.884s] [ 76%] Built target cipher_interfaces__py
[3.895s] [ 82%] [32mBuilding C object CMakeFiles/cipher_interfaces__rosidl_generator_py.dir/rosidl_generator_py/cipher_interfaces/msg/_cipher_message_s.c.o[0m
[3.895s] [ 82%] [32mBuilding C object CMakeFiles/cipher_interfaces__rosidl_generator_py.dir/rosidl_generator_py/cipher_interfaces/srv/_cipher_answer_s.c.o[0m
[4.014s] [ 84%] [32m[1mLinking C shared library rosidl_generator_py/cipher_interfaces/libcipher_interfaces__rosidl_generator_py.so[0m
[4.036s] [ 84%] Built target cipher_interfaces__rosidl_generator_py
[4.047s] [ 89%] [32mBuilding C object CMakeFiles/cipher_interfaces__rosidl_typesupport_c__pyext.dir/rosidl_generator_py/cipher_interfaces/_cipher_interfaces_s.ep.rosidl_typesupport_c.c.o[0m
[4.048s] [ 89%] [32mBuilding C object CMakeFiles/cipher_interfaces__rosidl_typesupport_introspection_c__pyext.dir/rosidl_generator_py/cipher_interfaces/_cipher_interfaces_s.ep.rosidl_typesupport_introspection_c.c.o[0m
[4.048s] [ 92%] [32mBuilding C object CMakeFiles/cipher_interfaces__rosidl_typesupport_fastrtps_c__pyext.dir/rosidl_generator_py/cipher_interfaces/_cipher_interfaces_s.ep.rosidl_typesupport_fastrtps_c.c.o[0m
[4.132s] [ 94%] [32m[1mLinking C shared library rosidl_generator_py/cipher_interfaces/cipher_interfaces_s__rosidl_typesupport_c.cpython-310-aarch64-linux-gnu.so[0m
[4.132s] [ 97%] [32m[1mLinking C shared library rosidl_generator_py/cipher_interfaces/cipher_interfaces_s__rosidl_typesupport_introspection_c.cpython-310-aarch64-linux-gnu.so[0m
[4.132s] [100%] [32m[1mLinking C shared library rosidl_generator_py/cipher_interfaces/cipher_interfaces_s__rosidl_typesupport_fastrtps_c.cpython-310-aarch64-linux-gnu.so[0m
[4.150s] [100%] Built target cipher_interfaces__rosidl_typesupport_c__pyext
[4.151s] [100%] Built target cipher_interfaces__rosidl_typesupport_introspection_c__pyext
[4.155s] [100%] Built target cipher_interfaces__rosidl_typesupport_fastrtps_c__pyext
[4.183s] Invoked command in '/home/michaeltanto/Documents/Programming/AVTA_WS/build/cipher_interfaces' returned '0': CMAKE_PREFIX_PATH=/opt/ros/humble /usr/bin/cmake --build /home/michaeltanto/Documents/Programming/AVTA_WS/build/cipher_interfaces -- -j4 -l4
[4.228s] Invoking command in '/home/michaeltanto/Documents/Programming/AVTA_WS/build/cipher_interfaces': CMAKE_PREFIX_PATH=/opt/ros/humble /usr/bin/cmake --install /home/michaeltanto/Documents/Programming/AVTA_WS/build/cipher_interfaces
[4.233s] -- Install configuration: ""
[4.233s] -- Installing: /home/michaeltanto/Documents/Programming/AVTA_WS/install/cipher_interfaces/share/ament_index/resource_index/rosidl_interfaces/cipher_interfaces
[4.235s] -- Installing: /home/michaeltanto/Documents/Programming/AVTA_WS/install/cipher_interfaces/include/cipher_interfaces/cipher_interfaces
[4.235s] -- Installing: /home/michaeltanto/Documents/Programming/AVTA_WS/install/cipher_interfaces/include/cipher_interfaces/cipher_interfaces/msg
[4.235s] -- Installing: /home/michaeltanto/Documents/Programming/AVTA_WS/install/cipher_interfaces/include/cipher_interfaces/cipher_interfaces/msg/cipher_message.h
[4.235s] -- Installing: /home/michaeltanto/Documents/Programming/AVTA_WS/install/cipher_interfaces/include/cipher_interfaces/cipher_interfaces/msg/detail
[4.235s] -- Installing: /home/michaeltanto/Documents/Programming/AVTA_WS/install/cipher_interfaces/include/cipher_interfaces/cipher_interfaces/msg/detail/cipher_message__functions.c
[4.235s] -- Installing: /home/michaeltanto/Documents/Programming/AVTA_WS/install/cipher_interfaces/include/cipher_interfaces/cipher_interfaces/msg/detail/cipher_message__struct.h
[4.235s] -- Installing: /home/michaeltanto/Documents/Programming/AVTA_WS/install/cipher_interfaces/include/cipher_interfaces/cipher_interfaces/msg/detail/cipher_message__functions.h
[4.236s] -- Installing: /home/michaeltanto/Documents/Programming/AVTA_WS/install/cipher_interfaces/include/cipher_interfaces/cipher_interfaces/msg/detail/cipher_message__type_support.h
[4.236s] -- Installing: /home/michaeltanto/Documents/Programming/AVTA_WS/install/cipher_interfaces/include/cipher_interfaces/cipher_interfaces/msg/rosidl_generator_c__visibility_control.h
[4.236s] -- Installing: /home/michaeltanto/Documents/Programming/AVTA_WS/install/cipher_interfaces/include/cipher_interfaces/cipher_interfaces/srv
[4.238s] -- Installing: /home/michaeltanto/Documents/Programming/AVTA_WS/install/cipher_interfaces/include/cipher_interfaces/cipher_interfaces/srv/cipher_answer.h
[4.238s] -- Installing: /home/michaeltanto/Documents/Programming/AVTA_WS/install/cipher_interfaces/include/cipher_interfaces/cipher_interfaces/srv/detail
[4.238s] -- Installing: /home/michaeltanto/Documents/Programming/AVTA_WS/install/cipher_interfaces/include/cipher_interfaces/cipher_interfaces/srv/detail/cipher_answer__functions.c
[4.238s] -- Installing: /home/michaeltanto/Documents/Programming/AVTA_WS/install/cipher_interfaces/include/cipher_interfaces/cipher_interfaces/srv/detail/cipher_answer__struct.h
[4.238s] -- Installing: /home/michaeltanto/Documents/Programming/AVTA_WS/install/cipher_interfaces/include/cipher_interfaces/cipher_interfaces/srv/detail/cipher_answer__functions.h
[4.238s] -- Installing: /home/michaeltanto/Documents/Programming/AVTA_WS/install/cipher_interfaces/include/cipher_interfaces/cipher_interfaces/srv/detail/cipher_answer__type_support.h
[4.238s] -- Installing: /home/michaeltanto/Documents/Programming/AVTA_WS/install/cipher_interfaces/share/cipher_interfaces/environment/library_path.sh
[4.238s] -- Installing: /home/michaeltanto/Documents/Programming/AVTA_WS/install/cipher_interfaces/share/cipher_interfaces/environment/library_path.dsv
[4.239s] -- Installing: /home/michaeltanto/Documents/Programming/AVTA_WS/install/cipher_interfaces/lib/libcipher_interfaces__rosidl_generator_c.so
[4.239s] -- Set runtime path of "/home/michaeltanto/Documents/Programming/AVTA_WS/install/cipher_interfaces/lib/libcipher_interfaces__rosidl_generator_c.so" to ""
[4.239s] -- Up-to-date: /home/michaeltanto/Documents/Programming/AVTA_WS/install/cipher_interfaces/include/cipher_interfaces/cipher_interfaces
[4.239s] -- Up-to-date: /home/michaeltanto/Documents/Programming/AVTA_WS/install/cipher_interfaces/include/cipher_interfaces/cipher_interfaces/msg
[4.239s] -- Installing: /home/michaeltanto/Documents/Programming/AVTA_WS/install/cipher_interfaces/include/cipher_interfaces/cipher_interfaces/msg/rosidl_typesupport_fastrtps_c__visibility_control.h
[4.239s] -- Up-to-date: /home/michaeltanto/Documents/Programming/AVTA_WS/install/cipher_interfaces/include/cipher_interfaces/cipher_interfaces/msg/detail
[4.239s] -- Installing: /home/michaeltanto/Documents/Programming/AVTA_WS/install/cipher_interfaces/include/cipher_interfaces/cipher_interfaces/msg/detail/cipher_message__rosidl_typesupport_fastrtps_c.h
[4.239s] -- Up-to-date: /home/michaeltanto/Documents/Programming/AVTA_WS/install/cipher_interfaces/include/cipher_interfaces/cipher_interfaces/srv
[4.239s] -- Up-to-date: /home/michaeltanto/Documents/Programming/AVTA_WS/install/cipher_interfaces/include/cipher_interfaces/cipher_interfaces/srv/detail
[4.239s] -- Installing: /home/michaeltanto/Documents/Programming/AVTA_WS/install/cipher_interfaces/include/cipher_interfaces/cipher_interfaces/srv/detail/cipher_answer__rosidl_typesupport_fastrtps_c.h
[4.239s] -- Installing: /home/michaeltanto/Documents/Programming/AVTA_WS/install/cipher_interfaces/lib/libcipher_interfaces__rosidl_typesupport_fastrtps_c.so
[4.239s] -- Set runtime path of "/home/michaeltanto/Documents/Programming/AVTA_WS/install/cipher_interfaces/lib/libcipher_interfaces__rosidl_typesupport_fastrtps_c.so" to ""
[4.239s] -- Up-to-date: /home/michaeltanto/Documents/Programming/AVTA_WS/install/cipher_interfaces/include/cipher_interfaces/cipher_interfaces
[4.239s] -- Up-to-date: /home/michaeltanto/Documents/Programming/AVTA_WS/install/cipher_interfaces/include/cipher_interfaces/cipher_interfaces/msg
[4.239s] -- Up-to-date: /home/michaeltanto/Documents/Programming/AVTA_WS/install/cipher_interfaces/include/cipher_interfaces/cipher_interfaces/msg/detail
[4.239s] -- Installing: /home/michaeltanto/Documents/Programming/AVTA_WS/install/cipher_interfaces/include/cipher_interfaces/cipher_interfaces/msg/detail/cipher_message__type_support.c
[4.239s] -- Installing: /home/michaeltanto/Documents/Programming/AVTA_WS/install/cipher_interfaces/include/cipher_interfaces/cipher_interfaces/msg/detail/cipher_message__rosidl_typesupport_introspection_c.h
[4.239s] -- Installing: /home/michaeltanto/Documents/Programming/AVTA_WS/install/cipher_interfaces/include/cipher_interfaces/cipher_interfaces/msg/rosidl_typesupport_introspection_c__visibility_control.h
[4.239s] -- Up-to-date: /home/michaeltanto/Documents/Programming/AVTA_WS/install/cipher_interfaces/include/cipher_interfaces/cipher_interfaces/srv
[4.240s] -- Up-to-date: /home/michaeltanto/Documents/Programming/AVTA_WS/install/cipher_interfaces/include/cipher_interfaces/cipher_interfaces/srv/detail
[4.240s] -- Installing: /home/michaeltanto/Documents/Programming/AVTA_WS/install/cipher_interfaces/include/cipher_interfaces/cipher_interfaces/srv/detail/cipher_answer__rosidl_typesupport_introspection_c.h
[4.240s] -- Installing: /home/michaeltanto/Documents/Programming/AVTA_WS/install/cipher_interfaces/include/cipher_interfaces/cipher_interfaces/srv/detail/cipher_answer__type_support.c
[4.240s] -- Installing: /home/michaeltanto/Documents/Programming/AVTA_WS/install/cipher_interfaces/lib/libcipher_interfaces__rosidl_typesupport_introspection_c.so
[4.240s] -- Set runtime path of "/home/michaeltanto/Documents/Programming/AVTA_WS/install/cipher_interfaces/lib/libcipher_interfaces__rosidl_typesupport_introspection_c.so" to ""
[4.240s] -- Installing: /home/michaeltanto/Documents/Programming/AVTA_WS/install/cipher_interfaces/lib/libcipher_interfaces__rosidl_typesupport_c.so
[4.240s] -- Set runtime path of "/home/michaeltanto/Documents/Programming/AVTA_WS/install/cipher_interfaces/lib/libcipher_interfaces__rosidl_typesupport_c.so" to ""
[4.240s] -- Up-to-date: /home/michaeltanto/Documents/Programming/AVTA_WS/install/cipher_interfaces/include/cipher_interfaces/cipher_interfaces
[4.240s] -- Up-to-date: /home/michaeltanto/Documents/Programming/AVTA_WS/install/cipher_interfaces/include/cipher_interfaces/cipher_interfaces/msg
[4.240s] -- Installing: /home/michaeltanto/Documents/Programming/AVTA_WS/install/cipher_interfaces/include/cipher_interfaces/cipher_interfaces/msg/cipher_message.hpp
[4.240s] -- Up-to-date: /home/michaeltanto/Documents/Programming/AVTA_WS/install/cipher_interfaces/include/cipher_interfaces/cipher_interfaces/msg/detail
[4.240s] -- Installing: /home/michaeltanto/Documents/Programming/AVTA_WS/install/cipher_interfaces/include/cipher_interfaces/cipher_interfaces/msg/detail/cipher_message__traits.hpp
[4.240s] -- Installing: /home/michaeltanto/Documents/Programming/AVTA_WS/install/cipher_interfaces/include/cipher_interfaces/cipher_interfaces/msg/detail/cipher_message__struct.hpp
[4.240s] -- Installing: /home/michaeltanto/Documents/Programming/AVTA_WS/install/cipher_interfaces/include/cipher_interfaces/cipher_interfaces/msg/detail/cipher_message__builder.hpp
[4.240s] -- Up-to-date: /home/michaeltanto/Documents/Programming/AVTA_WS/install/cipher_interfaces/include/cipher_interfaces/cipher_interfaces/srv
[4.240s] -- Up-to-date: /home/michaeltanto/Documents/Programming/AVTA_WS/install/cipher_interfaces/include/cipher_interfaces/cipher_interfaces/srv/detail
[4.240s] -- Installing: /home/michaeltanto/Documents/Programming/AVTA_WS/install/cipher_interfaces/include/cipher_interfaces/cipher_interfaces/srv/detail/cipher_answer__builder.hpp
[4.240s] -- Installing: /home/michaeltanto/Documents/Programming/AVTA_WS/install/cipher_interfaces/include/cipher_interfaces/cipher_interfaces/srv/detail/cipher_answer__traits.hpp
[4.240s] -- Installing: /home/michaeltanto/Documents/Programming/AVTA_WS/install/cipher_interfaces/include/cipher_interfaces/cipher_interfaces/srv/detail/cipher_answer__struct.hpp
[4.240s] -- Installing: /home/michaeltanto/Documents/Programming/AVTA_WS/install/cipher_interfaces/include/cipher_interfaces/cipher_interfaces/srv/cipher_answer.hpp
[4.240s] -- Up-to-date: /home/michaeltanto/Documents/Programming/AVTA_WS/install/cipher_interfaces/include/cipher_interfaces/cipher_interfaces
[4.240s] -- Up-to-date: /home/michaeltanto/Documents/Programming/AVTA_WS/install/cipher_interfaces/include/cipher_interfaces/cipher_interfaces/msg
[4.241s] -- Installing: /home/michaeltanto/Documents/Programming/AVTA_WS/install/cipher_interfaces/include/cipher_interfaces/cipher_interfaces/msg/rosidl_typesupport_fastrtps_cpp__visibility_control.h
[4.241s] -- Up-to-date: /home/michaeltanto/Documents/Programming/AVTA_WS/install/cipher_interfaces/include/cipher_interfaces/cipher_interfaces/msg/detail
[4.241s] -- Installing: /home/michaeltanto/Documents/Programming/AVTA_WS/install/cipher_interfaces/include/cipher_interfaces/cipher_interfaces/msg/detail/dds_fastrtps
[4.241s] -- Installing: /home/michaeltanto/Documents/Programming/AVTA_WS/install/cipher_interfaces/include/cipher_interfaces/cipher_interfaces/msg/detail/cipher_message__rosidl_typesupport_fastrtps_cpp.hpp
[4.241s] -- Up-to-date: /home/michaeltanto/Documents/Programming/AVTA_WS/install/cipher_interfaces/include/cipher_interfaces/cipher_interfaces/srv
[4.241s] -- Up-to-date: /home/michaeltanto/Documents/Programming/AVTA_WS/install/cipher_interfaces/include/cipher_interfaces/cipher_interfaces/srv/detail
[4.241s] -- Installing: /home/michaeltanto/Documents/Programming/AVTA_WS/install/cipher_interfaces/include/cipher_interfaces/cipher_interfaces/srv/detail/cipher_answer__rosidl_typesupport_fastrtps_cpp.hpp
[4.241s] -- Installing: /home/michaeltanto/Documents/Programming/AVTA_WS/install/cipher_interfaces/include/cipher_interfaces/cipher_interfaces/srv/detail/dds_fastrtps
[4.241s] -- Installing: /home/michaeltanto/Documents/Programming/AVTA_WS/install/cipher_interfaces/lib/libcipher_interfaces__rosidl_typesupport_fastrtps_cpp.so
[4.241s] -- Set runtime path of "/home/michaeltanto/Documents/Programming/AVTA_WS/install/cipher_interfaces/lib/libcipher_interfaces__rosidl_typesupport_fastrtps_cpp.so" to ""
[4.241s] -- Up-to-date: /home/michaeltanto/Documents/Programming/AVTA_WS/install/cipher_interfaces/include/cipher_interfaces/cipher_interfaces
[4.241s] -- Up-to-date: /home/michaeltanto/Documents/Programming/AVTA_WS/install/cipher_interfaces/include/cipher_interfaces/cipher_interfaces/msg
[4.241s] -- Up-to-date: /home/michaeltanto/Documents/Programming/AVTA_WS/install/cipher_interfaces/include/cipher_interfaces/cipher_interfaces/msg/detail
[4.241s] -- Installing: /home/michaeltanto/Documents/Programming/AVTA_WS/install/cipher_interfaces/include/cipher_interfaces/cipher_interfaces/msg/detail/cipher_message__type_support.cpp
[4.241s] -- Installing: /home/michaeltanto/Documents/Programming/AVTA_WS/install/cipher_interfaces/include/cipher_interfaces/cipher_interfaces/msg/detail/cipher_message__rosidl_typesupport_introspection_cpp.hpp
[4.241s] -- Up-to-date: /home/michaeltanto/Documents/Programming/AVTA_WS/install/cipher_interfaces/include/cipher_interfaces/cipher_interfaces/srv
[4.241s] -- Up-to-date: /home/michaeltanto/Documents/Programming/AVTA_WS/install/cipher_interfaces/include/cipher_interfaces/cipher_interfaces/srv/detail
[4.242s] -- Installing: /home/michaeltanto/Documents/Programming/AVTA_WS/install/cipher_interfaces/include/cipher_interfaces/cipher_interfaces/srv/detail/cipher_answer__rosidl_typesupport_introspection_cpp.hpp
[4.242s] -- Installing: /home/michaeltanto/Documents/Programming/AVTA_WS/install/cipher_interfaces/include/cipher_interfaces/cipher_interfaces/srv/detail/cipher_answer__type_support.cpp
[4.242s] -- Installing: /home/michaeltanto/Documents/Programming/AVTA_WS/install/cipher_interfaces/lib/libcipher_interfaces__rosidl_typesupport_introspection_cpp.so
[4.242s] -- Set runtime path of "/home/michaeltanto/Documents/Programming/AVTA_WS/install/cipher_interfaces/lib/libcipher_interfaces__rosidl_typesupport_introspection_cpp.so" to ""
[4.242s] -- Installing: /home/michaeltanto/Documents/Programming/AVTA_WS/install/cipher_interfaces/lib/libcipher_interfaces__rosidl_typesupport_cpp.so
[4.242s] -- Set runtime path of "/home/michaeltanto/Documents/Programming/AVTA_WS/install/cipher_interfaces/lib/libcipher_interfaces__rosidl_typesupport_cpp.so" to ""
[4.242s] -- Installing: /home/michaeltanto/Documents/Programming/AVTA_WS/install/cipher_interfaces/share/cipher_interfaces/environment/pythonpath.sh
[4.242s] -- Installing: /home/michaeltanto/Documents/Programming/AVTA_WS/install/cipher_interfaces/share/cipher_interfaces/environment/pythonpath.dsv
[4.242s] -- Installing: /home/michaeltanto/Documents/Programming/AVTA_WS/install/cipher_interfaces/local/lib/python3.10/dist-packages/cipher_interfaces-0.0.0-py3.10.egg-info
[4.242s] -- Installing: /home/michaeltanto/Documents/Programming/AVTA_WS/install/cipher_interfaces/local/lib/python3.10/dist-packages/cipher_interfaces-0.0.0-py3.10.egg-info/top_level.txt
[4.242s] -- Installing: /home/michaeltanto/Documents/Programming/AVTA_WS/install/cipher_interfaces/local/lib/python3.10/dist-packages/cipher_interfaces-0.0.0-py3.10.egg-info/SOURCES.txt
[4.242s] -- Installing: /home/michaeltanto/Documents/Programming/AVTA_WS/install/cipher_interfaces/local/lib/python3.10/dist-packages/cipher_interfaces-0.0.0-py3.10.egg-info/PKG-INFO
[4.242s] -- Installing: /home/michaeltanto/Documents/Programming/AVTA_WS/install/cipher_interfaces/local/lib/python3.10/dist-packages/cipher_interfaces-0.0.0-py3.10.egg-info/dependency_links.txt
[4.242s] -- Installing: /home/michaeltanto/Documents/Programming/AVTA_WS/install/cipher_interfaces/local/lib/python3.10/dist-packages/cipher_interfaces
[4.242s] -- Installing: /home/michaeltanto/Documents/Programming/AVTA_WS/install/cipher_interfaces/local/lib/python3.10/dist-packages/cipher_interfaces/msg
[4.243s] -- Installing: /home/michaeltanto/Documents/Programming/AVTA_WS/install/cipher_interfaces/local/lib/python3.10/dist-packages/cipher_interfaces/msg/_cipher_message_s.c
[4.243s] -- Installing: /home/michaeltanto/Documents/Programming/AVTA_WS/install/cipher_interfaces/local/lib/python3.10/dist-packages/cipher_interfaces/msg/__init__.py
[4.243s] -- Installing: /home/michaeltanto/Documents/Programming/AVTA_WS/install/cipher_interfaces/local/lib/python3.10/dist-packages/cipher_interfaces/msg/_cipher_message.py
[4.243s] -- Installing: /home/michaeltanto/Documents/Programming/AVTA_WS/install/cipher_interfaces/local/lib/python3.10/dist-packages/cipher_interfaces/cipher_interfaces_s__rosidl_typesupport_introspection_c.cpython-310-aarch64-linux-gnu.so
[4.243s] -- Installing: /home/michaeltanto/Documents/Programming/AVTA_WS/install/cipher_interfaces/local/lib/python3.10/dist-packages/cipher_interfaces/libcipher_interfaces__rosidl_generator_py.so
[4.243s] -- Installing: /home/michaeltanto/Documents/Programming/AVTA_WS/install/cipher_interfaces/local/lib/python3.10/dist-packages/cipher_interfaces/_cipher_interfaces_s.ep.rosidl_typesupport_introspection_c.c
[4.243s] -- Installing: /home/michaeltanto/Documents/Programming/AVTA_WS/install/cipher_interfaces/local/lib/python3.10/dist-packages/cipher_interfaces/cipher_interfaces_s__rosidl_typesupport_c.cpython-310-aarch64-linux-gnu.so
[4.243s] -- Installing: /home/michaeltanto/Documents/Programming/AVTA_WS/install/cipher_interfaces/local/lib/python3.10/dist-packages/cipher_interfaces/_cipher_interfaces_s.ep.rosidl_typesupport_fastrtps_c.c
[4.243s] -- Installing: /home/michaeltanto/Documents/Programming/AVTA_WS/install/cipher_interfaces/local/lib/python3.10/dist-packages/cipher_interfaces/cipher_interfaces_s__rosidl_typesupport_fastrtps_c.cpython-310-aarch64-linux-gnu.so
[4.243s] -- Installing: /home/michaeltanto/Documents/Programming/AVTA_WS/install/cipher_interfaces/local/lib/python3.10/dist-packages/cipher_interfaces/__init__.py
[4.243s] -- Installing: /home/michaeltanto/Documents/Programming/AVTA_WS/install/cipher_interfaces/local/lib/python3.10/dist-packages/cipher_interfaces/_cipher_interfaces_s.ep.rosidl_typesupport_c.c
[4.243s] -- Installing: /home/michaeltanto/Documents/Programming/AVTA_WS/install/cipher_interfaces/local/lib/python3.10/dist-packages/cipher_interfaces/srv
[4.243s] -- Installing: /home/michaeltanto/Documents/Programming/AVTA_WS/install/cipher_interfaces/local/lib/python3.10/dist-packages/cipher_interfaces/srv/__init__.py
[4.243s] -- Installing: /home/michaeltanto/Documents/Programming/AVTA_WS/install/cipher_interfaces/local/lib/python3.10/dist-packages/cipher_interfaces/srv/_cipher_answer_s.c
[4.243s] -- Installing: /home/michaeltanto/Documents/Programming/AVTA_WS/install/cipher_interfaces/local/lib/python3.10/dist-packages/cipher_interfaces/srv/_cipher_answer.py
[4.288s] Listing '/home/michaeltanto/Documents/Programming/AVTA_WS/install/cipher_interfaces/local/lib/python3.10/dist-packages/cipher_interfaces'...
[4.288s] Compiling '/home/michaeltanto/Documents/Programming/AVTA_WS/install/cipher_interfaces/local/lib/python3.10/dist-packages/cipher_interfaces/__init__.py'...
[4.288s] Listing '/home/michaeltanto/Documents/Programming/AVTA_WS/install/cipher_interfaces/local/lib/python3.10/dist-packages/cipher_interfaces/msg'...
[4.288s] Compiling '/home/michaeltanto/Documents/Programming/AVTA_WS/install/cipher_interfaces/local/lib/python3.10/dist-packages/cipher_interfaces/msg/__init__.py'...
[4.288s] Compiling '/home/michaeltanto/Documents/Programming/AVTA_WS/install/cipher_interfaces/local/lib/python3.10/dist-packages/cipher_interfaces/msg/_cipher_message.py'...
[4.288s] Listing '/home/michaeltanto/Documents/Programming/AVTA_WS/install/cipher_interfaces/local/lib/python3.10/dist-packages/cipher_interfaces/srv'...
[4.288s] Compiling '/home/michaeltanto/Documents/Programming/AVTA_WS/install/cipher_interfaces/local/lib/python3.10/dist-packages/cipher_interfaces/srv/__init__.py'...
[4.288s] Compiling '/home/michaeltanto/Documents/Programming/AVTA_WS/install/cipher_interfaces/local/lib/python3.10/dist-packages/cipher_interfaces/srv/_cipher_answer.py'...
[4.288s] -- Installing: /home/michaeltanto/Documents/Programming/AVTA_WS/install/cipher_interfaces/local/lib/python3.10/dist-packages/cipher_interfaces/cipher_interfaces_s__rosidl_typesupport_fastrtps_c.cpython-310-aarch64-linux-gnu.so
[4.288s] -- Set runtime path of "/home/michaeltanto/Documents/Programming/AVTA_WS/install/cipher_interfaces/local/lib/python3.10/dist-packages/cipher_interfaces/cipher_interfaces_s__rosidl_typesupport_fastrtps_c.cpython-310-aarch64-linux-gnu.so" to ""
[4.288s] -- Installing: /home/michaeltanto/Documents/Programming/AVTA_WS/install/cipher_interfaces/local/lib/python3.10/dist-packages/cipher_interfaces/cipher_interfaces_s__rosidl_typesupport_introspection_c.cpython-310-aarch64-linux-gnu.so
[4.288s] -- Set runtime path of "/home/michaeltanto/Documents/Programming/AVTA_WS/install/cipher_interfaces/local/lib/python3.10/dist-packages/cipher_interfaces/cipher_interfaces_s__rosidl_typesupport_introspection_c.cpython-310-aarch64-linux-gnu.so" to ""
[4.288s] -- Installing: /home/michaeltanto/Documents/Programming/AVTA_WS/install/cipher_interfaces/local/lib/python3.10/dist-packages/cipher_interfaces/cipher_interfaces_s__rosidl_typesupport_c.cpython-310-aarch64-linux-gnu.so
[4.288s] -- Set runtime path of "/home/michaeltanto/Documents/Programming/AVTA_WS/install/cipher_interfaces/local/lib/python3.10/dist-packages/cipher_interfaces/cipher_interfaces_s__rosidl_typesupport_c.cpython-310-aarch64-linux-gnu.so" to ""
[4.288s] -- Installing: /home/michaeltanto/Documents/Programming/AVTA_WS/install/cipher_interfaces/lib/libcipher_interfaces__rosidl_generator_py.so
[4.289s] -- Set runtime path of "/home/michaeltanto/Documents/Programming/AVTA_WS/install/cipher_interfaces/lib/libcipher_interfaces__rosidl_generator_py.so" to ""
[4.289s] -- Installing: /home/michaeltanto/Documents/Programming/AVTA_WS/install/cipher_interfaces/share/cipher_interfaces/msg/CipherMessage.idl
[4.289s] -- Installing: /home/michaeltanto/Documents/Programming/AVTA_WS/install/cipher_interfaces/share/cipher_interfaces/srv/CipherAnswer.idl
[4.289s] -- Installing: /home/michaeltanto/Documents/Programming/AVTA_WS/install/cipher_interfaces/share/cipher_interfaces/msg/CipherMessage.msg
[4.289s] -- Installing: /home/michaeltanto/Documents/Programming/AVTA_WS/install/cipher_interfaces/share/cipher_interfaces/srv/CipherAnswer.srv
[4.289s] -- Installing: /home/michaeltanto/Documents/Programming/AVTA_WS/install/cipher_interfaces/share/cipher_interfaces/srv/CipherAnswer_Request.msg
[4.289s] -- Installing: /home/michaeltanto/Documents/Programming/AVTA_WS/install/cipher_interfaces/share/cipher_interfaces/srv/CipherAnswer_Response.msg
[4.289s] -- Installing: /home/michaeltanto/Documents/Programming/AVTA_WS/install/cipher_interfaces/share/ament_index/resource_index/package_run_dependencies/cipher_interfaces
[4.289s] -- Installing: /home/michaeltanto/Documents/Programming/AVTA_WS/install/cipher_interfaces/share/ament_index/resource_index/parent_prefix_path/cipher_interfaces
[4.289s] -- Installing: /home/michaeltanto/Documents/Programming/AVTA_WS/install/cipher_interfaces/share/cipher_interfaces/environment/ament_prefix_path.sh
[4.289s] -- Installing: /home/michaeltanto/Documents/Programming/AVTA_WS/install/cipher_interfaces/share/cipher_interfaces/environment/ament_prefix_path.dsv
[4.289s] -- Installing: /home/michaeltanto/Documents/Programming/AVTA_WS/install/cipher_interfaces/share/cipher_interfaces/environment/path.sh
[4.289s] -- Installing: /home/michaeltanto/Documents/Programming/AVTA_WS/install/cipher_interfaces/share/cipher_interfaces/environment/path.dsv
[4.289s] -- Installing: /home/michaeltanto/Documents/Programming/AVTA_WS/install/cipher_interfaces/share/cipher_interfaces/local_setup.bash
[4.289s] -- Installing: /home/michaeltanto/Documents/Programming/AVTA_WS/install/cipher_interfaces/share/cipher_interfaces/local_setup.sh
[4.289s] -- Installing: /home/michaeltanto/Documents/Programming/AVTA_WS/install/cipher_interfaces/share/cipher_interfaces/local_setup.zsh
[4.289s] -- Installing: /home/michaeltanto/Documents/Programming/AVTA_WS/install/cipher_interfaces/share/cipher_interfaces/local_setup.dsv
[4.290s] -- Installing: /home/michaeltanto/Documents/Programming/AVTA_WS/install/cipher_interfaces/share/cipher_interfaces/package.dsv
[4.290s] -- Installing: /home/michaeltanto/Documents/Programming/AVTA_WS/install/cipher_interfaces/share/ament_index/resource_index/packages/cipher_interfaces
[4.290s] -- Installing: /home/michaeltanto/Documents/Programming/AVTA_WS/install/cipher_interfaces/share/cipher_interfaces/cmake/export_cipher_interfaces__rosidl_generator_cExport.cmake
[4.292s] -- Installing: /home/michaeltanto/Documents/Programming/AVTA_WS/install/cipher_interfaces/share/cipher_interfaces/cmake/export_cipher_interfaces__rosidl_generator_cExport-noconfig.cmake
[4.292s] -- Installing: /home/michaeltanto/Documents/Programming/AVTA_WS/install/cipher_interfaces/share/cipher_interfaces/cmake/export_cipher_interfaces__rosidl_typesupport_fastrtps_cExport.cmake
[4.292s] -- Installing: /home/michaeltanto/Documents/Programming/AVTA_WS/install/cipher_interfaces/share/cipher_interfaces/cmake/export_cipher_interfaces__rosidl_typesupport_fastrtps_cExport-noconfig.cmake
[4.293s] -- Installing: /home/michaeltanto/Documents/Programming/AVTA_WS/install/cipher_interfaces/share/cipher_interfaces/cmake/cipher_interfaces__rosidl_typesupport_introspection_cExport.cmake
[4.294s] -- Installing: /home/michaeltanto/Documents/Programming/AVTA_WS/install/cipher_interfaces/share/cipher_interfaces/cmake/cipher_interfaces__rosidl_typesupport_introspection_cExport-noconfig.cmake
[4.294s] -- Installing: /home/michaeltanto/Documents/Programming/AVTA_WS/install/cipher_interfaces/share/cipher_interfaces/cmake/cipher_interfaces__rosidl_typesupport_cExport.cmake
[4.294s] -- Installing: /home/michaeltanto/Documents/Programming/AVTA_WS/install/cipher_interfaces/share/cipher_interfaces/cmake/cipher_interfaces__rosidl_typesupport_cExport-noconfig.cmake
[4.294s] -- Installing: /home/michaeltanto/Documents/Programming/AVTA_WS/install/cipher_interfaces/share/cipher_interfaces/cmake/export_cipher_interfaces__rosidl_generator_cppExport.cmake
[4.294s] -- Installing: /home/michaeltanto/Documents/Programming/AVTA_WS/install/cipher_interfaces/share/cipher_interfaces/cmake/export_cipher_interfaces__rosidl_typesupport_fastrtps_cppExport.cmake
[4.294s] -- Installing: /home/michaeltanto/Documents/Programming/AVTA_WS/install/cipher_interfaces/share/cipher_interfaces/cmake/export_cipher_interfaces__rosidl_typesupport_fastrtps_cppExport-noconfig.cmake
[4.294s] -- Installing: /home/michaeltanto/Documents/Programming/AVTA_WS/install/cipher_interfaces/share/cipher_interfaces/cmake/cipher_interfaces__rosidl_typesupport_introspection_cppExport.cmake
[4.294s] -- Installing: /home/michaeltanto/Documents/Programming/AVTA_WS/install/cipher_interfaces/share/cipher_interfaces/cmake/cipher_interfaces__rosidl_typesupport_introspection_cppExport-noconfig.cmake
[4.294s] -- Installing: /home/michaeltanto/Documents/Programming/AVTA_WS/install/cipher_interfaces/share/cipher_interfaces/cmake/cipher_interfaces__rosidl_typesupport_cppExport.cmake
[4.295s] -- Installing: /home/michaeltanto/Documents/Programming/AVTA_WS/install/cipher_interfaces/share/cipher_interfaces/cmake/cipher_interfaces__rosidl_typesupport_cppExport-noconfig.cmake
[4.295s] -- Installing: /home/michaeltanto/Documents/Programming/AVTA_WS/install/cipher_interfaces/share/cipher_interfaces/cmake/export_cipher_interfaces__rosidl_generator_pyExport.cmake
[4.295s] -- Installing: /home/michaeltanto/Documents/Programming/AVTA_WS/install/cipher_interfaces/share/cipher_interfaces/cmake/export_cipher_interfaces__rosidl_generator_pyExport-noconfig.cmake
[4.295s] -- Installing: /home/michaeltanto/Documents/Programming/AVTA_WS/install/cipher_interfaces/share/cipher_interfaces/cmake/rosidl_cmake-extras.cmake
[4.295s] -- Installing: /home/michaeltanto/Documents/Programming/AVTA_WS/install/cipher_interfaces/share/cipher_interfaces/cmake/ament_cmake_export_dependencies-extras.cmake
[4.296s] -- Installing: /home/michaeltanto/Documents/Programming/AVTA_WS/install/cipher_interfaces/share/cipher_interfaces/cmake/ament_cmake_export_include_directories-extras.cmake
[4.296s] -- Installing: /home/michaeltanto/Documents/Programming/AVTA_WS/install/cipher_interfaces/share/cipher_interfaces/cmake/ament_cmake_export_libraries-extras.cmake
[4.296s] -- Installing: /home/michaeltanto/Documents/Programming/AVTA_WS/install/cipher_interfaces/share/cipher_interfaces/cmake/ament_cmake_export_targets-extras.cmake
[4.296s] -- Installing: /home/michaeltanto/Documents/Programming/AVTA_WS/install/cipher_interfaces/share/cipher_interfaces/cmake/rosidl_cmake_export_typesupport_targets-extras.cmake
[4.296s] -- Installing: /home/michaeltanto/Documents/Programming/AVTA_WS/install/cipher_interfaces/share/cipher_interfaces/cmake/rosidl_cmake_export_typesupport_libraries-extras.cmake
[4.297s] -- Installing: /home/michaeltanto/Documents/Programming/AVTA_WS/install/cipher_interfaces/share/cipher_interfaces/cmake/cipher_interfacesConfig.cmake
[4.297s] -- Installing: /home/michaeltanto/Documents/Programming/AVTA_WS/install/cipher_interfaces/share/cipher_interfaces/cmake/cipher_interfacesConfig-version.cmake
[4.297s] -- Installing: /home/michaeltanto/Documents/Programming/AVTA_WS/install/cipher_interfaces/share/cipher_interfaces/package.xml
[4.297s] Invoked command in '/home/michaeltanto/Documents/Programming/AVTA_WS/build/cipher_interfaces' returned '0': CMAKE_PREFIX_PATH=/opt/ros/humble /usr/bin/cmake --install /home/michaeltanto/Documents/Programming/AVTA_WS/build/cipher_interfaces
